[INFO] [launch]: All log files can be found below /root/.ros/log/2026-05-16-23-49-15-615832-ead4cd957a4b-15914
[INFO] [launch]: Default logging verbosity is set to INFO
[INFO] [robot_state_publisher-1]: process started with pid [16588]
[INFO] [move_group-2]: process started with pid [16590]
[robot_state_publisher-1] [INFO] [1778975356.248755141] [franka_robot_state_publisher]: got segment panda_hand
[robot_state_publisher-1] [INFO] [1778975356.248845245] [franka_robot_state_publisher]: got segment panda_leftfinger
[robot_state_publisher-1] [INFO] [1778975356.248855445] [franka_robot_state_publisher]: got segment panda_link0
[robot_state_publisher-1] [INFO] [1778975356.248862566] [franka_robot_state_publisher]: got segment panda_link1
[robot_state_publisher-1] [INFO] [1778975356.248869546] [franka_robot_state_publisher]: got segment panda_link2
[robot_state_publisher-1] [INFO] [1778975356.248876416] [franka_robot_state_publisher]: got segment panda_link3
[robot_state_publisher-1] [INFO] [1778975356.248882997] [franka_robot_state_publisher]: got segment panda_link4
[robot_state_publisher-1] [INFO] [1778975356.248889907] [franka_robot_state_publisher]: got segment panda_link5
[robot_state_publisher-1] [INFO] [1778975356.248896427] [franka_robot_state_publisher]: got segment panda_link6
[robot_state_publisher-1] [INFO] [1778975356.248903067] [franka_robot_state_publisher]: got segment panda_link7
[robot_state_publisher-1] [INFO] [1778975356.248910008] [franka_robot_state_publisher]: got segment panda_link8
[robot_state_publisher-1] [INFO] [1778975356.248916858] [franka_robot_state_publisher]: got segment panda_rightfinger
[move_group-2] [INFO] [1778975356.292731793] [moveit_rdf_loader.rdf_loader]: Loaded robot model in 0 seconds
[move_group-2] [INFO] [1778975356.292815547] [moveit_robot_model.robot_model]: Loading robot model 'panda'...
[move_group-2] [INFO] [1778975356.329246191] [moveit_ros.planning_scene_monitor.planning_scene_monitor]: Publishing maintained planning scene on 'monitored_planning_scene'
[move_group-2] [INFO] [1778975356.329467591] [moveit.ros_planning_interface.moveit_cpp]: Listening to 'joint_states' for joint states
[move_group-2] [INFO] [1778975356.330398251] [moveit_ros.current_state_monitor]: Listening to joint states on topic 'joint_states'
[move_group-2] [INFO] [1778975356.330915444] [moveit_ros.planning_scene_monitor.planning_scene_monitor]: Listening to '/attached_collision_object' for attached collision objects
[move_group-2] [INFO] [1778975356.330931265] [moveit_ros.planning_scene_monitor.planning_scene_monitor]: Starting planning scene monitor
[move_group-2] [INFO] [1778975356.331978580] [moveit_ros.planning_scene_monitor.planning_scene_monitor]: Listening to '/planning_scene'
[move_group-2] [INFO] [1778975356.331995041] [moveit_ros.planning_scene_monitor.planning_scene_monitor]: Starting world geometry update monitor for collision objects, attached objects, octomap updates.
[move_group-2] [INFO] [1778975356.332372207] [moveit_ros.planning_scene_monitor.planning_scene_monitor]: Listening to 'collision_object'
[move_group-2] [INFO] [1778975356.332820937] [moveit_ros.planning_scene_monitor.planning_scene_monitor]: Listening to 'planning_scene_world' for planning scene world geometry
[move_group-2] [WARN] [1778975356.333120390] [moveit.ros.occupancy_map_monitor.middleware_handle]: Resolution not specified for Octomap. Assuming resolution = 0.1 instead
[move_group-2] [ERROR] [1778975356.333135610] [moveit.ros.occupancy_map_monitor.middleware_handle]: No 3D sensor plugin(s) defined for octomap updates
[move_group-2] [INFO] [1778975356.334029319] [moveit.ros_planning_interface.moveit_cpp]: Loading planning pipeline 'pilz_industrial_motion_planner'
[move_group-2] [INFO] [1778975356.337443928] [moveit.pilz_industrial_motion_planner.joint_limits_aggregator]: Reading limits from namespace robot_description_planning
[move_group-2] [WARN] [1778975356.339134391] [moveit.pilz_industrial_motion_planner.joint_limits_aggregator]: Multi-DOF-Joint 'virtual_joint' not supported.
[move_group-2] [WARN] [1778975356.339158682] [moveit.pilz_industrial_motion_planner.joint_limits_aggregator]: Multi-DOF-Joint 'virtual_joint' not supported.
[move_group-2] [ERROR] [1778975356.345694817] [move_group]: Parameter 'robot_description_planning.cartesian_limits.max_trans_vel', is not set in the config file.
[move_group-2] [ERROR] [1778975356.345837423] [move_group]: Parameter 'robot_description_planning.cartesian_limits.max_trans_acc', is not set in the config file.
[move_group-2] [ERROR] [1778975356.345916046] [move_group]: Parameter 'robot_description_planning.cartesian_limits.max_trans_dec', is not set in the config file.
[move_group-2] [ERROR] [1778975356.345994550] [move_group]: Parameter 'robot_description_planning.cartesian_limits.max_rot_vel', is not set in the config file.
[move_group-2] [INFO] [1778975356.346593576] [moveit.pilz_industrial_motion_planner]: Available plugins: pilz_industrial_motion_planner/PlanningContextLoaderCIRC pilz_industrial_motion_planner/PlanningContextLoaderLIN pilz_industrial_motion_planner/PlanningContextLoaderPTP
[move_group-2] [INFO] [1778975356.346605716] [moveit.pilz_industrial_motion_planner]: About to load: pilz_industrial_motion_planner/PlanningContextLoaderCIRC
[move_group-2] [INFO] [1778975356.347652852] [moveit.pilz_industrial_motion_planner]: Registered Algorithm [CIRC]
[move_group-2] [INFO] [1778975356.347662362] [moveit.pilz_industrial_motion_planner]: About to load: pilz_industrial_motion_planner/PlanningContextLoaderLIN
[move_group-2] [INFO] [1778975356.348383753] [moveit.pilz_industrial_motion_planner]: Registered Algorithm [LIN]
[move_group-2] [INFO] [1778975356.348392544] [moveit.pilz_industrial_motion_planner]: About to load: pilz_industrial_motion_planner/PlanningContextLoaderPTP
[move_group-2] [INFO] [1778975356.349100235] [moveit.pilz_industrial_motion_planner]: Registered Algorithm [PTP]
[move_group-2] [INFO] [1778975356.349114895] [moveit.ros_planning.planning_pipeline]: Using planning interface 'Pilz Industrial Motion Planner'
[move_group-2] [INFO] [1778975356.351728529] [moveit_ros.fix_workspace_bounds]: Param 'pilz_industrial_motion_planner.default_workspace_bounds' was not set. Using default value: 10.000000
[move_group-2] [INFO] [1778975356.351750280] [moveit_ros.fix_start_state_bounds]: Param 'pilz_industrial_motion_planner.start_state_max_bounds_error' was not set. Using default value: 0.050000
[move_group-2] [INFO] [1778975356.351756540] [moveit_ros.fix_start_state_bounds]: Param 'pilz_industrial_motion_planner.start_state_max_dt' was not set. Using default value: 0.500000
[move_group-2] [INFO] [1778975356.351769881] [moveit_ros.fix_start_state_collision]: Param 'pilz_industrial_motion_planner.start_state_max_dt' was not set. Using default value: 0.500000
[move_group-2] [INFO] [1778975356.351775501] [moveit_ros.fix_start_state_collision]: Param 'pilz_industrial_motion_planner.jiggle_fraction' was not set. Using default value: 0.020000
[move_group-2] [INFO] [1778975356.351783041] [moveit_ros.fix_start_state_collision]: Param 'pilz_industrial_motion_planner.max_sampling_attempts' was not set. Using default value: 100
[move_group-2] [INFO] [1778975356.351795582] [moveit.ros_planning.planning_pipeline]: Using planning request adapter 'Fix Workspace Bounds'
[move_group-2] [INFO] [1778975356.351800242] [moveit.ros_planning.planning_pipeline]: Using planning request adapter 'Fix Start State Bounds'
[move_group-2] [INFO] [1778975356.351804252] [moveit.ros_planning.planning_pipeline]: Using planning request adapter 'Fix Start State In Collision'
[move_group-2] [INFO] [1778975356.351808292] [moveit.ros_planning.planning_pipeline]: Using planning request adapter 'Fix Start State Path Constraints'
[move_group-2] [INFO] [1778975356.353087448] [moveit.ros_planning_interface.moveit_cpp]: Loading planning pipeline 'ompl'
[move_group-2] [INFO] [1778975356.368730379] [moveit.ros_planning.planning_pipeline]: Using planning interface 'OMPL'
[move_group-2] [INFO] [1778975356.370812999] [moveit_ros.add_time_optimal_parameterization]: Param 'ompl.path_tolerance' was not set. Using default value: 0.100000
[move_group-2] [INFO] [1778975356.370825780] [moveit_ros.add_time_optimal_parameterization]: Param 'ompl.resample_dt' was not set. Using default value: 0.100000
[move_group-2] [INFO] [1778975356.370830970] [moveit_ros.add_time_optimal_parameterization]: Param 'ompl.min_angle_change' was not set. Using default value: 0.001000
[move_group-2] [INFO] [1778975356.370852241] [moveit_ros.fix_workspace_bounds]: Param 'ompl.default_workspace_bounds' was not set. Using default value: 10.000000
[move_group-2] [INFO] [1778975356.370867852] [moveit_ros.fix_start_state_bounds]: Param 'ompl.start_state_max_bounds_error' was set to 0.100000
[move_group-2] [INFO] [1778975356.370873552] [moveit_ros.fix_start_state_bounds]: Param 'ompl.start_state_max_dt' was not set. Using default value: 0.500000
[move_group-2] [INFO] [1778975356.370885783] [moveit_ros.fix_start_state_collision]: Param 'ompl.start_state_max_dt' was not set. Using default value: 0.500000
[move_group-2] [INFO] [1778975356.370890733] [moveit_ros.fix_start_state_collision]: Param 'ompl.jiggle_fraction' was not set. Using default value: 0.020000
[move_group-2] [INFO] [1778975356.370895453] [moveit_ros.fix_start_state_collision]: Param 'ompl.max_sampling_attempts' was not set. Using default value: 100
[move_group-2] [INFO] [1778975356.370933125] [moveit.ros_planning.planning_pipeline]: Using planning request adapter 'Add Time Optimal Parameterization'
[move_group-2] [INFO] [1778975356.370938195] [moveit.ros_planning.planning_pipeline]: Using planning request adapter 'Resolve constraint frames to robot links'
[move_group-2] [INFO] [1778975356.370942435] [moveit.ros_planning.planning_pipeline]: Using planning request adapter 'Fix Workspace Bounds'
[move_group-2] [INFO] [1778975356.370946315] [moveit.ros_planning.planning_pipeline]: Using planning request adapter 'Fix Start State Bounds'
[move_group-2] [INFO] [1778975356.370950095] [moveit.ros_planning.planning_pipeline]: Using planning request adapter 'Fix Start State In Collision'
[move_group-2] [INFO] [1778975356.370953856] [moveit.ros_planning.planning_pipeline]: Using planning request adapter 'Fix Start State Path Constraints'
[move_group-2] [INFO] [1778975356.371882826] [moveit.ros_planning_interface.moveit_cpp]: Loading planning pipeline 'trajopt'
[move_group-2] [ERROR] [1778975356.373811980] [moveit.ros_planning.planning_pipeline]: Exception while loading planner 'trajopt_interface/TrajOptPlanner': According to the loaded plugin descriptions the class trajopt_interface/TrajOptPlanner with base class type planning_interface::PlannerManager does not exist. Declared types are  chomp_interface/CHOMPPlanner ompl_interface/OMPLPlanner pilz_industrial_motion_planner/CommandPlannerAvailable plugins: chomp_interface/CHOMPPlanner, ompl_interface/OMPLPlanner, pilz_industrial_motion_planner/CommandPlanner
[move_group-2] [INFO] [1778975356.375618618] [moveit_ros.add_time_optimal_parameterization]: Param 'trajopt.path_tolerance' was not set. Using default value: 0.100000
[move_group-2] [INFO] [1778975356.375629809] [moveit_ros.add_time_optimal_parameterization]: Param 'trajopt.resample_dt' was not set. Using default value: 0.100000
[move_group-2] [INFO] [1778975356.375635279] [moveit_ros.add_time_optimal_parameterization]: Param 'trajopt.min_angle_change' was not set. Using default value: 0.001000
[move_group-2] [INFO] [1778975356.375648750] [moveit_ros.fix_workspace_bounds]: Param 'trajopt.default_workspace_bounds' was not set. Using default value: 10.000000
[move_group-2] [INFO] [1778975356.375662480] [moveit_ros.fix_start_state_bounds]: Param 'trajopt.start_state_max_bounds_error' was set to 0.100000
[move_group-2] [INFO] [1778975356.375668351] [moveit_ros.fix_start_state_bounds]: Param 'trajopt.start_state_max_dt' was not set. Using default value: 0.500000
[move_group-2] [INFO] [1778975356.375681021] [moveit_ros.fix_start_state_collision]: Param 'trajopt.start_state_max_dt' was not set. Using default value: 0.500000
[move_group-2] [INFO] [1778975356.375686101] [moveit_ros.fix_start_state_collision]: Param 'trajopt.jiggle_fraction' was not set. Using default value: 0.020000
[move_group-2] [INFO] [1778975356.375690582] [moveit_ros.fix_start_state_collision]: Param 'trajopt.max_sampling_attempts' was not set. Using default value: 100
[move_group-2] [INFO] [1778975356.375704032] [moveit.ros_planning.planning_pipeline]: Using planning request adapter 'Add Time Optimal Parameterization'
[move_group-2] [INFO] [1778975356.375708822] [moveit.ros_planning.planning_pipeline]: Using planning request adapter 'Fix Workspace Bounds'
[move_group-2] [INFO] [1778975356.375712953] [moveit.ros_planning.planning_pipeline]: Using planning request adapter 'Fix Start State Bounds'
[move_group-2] [INFO] [1778975356.375716983] [moveit.ros_planning.planning_pipeline]: Using planning request adapter 'Fix Start State In Collision'
[move_group-2] [INFO] [1778975356.375721203] [moveit.ros_planning.planning_pipeline]: Using planning request adapter 'Fix Start State Path Constraints'
[move_group-2] [ERROR] [1778975356.376573210] [moveit.ros_planning_interface.moveit_cpp]: Failed to initialize planning pipeline 'trajopt'.
[move_group-2] [INFO] [1778975356.378000212] [moveit.ros_planning_interface.moveit_cpp]: Loading planning pipeline 'chomp'
[move_group-2] [INFO] [1778975356.381362508] [moveit.ros_planning.planning_pipeline]: Using planning interface 'CHOMP'
[move_group-2] [INFO] [1778975356.383149366] [moveit_ros.add_time_optimal_parameterization]: Param 'chomp.path_tolerance' was not set. Using default value: 0.100000
[move_group-2] [INFO] [1778975356.383160686] [moveit_ros.add_time_optimal_parameterization]: Param 'chomp.resample_dt' was not set. Using default value: 0.100000
[move_group-2] [INFO] [1778975356.383165827] [moveit_ros.add_time_optimal_parameterization]: Param 'chomp.min_angle_change' was not set. Using default value: 0.001000
[move_group-2] [INFO] [1778975356.383179677] [moveit_ros.fix_workspace_bounds]: Param 'chomp.default_workspace_bounds' was not set. Using default value: 10.000000
[move_group-2] [INFO] [1778975356.383193978] [moveit_ros.fix_start_state_bounds]: Param 'chomp.start_state_max_bounds_error' was set to 0.100000
[move_group-2] [INFO] [1778975356.383199518] [moveit_ros.fix_start_state_bounds]: Param 'chomp.start_state_max_dt' was not set. Using default value: 0.500000
[move_group-2] [INFO] [1778975356.383211789] [moveit_ros.fix_start_state_collision]: Param 'chomp.start_state_max_dt' was not set. Using default value: 0.500000
[move_group-2] [INFO] [1778975356.383216909] [moveit_ros.fix_start_state_collision]: Param 'chomp.jiggle_fraction' was not set. Using default value: 0.020000
[move_group-2] [INFO] [1778975356.383221329] [moveit_ros.fix_start_state_collision]: Param 'chomp.max_sampling_attempts' was not set. Using default value: 100
[move_group-2] [INFO] [1778975356.383232960] [moveit.ros_planning.planning_pipeline]: Using planning request adapter 'Add Time Optimal Parameterization'
[move_group-2] [INFO] [1778975356.383237170] [moveit.ros_planning.planning_pipeline]: Using planning request adapter 'Fix Workspace Bounds'
[move_group-2] [INFO] [1778975356.383241100] [moveit.ros_planning.planning_pipeline]: Using planning request adapter 'Fix Start State Bounds'
[move_group-2] [INFO] [1778975356.383245000] [moveit.ros_planning.planning_pipeline]: Using planning request adapter 'Fix Start State In Collision'
[move_group-2] [INFO] [1778975356.383248770] [moveit.ros_planning.planning_pipeline]: Using planning request adapter 'Fix Start State Path Constraints'
[move_group-2] [INFO] [1778975356.384086047] [moveit.ros_planning_interface.moveit_cpp]: Loading planning pipeline 'lerp'
[move_group-2] [ERROR] [1778975356.385791201] [moveit.ros_planning.planning_pipeline]: Exception while loading planner 'lerp_interface/LERPPlanner': According to the loaded plugin descriptions the class lerp_interface/LERPPlanner with base class type planning_interface::PlannerManager does not exist. Declared types are  chomp_interface/CHOMPPlanner ompl_interface/OMPLPlanner pilz_industrial_motion_planner/CommandPlannerAvailable plugins: chomp_interface/CHOMPPlanner, ompl_interface/OMPLPlanner, pilz_industrial_motion_planner/CommandPlanner
[move_group-2] [INFO] [1778975356.387576578] [moveit_ros.add_time_optimal_parameterization]: Param 'lerp.path_tolerance' was not set. Using default value: 0.100000
[move_group-2] [INFO] [1778975356.387587359] [moveit_ros.add_time_optimal_parameterization]: Param 'lerp.resample_dt' was not set. Using default value: 0.100000
[move_group-2] [INFO] [1778975356.387592479] [moveit_ros.add_time_optimal_parameterization]: Param 'lerp.min_angle_change' was not set. Using default value: 0.001000
[move_group-2] [INFO] [1778975356.387606240] [moveit_ros.fix_workspace_bounds]: Param 'lerp.default_workspace_bounds' was not set. Using default value: 10.000000
[move_group-2] [INFO] [1778975356.387620810] [moveit_ros.fix_start_state_bounds]: Param 'lerp.start_state_max_bounds_error' was set to 0.100000
[move_group-2] [INFO] [1778975356.387626371] [moveit_ros.fix_start_state_bounds]: Param 'lerp.start_state_max_dt' was not set. Using default value: 0.500000
[move_group-2] [INFO] [1778975356.387638781] [moveit_ros.fix_start_state_collision]: Param 'lerp.start_state_max_dt' was not set. Using default value: 0.500000
[move_group-2] [INFO] [1778975356.387643781] [moveit_ros.fix_start_state_collision]: Param 'lerp.jiggle_fraction' was not set. Using default value: 0.020000
[move_group-2] [INFO] [1778975356.387648382] [moveit_ros.fix_start_state_collision]: Param 'lerp.max_sampling_attempts' was not set. Using default value: 100
[move_group-2] [INFO] [1778975356.387660152] [moveit.ros_planning.planning_pipeline]: Using planning request adapter 'Add Time Optimal Parameterization'
[move_group-2] [INFO] [1778975356.387664612] [moveit.ros_planning.planning_pipeline]: Using planning request adapter 'Fix Workspace Bounds'
[move_group-2] [INFO] [1778975356.387668622] [moveit.ros_planning.planning_pipeline]: Using planning request adapter 'Fix Start State Bounds'
[move_group-2] [INFO] [1778975356.387672523] [moveit.ros_planning.planning_pipeline]: Using planning request adapter 'Fix Start State In Collision'
[move_group-2] [INFO] [1778975356.387676513] [moveit.ros_planning.planning_pipeline]: Using planning request adapter 'Fix Start State Path Constraints'
[move_group-2] [ERROR] [1778975356.388572532] [moveit.ros_planning_interface.moveit_cpp]: Failed to initialize planning pipeline 'lerp'.
[move_group-2] [INFO] [1778975356.436441393] [moveit.plugins.moveit_simple_controller_manager]: Added FollowJointTrajectory controller for panda_arm_controller
[move_group-2] [INFO] [1778975356.436644392] [moveit.plugins.moveit_simple_controller_manager]: Returned 1 controllers in list
[move_group-2] [INFO] [1778975356.436663993] [moveit.plugins.moveit_simple_controller_manager]: Returned 1 controllers in list
[move_group-2] [INFO] [1778975356.437016388] [moveit_ros.trajectory_execution_manager]: Trajectory execution is managing controllers
[move_group-2] [INFO] [1778975356.437035069] [move_group.move_group]: MoveGroup debug mode is ON
[move_group-2] [INFO] [1778975356.456664423] [move_group.move_group]:
[move_group-2]
[move_group-2] ********************************************************
[move_group-2] * MoveGroup using:
[move_group-2] *     - ApplyPlanningSceneService
[move_group-2] *     - ClearOctomapService
[move_group-2] *     - CartesianPathService
[move_group-2] *     - ExecuteTrajectoryAction
[move_group-2] *     - GetPlanningSceneService
[move_group-2] *     - KinematicsService
[move_group-2] *     - MoveAction
[move_group-2] *     - MotionPlanService
[move_group-2] *     - QueryPlannersService
[move_group-2] *     - StateValidationService
[move_group-2] ********************************************************
[move_group-2]
[move_group-2] [INFO] [1778975356.456727105] [moveit_move_group_capabilities_base.move_group_context]: MoveGroup context using planning plugin ompl_interface/OMPLPlanner
[move_group-2] [INFO] [1778975356.456736826] [moveit_move_group_capabilities_base.move_group_context]: MoveGroup context initialization complete
[move_group-2] [96mLoading 'move_group/ApplyPlanningSceneService'...
[move_group-2] [0m[96mLoading 'move_group/ClearOctomapService'...
[move_group-2] [0m[96mLoading 'move_group/MoveGroupCartesianPathService'...
[move_group-2] [0m[96mLoading 'move_group/MoveGroupExecuteTrajectoryAction'...
[move_group-2] [0m[96mLoading 'move_group/MoveGroupGetPlanningSceneService'...
[move_group-2] [0m[96mLoading 'move_group/MoveGroupKinematicsService'...
[move_group-2] [0m[96mLoading 'move_group/MoveGroupMoveAction'...
[move_group-2] [0m[96mLoading 'move_group/MoveGroupPlanService'...
[move_group-2] [0m[96mLoading 'move_group/MoveGroupQueryPlannersService'...
[move_group-2] [0m[96mLoading 'move_group/MoveGroupStateValidationService'...
[move_group-2] [0m[92m
[move_group-2] You can start planning now!
[move_group-2]
[move_group-2] [INFO] [1778975584.035540972] [moveit_move_group_default_capabilities.move_action_capability]: Received request
[move_group-2] [INFO] [1778975584.035873596] [moveit_move_group_default_capabilities.move_action_capability]: executing..
[move_group-2] [INFO] [1778975584.036064343] [moveit_move_group_default_capabilities.move_action_capability]: Planning request received for MoveGroup action. Forwarding to planning pipeline.
[move_group-2] [ERROR] [1778975584.036428448] [moveit_robot_state.conversions]: Found empty JointState message
[move_group-2] [ERROR] [1778975584.036518141] [moveit_robot_state.conversions]: Found empty JointState message
[move_group-2] [ERROR] [1778975584.038396406] [moveit_robot_state.conversions]: Found empty JointState message
[move_group-2] [ERROR] [1778975584.040774511] [moveit_robot_state.conversions]: Found empty JointState message
[move_group-2] [INFO] [1778975584.041776160] [moveit.ompl_planning.model_based_planning_context]: Planner configuration 'panda_arm' will use planner 'geometric::RRTConnect'. Additional configuration parameters will be set when the planner is constructed.
[move_group-2] [INFO] [1778975584.074948960] [moveit_move_group_default_capabilities.move_action_capability]: Motion plan was computed successfully.
