[INFO] [launch]: All log files can be found below /root/.ros/log/2026-05-16-23-49-15-618473-ead4cd957a4b-15913
[INFO] [launch]: Default logging verbosity is set to INFO
[INFO] [static_transform_publisher-1]: process started with pid [16194]
[INFO] [pure_pursuit_driver-2]: process started with pid [16196]
[INFO] [static_transform_publisher-3]: process started with pid [16198]
[INFO] [pure_pursuit_driver-4]: process started with pid [16200]
[INFO] [static_transform_publisher-5]: process started with pid [16202]
[INFO] [pure_pursuit_driver-6]: process started with pid [16204]
[INFO] [static_transform_publisher-7]: process started with pid [16206]
[INFO] [pure_pursuit_driver-8]: process started with pid [16208]
[INFO] [static_transform_publisher-9]: process started with pid [16210]
[INFO] [pure_pursuit_driver-10]: process started with pid [16215]
[INFO] [static_transform_publisher-11]: process started with pid [16218]
[INFO] [pure_pursuit_driver-12]: process started with pid [16223]
[static_transform_publisher-3] [INFO] [1778975355.730235295] [amr_1.map_to_odom_static]: Spinning until stopped - publishing transform
[static_transform_publisher-3] translation: ('3.500000', '2.000000', '0.000000')
[static_transform_publisher-3] rotation: ('0.000000', '0.000000', '0.000000', '1.000000')
[static_transform_publisher-3] from 'map' to 'odom'
[static_transform_publisher-1] [INFO] [1778975355.731256069] [amr_0.map_to_odom_static]: Spinning until stopped - publishing transform
[static_transform_publisher-1] translation: ('2.000000', '2.000000', '0.000000')
[static_transform_publisher-1] rotation: ('0.000000', '0.000000', '0.000000', '1.000000')
[static_transform_publisher-1] from 'map' to 'odom'
[static_transform_publisher-7] [INFO] [1778975355.736697796] [amr_3.map_to_odom_static]: Spinning until stopped - publishing transform
[static_transform_publisher-7] translation: ('2.000000', '3.500000', '0.000000')
[static_transform_publisher-7] rotation: ('0.000000', '0.000000', '0.000000', '1.000000')
[static_transform_publisher-7] from 'map' to 'odom'
[static_transform_publisher-5] [INFO] [1778975355.737205499] [amr_2.map_to_odom_static]: Spinning until stopped - publishing transform
[static_transform_publisher-5] translation: ('5.000000', '2.000000', '0.000000')
[static_transform_publisher-5] rotation: ('0.000000', '0.000000', '0.000000', '1.000000')
[static_transform_publisher-5] from 'map' to 'odom'
[static_transform_publisher-9] [INFO] [1778975355.738109068] [amr_4.map_to_odom_static]: Spinning until stopped - publishing transform
[static_transform_publisher-9] translation: ('3.500000', '3.500000', '0.000000')
[static_transform_publisher-9] rotation: ('0.000000', '0.000000', '0.000000', '1.000000')
[static_transform_publisher-9] from 'map' to 'odom'
[static_transform_publisher-11] [INFO] [1778975355.740798455] [amr_5.map_to_odom_static]: Spinning until stopped - publishing transform
[static_transform_publisher-11] translation: ('5.000000', '3.500000', '0.000000')
[static_transform_publisher-11] rotation: ('0.000000', '0.000000', '0.000000', '1.000000')
[static_transform_publisher-11] from 'map' to 'odom'
[pure_pursuit_driver-12] [INFO] [1778975356.297894158] [amr_5.pure_pursuit_driver]: pure_pursuit_driver ready — action /amr_5/navigate_to_pose cmd_vel→cmd_vel frames=map↔base_link
[pure_pursuit_driver-4] [INFO] [1778975356.298229462] [amr_1.pure_pursuit_driver]: pure_pursuit_driver ready — action /amr_1/navigate_to_pose cmd_vel→cmd_vel frames=map↔base_link
[pure_pursuit_driver-8] [INFO] [1778975356.298258714] [amr_3.pure_pursuit_driver]: pure_pursuit_driver ready — action /amr_3/navigate_to_pose cmd_vel→cmd_vel frames=map↔base_link
[pure_pursuit_driver-2] [INFO] [1778975356.300164297] [amr_0.pure_pursuit_driver]: pure_pursuit_driver ready — action /amr_0/navigate_to_pose cmd_vel→cmd_vel frames=map↔base_link
[pure_pursuit_driver-10] [INFO] [1778975356.300855577] [amr_4.pure_pursuit_driver]: pure_pursuit_driver ready — action /amr_4/navigate_to_pose cmd_vel→cmd_vel frames=map↔base_link
[pure_pursuit_driver-6] [INFO] [1778975356.314598324] [amr_2.pure_pursuit_driver]: pure_pursuit_driver ready — action /amr_2/navigate_to_pose cmd_vel→cmd_vel frames=map↔base_link
[pure_pursuit_driver-2] [INFO] [1778975404.733291237] [amr_0.pure_pursuit_driver]: goal received: (4.00, 8.00) in map
[pure_pursuit_driver-2] [INFO] [1778975462.103603329] [amr_0.pure_pursuit_driver]: goal SUCCEEDED at (3.85, 7.53) (dist=0.495 m, elapsed=57.4s)
[pure_pursuit_driver-2] [INFO] [1778975462.111767229] [amr_0.pure_pursuit_driver]: goal received: (16.00, 15.00) in map
[pure_pursuit_driver-2] [INFO] [1778975583.912064390] [amr_0.pure_pursuit_driver]: goal SUCCEEDED at (15.57, 14.74) (dist=0.498 m, elapsed=121.8s)
