[INFO] [launch]: All log files can be found below /root/.ros/log/2026-05-17-00-46-41-527241-ead4cd957a4b-1150
[INFO] [launch]: Default logging verbosity is set to INFO
[INFO] [static_transform_publisher-1]: process started with pid [1462]
[INFO] [pure_pursuit_driver-2]: process started with pid [1464]
[INFO] [static_transform_publisher-3]: process started with pid [1466]
[INFO] [pure_pursuit_driver-4]: process started with pid [1468]
[INFO] [static_transform_publisher-5]: process started with pid [1470]
[INFO] [pure_pursuit_driver-6]: process started with pid [1472]
[INFO] [static_transform_publisher-7]: process started with pid [1474]
[INFO] [pure_pursuit_driver-8]: process started with pid [1476]
[INFO] [static_transform_publisher-9]: process started with pid [1478]
[INFO] [pure_pursuit_driver-10]: process started with pid [1480]
[INFO] [static_transform_publisher-11]: process started with pid [1482]
[INFO] [pure_pursuit_driver-12]: process started with pid [1484]
[static_transform_publisher-3] [INFO] [1778978801.618988988] [amr_1.map_to_odom_static]: Spinning until stopped - publishing transform
[static_transform_publisher-3] translation: ('3.500000', '2.000000', '0.000000')
[static_transform_publisher-3] rotation: ('0.000000', '0.000000', '0.000000', '1.000000')
[static_transform_publisher-3] from 'map' to 'odom'
[static_transform_publisher-9] [INFO] [1778978801.619854095] [amr_4.map_to_odom_static]: Spinning until stopped - publishing transform
[static_transform_publisher-9] translation: ('3.500000', '3.500000', '0.000000')
[static_transform_publisher-9] rotation: ('0.000000', '0.000000', '0.000000', '1.000000')
[static_transform_publisher-9] from 'map' to 'odom'
[static_transform_publisher-1] [INFO] [1778978801.620404825] [amr_0.map_to_odom_static]: Spinning until stopped - publishing transform
[static_transform_publisher-1] translation: ('2.000000', '2.000000', '0.000000')
[static_transform_publisher-1] rotation: ('0.000000', '0.000000', '0.000000', '1.000000')
[static_transform_publisher-1] from 'map' to 'odom'
[static_transform_publisher-5] [INFO] [1778978801.620586282] [amr_2.map_to_odom_static]: Spinning until stopped - publishing transform
[static_transform_publisher-5] translation: ('5.000000', '2.000000', '0.000000')
[static_transform_publisher-5] rotation: ('0.000000', '0.000000', '0.000000', '1.000000')
[static_transform_publisher-5] from 'map' to 'odom'
[static_transform_publisher-7] [INFO] [1778978801.621946434] [amr_3.map_to_odom_static]: Spinning until stopped - publishing transform
[static_transform_publisher-7] translation: ('2.000000', '3.500000', '0.000000')
[static_transform_publisher-7] rotation: ('0.000000', '0.000000', '0.000000', '1.000000')
[static_transform_publisher-7] from 'map' to 'odom'
[static_transform_publisher-11] [INFO] [1778978801.629785838] [amr_5.map_to_odom_static]: Spinning until stopped - publishing transform
[static_transform_publisher-11] translation: ('5.000000', '3.500000', '0.000000')
[static_transform_publisher-11] rotation: ('0.000000', '0.000000', '0.000000', '1.000000')
[static_transform_publisher-11] from 'map' to 'odom'
[pure_pursuit_driver-10] [INFO] [1778978802.157723259] [amr_4.pure_pursuit_driver]: pure_pursuit_driver ready — action /amr_4/navigate_to_pose cmd_vel→cmd_vel frames=map↔base_link
[pure_pursuit_driver-2] [INFO] [1778978802.159610613] [amr_0.pure_pursuit_driver]: pure_pursuit_driver ready — action /amr_0/navigate_to_pose cmd_vel→cmd_vel frames=map↔base_link
[pure_pursuit_driver-8] [INFO] [1778978802.173937920] [amr_3.pure_pursuit_driver]: pure_pursuit_driver ready — action /amr_3/navigate_to_pose cmd_vel→cmd_vel frames=map↔base_link
[pure_pursuit_driver-4] [INFO] [1778978802.180974113] [amr_1.pure_pursuit_driver]: pure_pursuit_driver ready — action /amr_1/navigate_to_pose cmd_vel→cmd_vel frames=map↔base_link
[pure_pursuit_driver-12] [INFO] [1778978802.181345336] [amr_5.pure_pursuit_driver]: pure_pursuit_driver ready — action /amr_5/navigate_to_pose cmd_vel→cmd_vel frames=map↔base_link
[pure_pursuit_driver-6] [INFO] [1778978802.181520694] [amr_2.pure_pursuit_driver]: pure_pursuit_driver ready — action /amr_2/navigate_to_pose cmd_vel→cmd_vel frames=map↔base_link
[pure_pursuit_driver-2] [INFO] [1778978880.221203480] [amr_0.pure_pursuit_driver]: goal received: (7.00, 8.00) in map
[pure_pursuit_driver-4] [INFO] [1778978885.220610486] [amr_1.pure_pursuit_driver]: goal received: (4.00, 8.00) in map
[pure_pursuit_driver-6] [INFO] [1778978918.225756115] [amr_2.pure_pursuit_driver]: goal received: (10.00, 8.00) in map
[pure_pursuit_driver-8] [INFO] [1778978941.221679731] [amr_3.pure_pursuit_driver]: goal received: (4.00, 12.00) in map
[pure_pursuit_driver-10] [INFO] [1778978993.220095344] [amr_4.pure_pursuit_driver]: goal received: (7.00, 12.00) in map
[pure_pursuit_driver-12] [INFO] [1778979015.221853385] [amr_5.pure_pursuit_driver]: goal received: (10.00, 12.00) in map
[pure_pursuit_driver-6] [INFO] [1778979072.949562639] [amr_2.pure_pursuit_driver]: goal SUCCEEDED at (9.69, 7.61) (dist=0.500 m, elapsed=154.7s)
[pure_pursuit_driver-6] [INFO] [1778979072.959024130] [amr_2.pure_pursuit_driver]: goal received: (16.00, 15.00) in map
[pure_pursuit_driver-8] [INFO] [1778979118.700384908] [amr_3.pure_pursuit_driver]: goal SUCCEEDED at (3.89, 11.52) (dist=0.496 m, elapsed=177.5s)
[pure_pursuit_driver-8] [INFO] [1778979118.714543179] [amr_3.pure_pursuit_driver]: goal received: (16.00, 15.00) in map
[pure_pursuit_driver-12] [INFO] [1778979215.784876203] [amr_5.pure_pursuit_driver]: goal SUCCEEDED at (9.75, 11.57) (dist=0.498 m, elapsed=200.6s)
[pure_pursuit_driver-12] [INFO] [1778979215.794851281] [amr_5.pure_pursuit_driver]: goal received: (16.00, 15.00) in map
[pure_pursuit_driver-6] [INFO] [1778979267.224507909] [amr_2.pure_pursuit_driver]: goal SUCCEEDED at (15.68, 14.62) (dist=0.500 m, elapsed=194.3s)
[pure_pursuit_driver-6] [INFO] [1778979268.221346503] [amr_2.pure_pursuit_driver]: goal received: (4.00, 8.00) in map
[pure_pursuit_driver-4] [INFO] [1778979587.983629949] [amr_1.pure_pursuit_driver]: goal SUCCEEDED at (4.18, 7.53) (dist=0.499 m, elapsed=702.8s)
[pure_pursuit_driver-4] [INFO] [1778979587.999312157] [amr_1.pure_pursuit_driver]: goal received: (16.00, 15.00) in map
[pure_pursuit_driver-10] [INFO] [1778979645.603997573] [amr_4.pure_pursuit_driver]: goal SUCCEEDED at (6.68, 11.62) (dist=0.498 m, elapsed=652.4s)
[pure_pursuit_driver-10] [INFO] [1778979645.620018426] [amr_4.pure_pursuit_driver]: goal received: (16.00, 15.00) in map
[pure_pursuit_driver-10] [INFO] [1778979849.501335378] [amr_4.pure_pursuit_driver]: goal SUCCEEDED at (15.53, 14.84) (dist=0.495 m, elapsed=203.9s)
[pure_pursuit_driver-10] [INFO] [1778979850.220827645] [amr_4.pure_pursuit_driver]: goal received: (4.00, 8.00) in map
[pure_pursuit_driver-8] [INFO] [1778979894.786958741] [amr_3.pure_pursuit_driver]: goal SUCCEEDED at (15.98, 14.50) (dist=0.497 m, elapsed=776.1s)
[pure_pursuit_driver-8] [INFO] [1778979895.221099433] [amr_3.pure_pursuit_driver]: goal received: (7.00, 8.00) in map
[pure_pursuit_driver-2] [INFO] [1778979989.806010814] [amr_0.pure_pursuit_driver]: goal SUCCEEDED at (6.65, 7.65) (dist=0.497 m, elapsed=1109.6s)
[pure_pursuit_driver-2] [INFO] [1778979989.817914684] [amr_0.pure_pursuit_driver]: goal received: (16.00, 15.00) in map
[pure_pursuit_driver-10] [INFO] [1778980149.107034900] [amr_4.pure_pursuit_driver]: goal SUCCEEDED at (4.43, 8.25) (dist=0.499 m, elapsed=298.9s)
[pure_pursuit_driver-10] [INFO] [1778980149.118052572] [amr_4.pure_pursuit_driver]: goal received: (16.00, 15.00) in map
[pure_pursuit_driver-8] [INFO] [1778980196.831178113] [amr_3.pure_pursuit_driver]: goal SUCCEEDED at (7.44, 8.24) (dist=0.497 m, elapsed=301.6s)
[pure_pursuit_driver-8] [INFO] [1778980196.840892551] [amr_3.pure_pursuit_driver]: goal received: (16.00, 15.00) in map
[pure_pursuit_driver-4] [INFO] [1778980205.041631327] [amr_1.pure_pursuit_driver]: goal SUCCEEDED at (15.61, 14.69) (dist=0.496 m, elapsed=617.0s)
[pure_pursuit_driver-4] [INFO] [1778980205.221038997] [amr_1.pure_pursuit_driver]: goal received: (4.00, 8.00) in map
[pure_pursuit_driver-12] [WARN] [1778980415.814426634] [amr_5.pure_pursuit_driver]: goal aborted: timeout after 1200.0s (>1200.0s)
[pure_pursuit_driver-12] [INFO] [1778980416.223882151] [amr_5.pure_pursuit_driver]: goal received: (7.00, 8.00) in map
[pure_pursuit_driver-8] [INFO] [1778980440.206818522] [amr_3.pure_pursuit_driver]: goal SUCCEEDED at (15.61, 14.69) (dist=0.496 m, elapsed=243.4s)
[pure_pursuit_driver-8] [INFO] [1778980441.220559915] [amr_3.pure_pursuit_driver]: goal received: (7.00, 8.00) in map
[pure_pursuit_driver-6] [WARN] [1778980468.267292449] [amr_2.pure_pursuit_driver]: goal aborted: timeout after 1200.0s (>1200.0s)
[pure_pursuit_driver-6] [INFO] [1778980469.221793118] [amr_2.pure_pursuit_driver]: goal received: (4.00, 12.00) in map
[pure_pursuit_driver-2] [INFO] [1778980543.853994380] [amr_0.pure_pursuit_driver]: goal SUCCEEDED at (15.80, 14.55) (dist=0.497 m, elapsed=554.0s)
[pure_pursuit_driver-2] [INFO] [1778980544.220696460] [amr_0.pure_pursuit_driver]: goal received: (4.00, 12.00) in map
[pure_pursuit_driver-2] [INFO] [1778980809.382886619] [amr_0.pure_pursuit_driver]: goal SUCCEEDED at (4.48, 12.12) (dist=0.499 m, elapsed=265.2s)
[pure_pursuit_driver-2] [INFO] [1778980809.390321753] [amr_0.pure_pursuit_driver]: goal received: (16.00, 15.00) in map
[pure_pursuit_driver-2] [INFO] [1778981086.191130645] [amr_0.pure_pursuit_driver]: goal SUCCEEDED at (15.52, 14.88) (dist=0.497 m, elapsed=276.8s)
[pure_pursuit_driver-2] [INFO] [1778981087.220360257] [amr_0.pure_pursuit_driver]: goal received: (4.00, 8.00) in map
[pure_pursuit_driver-10] [WARN] [1778981349.161736240] [amr_4.pure_pursuit_driver]: goal aborted: timeout after 1200.0s (>1200.0s)
[pure_pursuit_driver-10] [INFO] [1778981349.219739393] [amr_4.pure_pursuit_driver]: goal received: (7.00, 8.00) in map
[pure_pursuit_driver-2] [INFO] [1778981394.075497202] [amr_0.pure_pursuit_driver]: goal SUCCEEDED at (4.43, 8.25) (dist=0.496 m, elapsed=306.9s)
[pure_pursuit_driver-2] [INFO] [1778981394.085744458] [amr_0.pure_pursuit_driver]: goal received: (16.00, 15.00) in map
[pure_pursuit_driver-4] [WARN] [1778981405.250621461] [amr_1.pure_pursuit_driver]: goal aborted: timeout after 1200.0s (>1200.0s)
[pure_pursuit_driver-4] [INFO] [1778981406.225131097] [amr_1.pure_pursuit_driver]: goal received: (4.00, 12.00) in map
[pure_pursuit_driver-4] [INFO] [1778981510.758596751] [amr_1.pure_pursuit_driver]: goal SUCCEEDED at (4.41, 11.71) (dist=0.499 m, elapsed=104.5s)
[pure_pursuit_driver-4] [INFO] [1778981510.768716910] [amr_1.pure_pursuit_driver]: goal received: (16.00, 15.00) in map
[pure_pursuit_driver-10] [INFO] [1778981545.632781429] [amr_4.pure_pursuit_driver]: goal SUCCEEDED at (7.35, 7.64) (dist=0.499 m, elapsed=196.4s)
[pure_pursuit_driver-10] [INFO] [1778981545.642908751] [amr_4.pure_pursuit_driver]: goal received: (16.00, 15.00) in map
[pure_pursuit_driver-8] [INFO] [1778981578.471311050] [amr_3.pure_pursuit_driver]: goal SUCCEEDED at (7.44, 7.77) (dist=0.499 m, elapsed=1137.2s)
[pure_pursuit_driver-8] [INFO] [1778981578.481353615] [amr_3.pure_pursuit_driver]: goal received: (16.00, 15.00) in map
[pure_pursuit_driver-12] [WARN] [1778981616.246279687] [amr_5.pure_pursuit_driver]: goal aborted: timeout after 1200.0s (>1200.0s)
[pure_pursuit_driver-12] Traceback (most recent call last):
[pure_pursuit_driver-12]   File "/work/ros2_ws/install/wdt_pure_pursuit/lib/wdt_pure_pursuit/pure_pursuit_driver", line 33, in <module>
[pure_pursuit_driver-12]     sys.exit(load_entry_point('wdt-pure-pursuit==0.2.0', 'console_scripts', 'pure_pursuit_driver')())
[pure_pursuit_driver-12]   File "/work/ros2_ws/install/wdt_pure_pursuit/lib/python3.10/site-packages/wdt_pure_pursuit/driver.py", line 210, in main
[pure_pursuit_driver-12]     executor.spin()
[pure_pursuit_driver-12]   File "/opt/ros/humble/local/lib/python3.10/dist-packages/rclpy/executors.py", line 323, in spin
[pure_pursuit_driver-12]     self.spin_once()
[pure_pursuit_driver-12]   File "/opt/ros/humble/local/lib/python3.10/dist-packages/rclpy/executors.py", line 863, in spin_once
[pure_pursuit_driver-12]     self._spin_once_impl(timeout_sec)
[pure_pursuit_driver-12]   File "/opt/ros/humble/local/lib/python3.10/dist-packages/rclpy/executors.py", line 860, in _spin_once_impl
[pure_pursuit_driver-12]     future.result()
[pure_pursuit_driver-12]   File "/opt/ros/humble/local/lib/python3.10/dist-packages/rclpy/task.py", line 109, in result
[pure_pursuit_driver-12]     raise self.exception()
[pure_pursuit_driver-12]   File "/opt/ros/humble/local/lib/python3.10/dist-packages/rclpy/task.py", line 272, in _execute_coroutine_step
[pure_pursuit_driver-12]     result = coro.send(None)
[pure_pursuit_driver-12]   File "/opt/ros/humble/local/lib/python3.10/dist-packages/rclpy/action/server.py", line 357, in _execute_goal
[pure_pursuit_driver-12]     self._result_futures[bytes(goal_uuid)].set_result(result_response)
[pure_pursuit_driver-12] KeyError: b'\x95\x86\xafj\x8e\xe9E\xb5\x8e\xb7\x0bd/C\xe5\xa5'
[ERROR] [pure_pursuit_driver-12]: process has died [pid 1484, exit code 1, cmd '/work/ros2_ws/install/wdt_pure_pursuit/lib/wdt_pure_pursuit/pure_pursuit_driver --ros-args -r __node:=pure_pursuit_driver -r __ns:=/amr_5 --params-file /tmp/launch_params_zcpd7h2z -r /tf:=tf -r /tf_static:=tf_static'].
[pure_pursuit_driver-6] [WARN] [1778981669.240655262] [amr_2.pure_pursuit_driver]: goal aborted: timeout after 1200.0s (>1200.0s)
[pure_pursuit_driver-6] Traceback (most recent call last):
[pure_pursuit_driver-6]   File "/work/ros2_ws/install/wdt_pure_pursuit/lib/wdt_pure_pursuit/pure_pursuit_driver", line 33, in <module>
[pure_pursuit_driver-6]     sys.exit(load_entry_point('wdt-pure-pursuit==0.2.0', 'console_scripts', 'pure_pursuit_driver')())
[pure_pursuit_driver-6]   File "/work/ros2_ws/install/wdt_pure_pursuit/lib/python3.10/site-packages/wdt_pure_pursuit/driver.py", line 210, in main
[pure_pursuit_driver-6]     executor.spin()
[pure_pursuit_driver-6]   File "/opt/ros/humble/local/lib/python3.10/dist-packages/rclpy/executors.py", line 323, in spin
[pure_pursuit_driver-6]     self.spin_once()
[pure_pursuit_driver-6]   File "/opt/ros/humble/local/lib/python3.10/dist-packages/rclpy/executors.py", line 863, in spin_once
[pure_pursuit_driver-6]     self._spin_once_impl(timeout_sec)
[pure_pursuit_driver-6]   File "/opt/ros/humble/local/lib/python3.10/dist-packages/rclpy/executors.py", line 860, in _spin_once_impl
[pure_pursuit_driver-6]     future.result()
[pure_pursuit_driver-6]   File "/opt/ros/humble/local/lib/python3.10/dist-packages/rclpy/task.py", line 109, in result
[pure_pursuit_driver-6]     raise self.exception()
[pure_pursuit_driver-6]   File "/opt/ros/humble/local/lib/python3.10/dist-packages/rclpy/task.py", line 272, in _execute_coroutine_step
[pure_pursuit_driver-6]     result = coro.send(None)
[pure_pursuit_driver-6]   File "/opt/ros/humble/local/lib/python3.10/dist-packages/rclpy/action/server.py", line 357, in _execute_goal
[pure_pursuit_driver-6]     self._result_futures[bytes(goal_uuid)].set_result(result_response)
[pure_pursuit_driver-6] KeyError: b'S\xe2\xd7\xc6\xfd\xd7@\x02\x98^E\xc4\xe9\xcd4x'
[ERROR] [pure_pursuit_driver-6]: process has died [pid 1472, exit code 1, cmd '/work/ros2_ws/install/wdt_pure_pursuit/lib/wdt_pure_pursuit/pure_pursuit_driver --ros-args -r __node:=pure_pursuit_driver -r __ns:=/amr_2 --params-file /tmp/launch_params_tulajyaz -r /tf:=tf -r /tf_static:=tf_static'].
[pure_pursuit_driver-2] [INFO] [1778981690.983639460] [amr_0.pure_pursuit_driver]: goal SUCCEEDED at (15.57, 14.75) (dist=0.498 m, elapsed=296.9s)
[pure_pursuit_driver-2] [INFO] [1778981691.218980477] [amr_0.pure_pursuit_driver]: goal received: (4.00, 8.00) in map
