[INFO] [launch]: All log files can be found below /root/.ros/log/2026-05-16-23-40-25-272651-ead4cd957a4b-13988
[INFO] [launch]: Default logging verbosity is set to INFO
[INFO] [static_transform_publisher-1]: process started with pid [14300]
[INFO] [pure_pursuit_driver-2]: process started with pid [14302]
[INFO] [static_transform_publisher-3]: process started with pid [14304]
[INFO] [pure_pursuit_driver-4]: process started with pid [14306]
[INFO] [static_transform_publisher-5]: process started with pid [14308]
[INFO] [pure_pursuit_driver-6]: process started with pid [14310]
[INFO] [static_transform_publisher-7]: process started with pid [14312]
[INFO] [pure_pursuit_driver-8]: process started with pid [14314]
[INFO] [static_transform_publisher-9]: process started with pid [14316]
[INFO] [pure_pursuit_driver-10]: process started with pid [14318]
[INFO] [static_transform_publisher-11]: process started with pid [14320]
[INFO] [pure_pursuit_driver-12]: process started with pid [14322]
[static_transform_publisher-3] [INFO] [1778974825.456851460] [amr_1.map_to_odom_static]: Spinning until stopped - publishing transform
[static_transform_publisher-3] translation: ('3.500000', '2.000000', '0.000000')
[static_transform_publisher-3] rotation: ('0.000000', '0.000000', '0.000000', '1.000000')
[static_transform_publisher-3] from 'map' to 'odom'
[static_transform_publisher-7] [INFO] [1778974825.457706953] [amr_3.map_to_odom_static]: Spinning until stopped - publishing transform
[static_transform_publisher-7] translation: ('2.000000', '3.500000', '0.000000')
[static_transform_publisher-7] rotation: ('0.000000', '0.000000', '0.000000', '1.000000')
[static_transform_publisher-7] from 'map' to 'odom'
[static_transform_publisher-1] [INFO] [1778974825.460997669] [amr_0.map_to_odom_static]: Spinning until stopped - publishing transform
[static_transform_publisher-1] translation: ('2.000000', '2.000000', '0.000000')
[static_transform_publisher-1] rotation: ('0.000000', '0.000000', '0.000000', '1.000000')
[static_transform_publisher-1] from 'map' to 'odom'
[static_transform_publisher-9] [INFO] [1778974825.461499830] [amr_4.map_to_odom_static]: Spinning until stopped - publishing transform
[static_transform_publisher-9] translation: ('3.500000', '3.500000', '0.000000')
[static_transform_publisher-9] rotation: ('0.000000', '0.000000', '0.000000', '1.000000')
[static_transform_publisher-9] from 'map' to 'odom'
[static_transform_publisher-5] [INFO] [1778974825.462514263] [amr_2.map_to_odom_static]: Spinning until stopped - publishing transform
[static_transform_publisher-5] translation: ('5.000000', '2.000000', '0.000000')
[static_transform_publisher-5] rotation: ('0.000000', '0.000000', '0.000000', '1.000000')
[static_transform_publisher-5] from 'map' to 'odom'
[static_transform_publisher-11] [INFO] [1778974825.462645271] [amr_5.map_to_odom_static]: Spinning until stopped - publishing transform
[static_transform_publisher-11] translation: ('5.000000', '3.500000', '0.000000')
[static_transform_publisher-11] rotation: ('0.000000', '0.000000', '0.000000', '1.000000')
[static_transform_publisher-11] from 'map' to 'odom'
[pure_pursuit_driver-2] [INFO] [1778974825.993224870] [amr_0.pure_pursuit_driver]: pure_pursuit_driver ready — action /amr_0/navigate_to_pose cmd_vel→cmd_vel frames=map↔base_link
[pure_pursuit_driver-10] [INFO] [1778974825.994921796] [amr_4.pure_pursuit_driver]: pure_pursuit_driver ready — action /amr_4/navigate_to_pose cmd_vel→cmd_vel frames=map↔base_link
[pure_pursuit_driver-8] [INFO] [1778974826.000363675] [amr_3.pure_pursuit_driver]: pure_pursuit_driver ready — action /amr_3/navigate_to_pose cmd_vel→cmd_vel frames=map↔base_link
[pure_pursuit_driver-6] [INFO] [1778974826.010433113] [amr_2.pure_pursuit_driver]: pure_pursuit_driver ready — action /amr_2/navigate_to_pose cmd_vel→cmd_vel frames=map↔base_link
[pure_pursuit_driver-4] [INFO] [1778974826.019765854] [amr_1.pure_pursuit_driver]: pure_pursuit_driver ready — action /amr_1/navigate_to_pose cmd_vel→cmd_vel frames=map↔base_link
[pure_pursuit_driver-12] [INFO] [1778974826.021786350] [amr_5.pure_pursuit_driver]: pure_pursuit_driver ready — action /amr_5/navigate_to_pose cmd_vel→cmd_vel frames=map↔base_link
[pure_pursuit_driver-2] [INFO] [1778974906.161948953] [amr_0.pure_pursuit_driver]: goal received: (4.00, 8.00) in map
[pure_pursuit_driver-2] [INFO] [1778974957.871877690] [amr_0.pure_pursuit_driver]: goal SUCCEEDED at (3.85, 7.53) (dist=0.498 m, elapsed=51.7s)
[pure_pursuit_driver-2] [INFO] [1778974957.882711763] [amr_0.pure_pursuit_driver]: goal received: (16.00, 15.00) in map
[pure_pursuit_driver-2] [INFO] [1778975072.717827403] [amr_0.pure_pursuit_driver]: goal SUCCEEDED at (15.57, 14.74) (dist=0.500 m, elapsed=114.8s)
