[Info] [carb] Logging to file: /isaac-sim/kit/logs/Kit/Isaac-Sim Python/5.0/kit_20260516_233610.log
[0.107s] [ext: omni.kit.async_engine-0.0.3] startup
[1.655s] [ext: omni.metrics.core-0.0.3] startup
[1.656s] [ext: omni.client.lib-1.1.0] startup
[1.695s] [ext: omni.blobkey-1.1.2] startup
[1.696s] [ext: omni.stats-1.0.1] startup
[1.697s] [ext: omni.datastore-0.0.0] startup
[1.707s] [ext: omni.client-1.3.0] startup
[1.717s] [ext: omni.ujitso.default-1.0.0] startup
[1.721s] [ext: omni.hsscclient-1.1.2] startup
[1.729s] [ext: omni.gpu_foundation.shadercache.vulkan-1.0.0] startup
[1.734s] [ext: omni.assets.plugins-0.0.0] startup
[1.736s] [ext: omni.gpu_foundation-0.0.0] startup
[1.749s] [ext: carb.windowing.plugins-1.0.0] startup
2026-05-16T23:36:11Z [1,723ms] [Warning] [carb.windowing-glfw.plugin] GLFW initialization failed.
2026-05-16T23:36:11Z [1,723ms] [Warning] [carb] Failed to startup plugin carb.windowing-glfw.plugin (interfaces: [carb::windowing::IGLContext v1.0],[carb::windowing::IWindowing v1.5]) (impl: carb.windowing-glfw.plugin)
[1.751s] [ext: omni.kit.renderer.init-0.0.0] startup
2026-05-16T23:36:12Z [1,948ms] [Warning] [omni.platforminfo.plugin] failed to open the default display.  Can't verify X Server version.

|---------------------------------------------------------------------------------------------|
| Driver Version: 580.95.05     | Graphics API: Vulkan
|=============================================================================================|
| GPU | Name                             | Active | LDA | GPU Memory | Vendor-ID | LUID       |
|     |                                  |        |     |            | Device-ID | UUID       |
|     |                                  |        |     |            | Bus-ID    |            |
|---------------------------------------------------------------------------------------------|
| 0   | NVIDIA GeForce RTX 5090          | Yes: 0 |     | 32853   MB | 10de      | 0          |
|     |                                  |        |     |            | 2b85      | 69b05434.. |
|     |                                  |        |     |            | a1        |            |
|=============================================================================================|
| OS: 22.04.5 LTS (Jammy Jellyfish) ubuntu, Version: 22.04.5, Kernel: 5.15.0-164-generic
| Processor: AMD EPYC 7K62 48-Core Processor
| Bare Metal Cores: 96 | Bare Metal Logical Cores: 192
| Core Usage Quota: 23.04
|---------------------------------------------------------------------------------------------|
| Total Memory (MB): 114849 | Free Memory: 111631
| Total Page/Swap (MB): 8191 | Free Page/Swap: 0
|---------------------------------------------------------------------------------------------|
2026-05-16T23:36:13Z [3,356ms] [Warning] [gpu.foundation.plugin] IOMMU is enabled.
[3.816s] [ext: omni.kit.pipapi-0.0.0] startup
[3.822s] [ext: omni.kit.pip_archive-0.0.0] startup
[3.823s] [ext: omni.materialx.libs-1.0.7] startup
[3.839s] [ext: omni.pip.compute-1.6.2] startup
[3.847s] [ext: omni.usd.config-1.0.6] startup
[3.857s] [ext: omni.gpucompute.plugins-0.0.0] startup
[3.858s] [ext: omni.usd.libs-1.0.1] startup
[3.981s] [ext: omni.mdl-56.0.3] startup
[4.565s] [ext: omni.iray.libs-0.0.0] startup
[4.575s] [ext: omni.mdl.neuraylib-0.2.12] startup
[4.585s] [ext: omni.kit.usd.mdl-1.1.4] startup
[4.751s] [ext: omni.pip.cloud-1.3.6] startup
[4.755s] [ext: omni.isaac.core_archive-2.6.1] startup
[4.757s] [ext: omni.kit.telemetry-0.5.2] startup
[4.805s] [ext: omni.kit.loop-isaac-1.3.7] startup
[4.808s] [ext: omni.kit.test-2.0.1] startup
[5.163s] [ext: omni.isaac.ml_archive-3.0.2] startup
[5.164s] [ext: omni.appwindow-1.1.10] startup
2026-05-16T23:36:15Z [5,138ms] [Warning] [carb.windowing-glfw.plugin] GLFW initialization failed.
2026-05-16T23:36:15Z [5,138ms] [Warning] [carb] Failed to startup plugin carb.windowing-glfw.plugin (interfaces: [carb::windowing::IGLContext v1.0],[carb::windowing::IWindowing v1.5]) (impl: carb.windowing-glfw.plugin)
[5.169s] [ext: omni.kit.renderer.core-1.1.0] startup
2026-05-16T23:36:15Z [5,414ms] [Warning] [carb.windowing-glfw.plugin] GLFW initialization failed.
2026-05-16T23:36:15Z [5,414ms] [Warning] [carb] Failed to startup plugin carb.windowing-glfw.plugin (interfaces: [carb::windowing::IGLContext v1.0],[carb::windowing::IWindowing v1.5]) (impl: carb.windowing-glfw.plugin)
2026-05-16T23:36:15Z [5,432ms] [Warning] [carb.windowing-glfw.plugin] GLFW initialization failed.
2026-05-16T23:36:15Z [5,432ms] [Warning] [carb] Failed to startup plugin carb.windowing-glfw.plugin (interfaces: [carb::windowing::IGLContext v1.0],[carb::windowing::IWindowing v1.5]) (impl: carb.windowing-glfw.plugin)
[5.464s] [ext: omni.kit.renderer.capture-0.0.0] startup
[5.468s] [ext: omni.kit.renderer.imgui-2.0.5] startup
2026-05-16T23:36:15Z [5,446ms] [Warning] [carb.windowing-glfw.plugin] GLFW initialization failed.
2026-05-16T23:36:15Z [5,446ms] [Warning] [carb] Failed to startup plugin carb.windowing-glfw.plugin (interfaces: [carb::windowing::IGLContext v1.0],[carb::windowing::IWindowing v1.5]) (impl: carb.windowing-glfw.plugin)
2026-05-16T23:36:15Z [5,449ms] [Warning] [carb.windowing-glfw.plugin] GLFW initialization failed.
2026-05-16T23:36:15Z [5,449ms] [Warning] [carb] Failed to startup plugin carb.windowing-glfw.plugin (interfaces: [carb::windowing::IGLContext v1.0],[carb::windowing::IWindowing v1.5]) (impl: carb.windowing-glfw.plugin)
2026-05-16T23:36:15Z [5,450ms] [Warning] [carb.windowing-glfw.plugin] GLFW initialization failed.
2026-05-16T23:36:15Z [5,451ms] [Warning] [carb] Failed to startup plugin carb.windowing-glfw.plugin (interfaces: [carb::windowing::IGLContext v1.0],[carb::windowing::IWindowing v1.5]) (impl: carb.windowing-glfw.plugin)
[5.619s] [ext: omni.ui-2.26.18] startup
[5.644s] [ext: omni.kit.mainwindow-1.0.3] startup
[5.647s] [ext: carb.audio-0.1.0] startup
[5.680s] [ext: omni.uiaudio-1.0.0] startup
[5.682s] [ext: omni.kit.uiapp-0.0.0] startup
[5.682s] [ext: omni.usd.schema.metrics.assembler-107.3.1] startup
[5.687s] [ext: omni.usd.schema.anim-0.0.0] startup
[5.718s] [ext: omni.usd.schema.omnigraph-1.0.0] startup
[5.728s] [ext: omni.usd.schema.geospatial-0.0.0] startup
[5.732s] [ext: omni.anim.graph.schema-107.3.0] startup
[5.743s] [ext: omni.usd.schema.audio-0.0.0] startup
[5.748s] [ext: omni.usd.schema.semantics-0.0.0] startup
[5.751s] [ext: omni.usd_resolver-1.0.0] startup
[5.757s] [ext: usdrt.scenegraph-7.6.1] startup
[5.821s] [ext: omni.kit.actions.core-1.0.0] startup
[5.827s] [ext: omni.timeline-1.0.14] startup
[5.830s] [ext: omni.usd.core-1.5.3] startup
[5.833s] [ext: omni.resourcemonitor-107.0.1] startup
[5.837s] [ext: omni.activity.core-1.0.3] startup
[5.840s] [ext: omni.kit.audiodeviceenum-1.0.2] startup
[5.842s] [ext: omni.hydra.usdrt_delegate-7.5.1] startup
[5.851s] [ext: omni.graph.exec-0.9.6] startup
[5.852s] [ext: omni.kit.window.popup_dialog-2.0.24] startup
[5.866s] [ext: omni.kit.exec.core-0.13.4] startup
[5.870s] [ext: omni.kit.widget.nucleus_connector-2.0.1] startup
[5.881s] [ext: omni.kit.usd_undo-0.1.8] startup
[5.884s] [ext: omni.kit.commands-1.4.10] startup
[5.898s] [ext: omni.hydra.scene_delegate-0.3.4] startup
[5.903s] [ext: omni.usd-1.13.10] startup
2026-05-16T23:36:16Z [5,948ms] [Warning] [omni.usd.audio] failed to subscribe to stage events
[6.039s] [ext: omni.inspect-1.0.2] startup
[6.041s] [ext: omni.kit.notification_manager-1.0.10] startup
[6.056s] [ext: omni.graph.core-2.184.3] startup
[6.060s] [ext: isaacsim.core.deprecation_manager-0.2.7] startup
[6.063s] [ext: omni.usd.schema.omniscripting-1.0.0] startup
[6.070s] [ext: omni.usd.schema.isaac-3.0.5] startup
[6.070s] [ext: isaacsim.robot.schema-3.5.1] startup
[6.084s] [ext: omni.usd.schema.omni_sensors-0.0.0] startup
[6.086s] [ext: omni.usd.schema.omni_lens_distortion-0.0.0] startup
[6.087s] [ext: omni.anim.navigation.schema-107.3.0] startup
[6.092s] [ext: omni.usd.schema.physx-107.3.18] startup
[6.146s] [ext: omni.usd.schema.flow-107.1.1] startup
[6.148s] [ext: omni.usd.schema.render_settings.rtx-0.0.0] startup
[6.150s] [ext: omni.kit.asset_converter-4.1.4] startup
[6.179s] [ext: omni.convexdecomposition-107.3.18] startup
[6.183s] [ext: omni.graph.tools-1.79.2] startup
[6.365s] [ext: omni.physx.foundation-107.3.18] startup
[6.369s] [ext: omni.kvdb-107.3.18] startup
[6.371s] [ext: omni.graph.action_core-1.1.7] startup
[6.374s] [ext: omni.graph-1.141.2] startup
[6.573s] [ext: omni.usdphysics-107.3.18] startup
[6.577s] [ext: omni.localcache-107.3.18] startup
[6.581s] [ext: omni.kit.menu.core-1.1.2] startup
[6.587s] [ext: omni.kit.widget.path_field-2.0.11] startup
[6.595s] [ext: omni.kit.widget.options_menu-1.1.6] startup
[6.612s] [ext: omni.kit.widget.context_menu-1.2.5] startup
[6.623s] [ext: omni.kit.widget.browser_bar-2.0.10] startup
[6.629s] [ext: omni.kit.clipboard-1.0.5] startup
[6.631s] [ext: omni.kit.widget.options_button-1.0.3] startup
[6.635s] [ext: omni.kit.helper.file_utils-0.1.9] startup
[6.645s] [ext: omni.kit.usd.layers-2.2.10] startup
[6.692s] [ext: omni.kit.menu.utils-2.0.3] startup
[6.747s] [ext: omni.ui.scene-1.11.4] startup
[6.757s] [ext: omni.kit.widget.filebrowser-2.12.2] startup
[6.805s] [ext: omni.kit.stage_template.core-1.1.22] startup
[6.809s] [ext: omni.kit.primitive.mesh-1.0.17] startup
[6.835s] [ext: omni.kit.window.filepicker-2.13.3] startup
[6.958s] [ext: omni.kit.stage_templates-2.0.0] startup
[6.969s] [ext: omni.graph.action_nodes-1.50.4] startup
[6.981s] [ext: omni.physx.cooking-107.3.18] startup
[6.991s] [ext: omni.warp.core-1.7.1] startup
[7.663s] [ext: omni.usd.metrics.assembler-107.3.1] startup
[7.734s] [ext: omni.physx-107.3.18] startup
[7.865s] [ext: omni.physics-107.3.18] startup
[7.938s] [ext: isaacsim.core.experimental.utils-0.2.0] startup
[7.965s] [ext: omni.graph.action-1.130.0] startup
[8.037s] [ext: omni.kit.manipulator.viewport-107.0.1] startup
[8.090s] [ext: omni.physics.physx-107.3.18] startup
[8.093s] [ext: omni.physics.stageupdate-107.3.18] startup
[8.099s] [ext: omni.kit.numpy.common-0.1.2] startup
[8.103s] [ext: omni.kit.property.adapter.core-1.0.2] startup
[8.111s] [ext: isaacsim.test.docstring-1.1.0] startup
[8.155s] [ext: omni.isaac.dynamic_control-2.0.7] startup
2026-05-16T23:36:18Z [8,138ms] [Warning] [omni.isaac.dynamic_control] omni.isaac.dynamic_control is deprecated as of Isaac Sim 4.5. No action is needed from end-users.
[8.167s] [ext: omni.hydra.rtx.shadercache.vulkan-1.0.0] startup
[8.173s] [ext: omni.hydra.engine.stats-1.0.3] startup
[8.177s] [ext: omni.physics.tensors-107.3.18] startup
[8.209s] [ext: omni.index.libs-380600.5717.0] startup
[8.210s] [ext: omni.volume-0.5.2] startup
[8.215s] [ext: omni.ujitso.client-0.0.0] startup
[8.217s] [ext: omni.index-1.0.1] startup
[8.218s] [ext: omni.usd.metrics.assembler.physics-107.3.18] startup
[8.234s] [ext: omni.hydra.rtx-1.0.0] startup
2026-05-16T23:36:18Z [8,237ms] [Warning] [omni.log] Source: omni.hydra was already registered.
[8.288s] [ext: omni.kit.viewport.registry-104.0.6] startup
[8.292s] [ext: omni.kit.viewport.legacy_gizmos-1.0.18] startup
[8.296s] [ext: omni.kit.raycast.query-1.1.0] startup
[8.304s] [ext: omni.kit.context_menu-1.8.6] startup
[8.323s] [ext: omni.kit.viewport.scene_camera_model-1.0.6] startup
[8.329s] [ext: omni.kit.hydra_texture-1.4.5] startup
[8.335s] [ext: omni.kit.window.file_importer-1.1.18] startup
[8.344s] [ext: isaacsim.core.version-2.0.6] startup
[8.351s] [ext: omni.kit.window.drop_support-1.0.5] startup
[8.353s] [ext: omni.kit.widget.viewport-107.1.3] startup
[8.383s] [ext: omni.kit.material.library-2.0.7] startup
[8.427s] [ext: isaacsim.storage.native-1.2.8] startup
[8.436s] [ext: omni.kit.viewport.window-107.0.12] startup
[8.516s] [ext: omni.physx.tensors-107.3.18] startup
[8.522s] [ext: isaacsim.core.utils-3.4.5] startup
[8.532s] [ext: omni.kit.viewport.utility-1.1.2] startup
[8.549s] [ext: omni.kit.menu.create-2.0.1] startup
[8.554s] [ext: isaacsim.core.simulation_manager-1.3.2] startup
[12.724s] [ext: omni.graph.visualization.nodes-2.1.3] startup
[12.755s] [ext: omni.kit.property.adapter.usd-1.0.2] startup
[12.767s] [ext: omni.kit.property.adapter.fabric-1.0.3] startup
[12.785s] [ext: omni.kit.widget.searchable_combobox-1.0.6] startup
[12.810s] [ext: omni.kit.usd.collect-2.4.5] startup
[12.842s] [ext: omni.kit.window.file_exporter-1.0.33] startup
[12.858s] [ext: omni.Warp CUDA error: Failed to get driver entry point 'cuDeviceGetUuid' (CUDA error 1)
Warp CUDA error: Function cuDeviceGetUuid_f: a suitable driver entry point was not found
Warp CUDA error 36: API call is not supported in the installed CUDA driver (in function cuda_init, /builds/omniverse/warp/warp/native/warp.cu:277)
kit.hotkeys.core-1.3.10] startup
[12.863s] [ext: omni.kit.widget.highlight_label-1.0.3] startup
[12.868s] [ext: omni.kit.window.file-2.0.5] startup
[12.889s] [ext: omni.kit.widget.searchfield-1.1.8] startup
[12.903s] [ext: omni.kit.widget.filter-1.1.4] startup
[12.910s] [ext: omni.kit.window.content_browser_registry-0.0.6] startup
[12.915s] [ext: omni.kit.widget.stage_icons-1.0.8] startup
[12.919s] [ext: omni.kit.widget.stage-3.1.4] startup
[12.994s] [ext: omni.kit.window.property-1.12.1] startup
[13.008s] [ext: omni.kit.window.content_browser-3.1.1] startup
[13.047s] [ext: omni.kit.window.stage-2.6.1] startup
[13.059s] [ext: omni.kit.property.usd-4.5.11] startup
[13.170s] [ext: omni.ui_query-1.1.8] startup
[13.177s] [ext: omni.kit.widget.prompt-1.0.7] startup
[13.183s] [ext: omni.kit.ui_test-1.3.6] startup
[13.194s] [ext: omni.kit.tool.collect-2.2.18] startup
[13.212s] [ext: omni.kit.scripting-107.3.1] startup
[13.241s] [ext: isaacsim.core.experimental.prims-0.6.2] startup
[13.364s] [ext: omni.kit.widget.zoombar-1.0.6] startup
[13.375s] [ext: omni.kit.window.extensions-1.4.26] startup
[13.428s] [ext: isaacsim.replicator.behavior-1.1.14] startup
[13.433s] [ext: isaacsim.core.experimental.objects-0.2.4] startup
[13.473s] [ext: omni.kit.browser.core-2.3.13] startup
[13.504s] [ext: omni.kit.usdz_export-1.0.9] startup
[13.514s] [ext: omni.kit.menu.stage-1.2.7] startup
[13.521s] [ext: omni.kit.browser.folder.core-1.10.9] startup
[13.555s] [ext: omni.kit.tool.asset_importer-4.3.2] startup
[13.593s] [ext: isaacsim.gui.components-1.1.9] startup
[13.632s] [ext: isaacsim.examples.browser-0.1.12] startup
[13.653s] [ext: isaacsim.asset.importer.urdf-2.4.19] startup
[13.795s] [ext: isaacsim.simulation_app-2.9.2] startup
[13.800s] [ext: omni.graph.ui_nodes-1.50.5] startup
[13.808s] [ext: omni.isaac.kit-2.0.6] startup
2026-05-16T23:36:23Z [13,789ms] [Warning] [omni.isaac.kit] omni.isaac.kit has been deprecated in favor of isaacsim.simulation_app. Please update your code accordingly.
[13.823s] [ext: omni.kit.widget.graph-2.0.0] startup
[13.947s] [ext: omni.graph.image.core-0.6.1] startup
[13.977s] [ext: omni.kit.widget.settings-1.2.3] startup
[14.028s] [ext: omni.kit.graph.delegate.default-1.2.2] startup
[14.043s] [ext: omni.graph.image.nodes-1.3.1] startup
[14.045s] [ext: omni.kit.window.preferences-1.8.0] startup
[14.299s] [ext: omni.kit.graph.editor.core-1.5.3] startup
[14.353s] [ext: omni.kit.graph.usd.commands-1.3.1] startup
[14.362s] [ext: omni.graph.nodes-1.170.10] startup
[14.386s] [ext: omni.kit.viewport.menubar.core-107.1.5] startup
[14.464s] [ext: omni.kit.widget.material_preview-1.0.16] startup
[14.478s] [ext: omni.videoencoding-0.1.2] startup
[14.483s] [ext: isaacsim.core.prims-0.5.1] startup
[14.608s] [ext: omni.warp-1.7.1] startup
[14.635s] [ext: omni.syntheticdata-0.6.13] startup
[14.850s] [ext: omni.kit.window.material_graph-1.8.23] startup
[15.411s] [ext: omni.graph.scriptnode-1.50.0] startup
[15.460s] [ext: isaacsim.core.api-4.6.10] startup
[15.735s] [ext: omni.replicator.core-1.12.16] startup
2026-05-16T23:36:25Z [15,790ms] [Warning] [pxr.Semantics] pxr.Semantics is deprecated - please use Semantics instead
2026-05-16T23:36:26Z [16,129ms] [Warning] [omni.replicator.core.scripts.extension] No material configuration file, adding configuration to material settings directly.
[16.164s] [ext: isaacsim.robot_motion.lula-4.0.8] startup
[16.192s] [ext: isaacsim.robot.surface_gripper-3.2.6] startup
[16.214s] [ext: isaacsim.core.nodes-3.2.16] startup
[16.251s] [ext: isaacsim.robot_motion.motion_generation-8.0.25] startup
[16.480s] [ext: isaacsim.robot.manipulators-3.3.5] startup
[16.595s] [ext: omni.isaac.core_nodes-2.0.6] startup
2026-05-16T23:36:26Z [16,645ms] [Warning] [omni.isaac.core_nodes] omni.isaac.core_nodes has been deprecated in favor of isaacsim.core.nodes. Please update your code accordingly.
[16.707s] [ext: isaacsim.robot.manipulators.examples-1.0.17] startup
[16.787s] [ext: omni.kit.property.audio-1.0.16] startup
[16.941s] [ext: isaacsim.cortex.framework-1.0.12] startup
[16.963s] [ext: omni.kit.property.camera-1.0.10] startup
[17.089s] [ext: omni.hydra.scene_api-0.1.2] startup
[17.195s] [ext: omni.kit.property.geometry-2.0.4] startup
[17.483s] [ext: omni.kit.property.light-1.0.12] startup
[17.590s] [ext: isaacsim.cortex.behaviors-2.0.12] startup
[17.696s] [ext: omni.kit.property.material-1.11.9] startup
[18.047s] [ext: omni.kit.property.transform-1.5.12] startup
[18.119s] [ext: omni.kit.property.render-1.2.1] startup
[18.127s] [ext: omni.isaac.cortex-1.0.5] startup
2026-05-16T23:36:28Z [18,103ms] [Warning] [omni.isaac.cortex] omni.isaac.cortex has been deprecated in favor of isaacsim.cortex.framework. Please update your code accordingly.
[18.131s] [ext: omni.isaac.cortex.sample_behaviors-2.0.5] startup
2026-05-16T23:36:28Z [18,112ms] [Warning] [omni.isaac.cortex.sample_behaviors] omni.isaac.cortex.sample_behaviors has been deprecated in favor of isaacsim.cortex.behaviors. Please update your code accordingly.
[18.140s] [ext: omni.anim.curve.core-1.3.1] startup
[18.199s] [ext: isaacsim.robot_motion.lula_test_widget-1.0.12] startup
[18.218s] [ext: omni.kit.property.bundle-1.4.1] startup
[18.228s] [ext: omni.isaac.lula-4.0.6] startup
2026-05-16T23:36:28Z [18,204ms] [Warning] [omni.isaac.lula] omni.isaac.lula has been deprecated in favor of isaacsim.robot_motion.lula. Please update your code accordingly.
[18.233s] [ext: omni.isaac.manipulators-3.0.7] startup
2026-05-16T23:36:28Z [18,208ms] [Warning] [omni.isaac.manipulators] omni.isaac.manipulators has been deprecated in favor of isaacsim.robot.manipulators. Please update your code accordingly.
2026-05-16T23:36:28Z [18,209ms] [Warning] [omni.isaac.manipulators.controllers] omni.isaac.manipulators has been deprecated in favor of isaacsim.robot.manipulators. Please update your code accordingly.
2026-05-16T23:36:28Z [18,210ms] [Warning] [omni.isaac.manipulators.controllers.pick_place_controller] omni.isaac.manipulators has been deprecated in favor of isaacsim.robot.manipulators. Please update your code accordingly.
2026-05-16T23:36:28Z [18,214ms] [Warning] [omni.isaac.manipulators.controllers.stacking_controller] omni.isaac.manipulators has been deprecated in favor of isaacsim.robot.manipulators. Please update your code accordingly.
2026-05-16T23:36:28Z [18,215ms] [Warning] [omni.isaac.manipulators.grippers] omni.isaac.manipulators has been deprecated in favor of isaacsim.robot.manipulators. Please update your code accordingly.
2026-05-16T23:36:28Z [18,215ms] [Warning] [omni.isaac.manipulators.grippers.gripper] omni.isaac.manipulators has been deprecated in favor of isaacsim.robot.manipulators. Please update your code accordingly.
2026-05-16T23:36:28Z [18,216ms] [Warning] [omni.isaac.manipulators.grippers.parallel_gripper] omni.isaac.manipulators has been deprecated in favor of isaacsim.robot.manipulators. Please update your code accordingly.
2026-05-16T23:36:28Z [18,216ms] [Warning] [omni.isaac.manipulators.grippers.surface_gripper] omni.isaac.manipulators has been deprecated in favor of isaacsim.robot.manipulators. Please update your code accordingly.
2026-05-16T23:36:28Z [18,217ms] [Warning] [omni.isaac.manipulators.manipulators] omni.isaac.manipulators has been deprecated in favor of isaacsim.robot.manipulators. Please update your code accordingly.
2026-05-16T23:36:28Z [18,217ms] [Warning] [omni.isaac.manipulators.manipulators.single_manipulator] omni.isaac.manipulators has been deprecated in favor of isaacsim.robot.manipulators. Please update your code accordingly.
[18.246s] [ext: omni.kit.viewport.menubar.lighting-107.3.1] startup
[18.271s] [ext: omni.isaac.lula_test_widget-1.0.6] startup
2026-05-16T23:36:28Z [18,246ms] [Warning] [omni.isaac.lula_test_widget] omni.isaac.lula_test_widget has been deprecated in favor of isaacsim.robot_motion.lula_test_widget. Please update your code accordingly.
[18.279s] [ext: isaacsim.core.throttling-2.1.10] startup
[18.287s] [ext: isaacsim.asset.importer.mjcf-2.5.8] startup
[18.315s] [ext: omni.kit.selection-0.1.6] startup
[18.326s] [ext: omni.kit.widget.toolbar-2.0.1] startup
[18.362s] [ext: omni.kit.manipulator.transform-107.0.0] startup
[18.395s] [ext: isaacsim.gui.menu-2.3.17] startup
[20.449s] [ext: isaacsim.asset.browser-1.3.19] startup
[20.482s] [ext: omni.kit.manipulator.tool.snap-1.5.13] startup
[20.526s] [ext: omni.kit.manipulator.selector-1.1.3] startup
[20.536s] [ext: omni.isaac.menu-1.0.6] startup
2026-05-16T23:36:30Z [20,511ms] [Warning] [omni.isaac.menu] omni.isaac.menu has been deprecated in favor of isaacsim.gui.menu. Please update your code accordingly.
[20.539s] [ext: omni.isaac.motion_generation-8.0.7] startup
2026-05-16T23:36:30Z [20,523ms] [Warning] [omni.isaac.motion_generation] omni.isaac.motion_generation has been deprecated in favor of isaacsim.robot_motion.motion_generation. Please update your code accordingly.
2026-05-16T23:36:30Z [20,523ms] [Warning] [omni.isaac.motion_generation.articulation_kinematics_solver] omni.isaac.motion_generation has been deprecated in favor of isaacsim.robot_motion.motion_generation. Please update your code accordingly.
2026-05-16T23:36:30Z [20,524ms] [Warning] [omni.isaac.motion_generation.articulation_motion_policy] omni.isaac.motion_generation has been deprecated in favor of isaacsim.robot_motion.motion_generation. Please update your code accordingly.
2026-05-16T23:36:30Z [20,525ms] [Warning] [omni.isaac.motion_generation.articulation_trajectory] omni.isaac.motion_generation has been deprecated in favor of isaacsim.robot_motion.motion_generation. Please update your code accordingly.
2026-05-16T23:36:30Z [20,525ms] [Warning] [omni.isaac.motion_generation.kinematics_interface] omni.isaac.motion_generation has been deprecated in favor of isaacsim.robot_motion.motion_generation. Please update your code accordingly.
2026-05-16T23:36:30Z [20,526ms] [Warning] [omni.isaac.motion_generation.lula] omni.isaac.motion_generation has been deprecated in favor of isaacsim.robot_motion.motion_generation. Please update your code accordingly.
2026-05-16T23:36:30Z [20,527ms] [Warning] [omni.isaac.motion_generation.lula.kinematics] omni.isaac.motion_generation has been deprecated in favor of isaacsim.robot_motion.motion_generation. Please update your code accordingly.
2026-05-16T23:36:30Z [20,527ms] [Warning] [omni.isaac.motion_generation.lula.motion_policies] omni.isaac.motion_generation has been deprecated in favor of isaacsim.robot_motion.motion_generation. Please update your code accordingly.
2026-05-16T23:36:30Z [20,528ms] [Warning] [omni.isaac.motion_generation.lula.path_planners] omni.isaac.motion_generation has been deprecated in favor of isaacsim.robot_motion.motion_generation. Please update your code accordingly.
2026-05-16T23:36:30Z [20,528ms] [Warning] [omni.isaac.motion_generation.lula.trajectory_generator] omni.isaac.motion_generation has been deprecated in favor of isaacsim.robot_motion.motion_generation. Please update your code accordingly.
2026-05-16T23:36:30Z [20,529ms] [Warning] [omni.isaac.motion_generation.motion_policy_controller] omni.isaac.motion_generation has been deprecated in favor of isaacsim.robot_motion.motion_generation. Please update your code accordingly.
2026-05-16T23:36:30Z [20,530ms] [Warning] [omni.isaac.motion_generation.motion_policy_interface] omni.isaac.motion_generation has been deprecated in favor of isaacsim.robot_motion.motion_generation. Please update your code accordingly.
2026-05-16T23:36:30Z [20,530ms] [Warning] [omni.isaac.motion_generation.path_planner_visualizer] omni.isaac.motion_generation has been deprecated in favor of isaacsim.robot_motion.motion_generation. Please update your code accordingly.
2026-05-16T23:36:30Z [20,531ms] [Warning] [omni.isaac.motion_generation.path_planning_interface] omni.isaac.motion_generation has been deprecated in favor of isaacsim.robot_motion.motion_generation. Please update your code accordingly.
2026-05-16T23:36:30Z [20,531ms] [Warning] [omni.isaac.motion_generation.trajectory] omni.isaac.motion_generation has been deprecated in favor of isaacsim.robot_motion.motion_generation. Please update your code accordingly.
2026-05-16T23:36:30Z [20,532ms] [Warning] [omni.isaac.motion_generation.world_interface] omni.isaac.motion_generation has been deprecated in favor of isaacsim.robot_motion.motion_generation. Please update your code accordingly.
[20.561s] [ext: omni.isaac.asset_browser-1.0.6] startup
2026-05-16T23:36:30Z [20,542ms] [Warning] [omni.isaac.asset_browser] omni.isaac.asset_browser has been deprecated in favor of isaacsim.asset.browser. Please update your code accordingly.
[20.575s] [ext: omni.kit.viewport.manipulator.transform-107.0.4] startup
[20.596s] [ext: omni.isaac.nucleus-1.0.6] startup
2026-05-16T23:36:30Z [20,572ms] [Warning] [omni.isaac.nucleus] omni.isaac.nucleus has been deprecated in favor of isaacsim.storage.native. Please update your code accordingly.
2026-05-16T23:36:30Z [20,573ms] [Warning] [omni.isaac.nucleus.nucleus] omni.isaac.nucleus.nucleus has been deprecated in favor of isaacsim.storage.native. Please update your code accordingly.
[20.601s] [ext: omni.fabric.commands-1.1.6] startup
[20.630s] [ext: omni.kit.manipulator.prim.core-107.0.8] startup
[20.688s] [ext: isaacsim.robot.wheeled_robots-4.0.23] startup
[20.716s] [ext: omni.isaac.utils-2.0.6] startup
[20.726s] [ext: omni.isaac.version-2.0.7] startup
2026-05-16T23:36:30Z [20,706ms] [Warning] [omni.isaac.version] omni.isaac.version has been deprecated in favor of isaacsim.core.version. Please update your code accordingly.
[20.735s] [ext: omni.isaac.wheeled_robots-3.0.7] startup
2026-05-16T23:36:30Z [20,711ms] [Warning] [omni.isaac.wheeled_robots] omni.isaac.wheeled_robots has been deprecated in favor of isaacsim.robot.wheeled_robots. Please update your code accordingly.
2026-05-16T23:36:30Z [20,712ms] [Warning] [omni.isaac.wheeled_robots.controllers] omni.isaac.wheeled_robots has been deprecated in favor of isaacsim.robot.wheeled_robots. Please update your code accordingly.
2026-05-16T23:36:30Z [20,713ms] [Warning] [omni.isaac.wheeled_robots.controllers.ackermann_controller] omni.isaac.wheeled_robots has been deprecated in favor of isaacsim.robot.wheeled_robots. Please update your code accordingly.
2026-05-16T23:36:30Z [20,714ms] [Warning] [omni.isaac.wheeled_robots.controllers.differential_controller] omni.isaac.wheeled_robots has been deprecated in favor of isaacsim.robot.wheeled_robots. Please update your code accordingly.
2026-05-16T23:36:30Z [20,715ms] [Warning] [omni.isaac.wheeled_robots.controllers.holonomic_controller] omni.isaac.wheeled_robots has been deprecated in favor of isaacsim.robot.wheeled_robots. Please update your code accordingly.
2026-05-16T23:36:30Z [20,716ms] [Warning] [omni.isaac.wheeled_robots.controllers.quintic_path_planner] omni.isaac.wheeled_robots has been deprecated in favor of isaacsim.robot.wheeled_robots. Please update your code accordingly.
2026-05-16T23:36:30Z [20,717ms] [Warning] [omni.isaac.wheeled_robots.controllers.stanley_control] omni.isaac.wheeled_robots has been deprecated in favor of isaacsim.robot.wheeled_robots. Please update your code accordingly.
2026-05-16T23:36:30Z [20,717ms] [Warning] [omni.isaac.wheeled_robots.controllers.wheel_base_pose_controller] omni.isaac.wheeled_robots has been deprecated in favor of isaacsim.robot.wheeled_robots. Please update your code accordingly.
2026-05-16T23:36:30Z [20,724ms] [Warning] [omni.isaac.wheeled_robots.impl] omni.isaac.wheeled_robots has been deprecated in favor of isaacsim.robot.wheeled_robots. Please update your code accordingly.
2026-05-16T23:36:30Z [20,725ms] [Warning] [omni.isaac.wheeled_robots.robots] omni.isaac.wheeled_robots has been deprecated in favor of isaacsim.robot.wheeled_robots. Please update your code accordingly.
2026-05-16T23:36:30Z [20,726ms] [Warning] [omni.isaac.wheeled_robots.robots.holonomic_robot_usd_setup] omni.isaac.wheeled_robots has been deprecated in favor of isaacsim.robot.wheeled_robots. Please update your code accordingly.
2026-05-16T23:36:30Z [20,731ms] [Warning] [omni.isaac.wheeled_robots.robots.wheeled_robot] omni.isaac.wheeled_robots has been deprecated in favor of isaacsim.robot.wheeled_robots. Please update your code accordingly.
[20.760s] [ext: omni.sensors.nv.common-2.7.0-coreapi] startup
[20.785s] [ext: isaacsim.app.about-2.0.11] startup
[20.795s] [ext: omni.kit.manipulator.prim.fabric-107.0.4] startup
[20.805s] [ext: isaacsim.sensors.physics-0.3.27] startup
[20.848s] [ext: omni.kit.manipulator.prim.usd-107.0.3] startup
[20.869s] [ext: omni.sensors.net-0.4.0-coreapi] startup
[20.891s] [ext: omni.sensors.nv.materials-1.6.0-coreapi] startup
[20.901s] [ext: omni.isaac.window.about-2.0.7] startup
2026-05-16T23:36:31Z [20,915ms] [Warning] [omni.isaac.window.about] omni.isaac.window.about has been deprecated in favor of isaacsim.app.about. Please update your code accordingly.
2026-05-16T23:36:31Z [20,916ms] [Warning] [omni.isaac.window.about.about] omni.isaac.window.about.about has been deprecated in favor of isaacsim.app.about.about. Please update your code accordingly.
[20.947s] [ext: omni.kit.manipulator.camera-106.0.4] startup
[21.035s] [ext: isaacsim.robot.policy.examples-4.1.11] startup
[21.047s] [ext: omni.kit.manipulator.prim-107.0.0] startup
[21.063s] [ext: omni.kit.manipulator.selection-106.0.1] startup
[21.073s] [ext: omni.sensors.nv.ids-1.5.0-coreapi] startup
[21.080s] [ext: omni.sensors.nv.wpm-2.5.0-coreapi] startup
[21.084s] [ext: omni.sensors.nv.lidar-2.7.0-coreapi] startup
[21.097s] [ext: omni.isaac.quadruped-3.0.7] startup
2026-05-16T23:36:31Z [21,071ms] [Warning] [omni.isaac.quadruped] omni.isaac.quadruped has been deprecated in favor of isaacsim.robot.policy.examples. Please update your code accordingly.
[21.100s] [ext: omni.isaac.assets_check-0.3.13] startup
2026-05-16T23:36:31Z [21,079ms] [Warning] [omni.isaac.assets_check] omni.isaac.assets_check has been deprecated in favor of isaacsim.asset.browser. Please update your code accordingly.
[21.106s] [ext: isaacsim.gui.content_browser-0.1.9] startup
[21.124s] [ext: isaacsim.util.debug_draw-3.1.0] startup
[21.132s] [ext: omni.sensors.nv.radar-2.8.0-coreapi] startup
[21.140s] [ext: omni.isaac.franka-1.0.7] startup
2026-05-16T23:36:31Z [21,116ms] [Warning] [omni.isaac.franka] omni.isaac.franka has been deprecated in favor of isaacsim.robot.manipulators.examples.franka. Please update your code accordingly.
2026-05-16T23:36:31Z [21,116ms] [Warning] [omni.isaac.franka.franka] omni.isaac.franka has been deprecated in favor of isaacsim.robot.manipulators.examples.franka. Please update your code accordingly.
2026-05-16T23:36:31Z [21,121ms] [Warning] [omni.isaac.franka.kinematics_solver] omni.isaac.franka has been deprecated in favor of isaacsim.robot.manipulators.examples.franka. Please update your code accordingly.
[21.149s] [ext: isaacsim.gui.property-1.1.3] startup
[21.179s] [ext: isaacsim.sensors.physx-2.2.27] startup
[21.200s] [ext: isaacsim.sensors.camera-1.3.1] startup
[21.243s] [ext: isaacsim.sensors.rtx-15.5.0] startup
[21.273s] [ext: isaacsim.core.cloner-1.4.9] startup
[21.288s] [ext: omni.kit.property.isaac-1.0.6] startup
2026-05-16T23:36:31Z [21,271ms] [Warning] [omni.kit.property.isaac] omni.kit.property.isaac has been deprecated in favor of isaacsim.gui.property. Please update your code accordingly.
2026-05-16T23:36:31Z [21,277ms] [Warning] [omni.kit.property.isaac.widgets] omni.kit.property.isaac.widgets has been deprecated in favor of isaacsim.gui.property.widgets. Please update your code accordingly.
[21.305s] [ext: omni.isaac.range_sensor-4.0.6] startup
2026-05-16T23:36:31Z [21,281ms] [Warning] [omni.isaac.range_sensor] omni.isaac.range_sensor has been deprecated in favor of isaacsim.sensors.physx. Please update your code accordingly.
2026-05-16T23:36:31Z [21,281ms] [Warning] [omni.isaac.range_sensor.commands] omni.isaac.range_sensor.commands has been deprecated in favor of isaacsim.sensors.physx.commands. Please update your code accordingly.
[21.309s] [ext: omni.kit.viewport.menubar.camera-107.0.3] startup
[21.346s] [ext: omni.isaac.sensor-13.0.7] startup
2026-05-16T23:36:31Z [21,321ms] [Warning] [omni.isaac.sensor] omni.isaac.sensor has been deprecated in favor of isaacsim.sensors.camera, isaacsim.sensors.physics, isaacsim.sensors.physx, and isaacsim.sensors.rtx. Please update your code accordingly.
2026-05-16T23:36:31Z [21,321ms] [Warning] [omni.isaac.sensor.camera] omni.isaac.sensor.camera has been deprecated in favor of isaacsim.sensors.camera.camera. Please update your code accordingly.
2026-05-16T23:36:31Z [21,322ms] [Warning] [omni.isaac.sensor.camera_view] omni.isaac.sensor.camera_view has been deprecated in favor of isaacsim.sensors.camera.camera_view. Please update your code accordingly.
2026-05-16T23:36:31Z [21,322ms] [Warning] [omni.isaac.sensor.commands] omni.isaac.sensor.commands has been deprecated in favor of isaacsim.sensors.physics.commands, isaacsim.sensors.physx.commands, and isaacsim.sensors.rtx.commands. Please update your code accordingly.
2026-05-16T23:36:31Z [21,323ms] [Warning] [omni.isaac.sensor.contact_sensor] omni.isaac.sensor.contact_sensor has been deprecated in favor of isaacsim.sensors.physics.contact_sensor. Please update your code accordingly.
2026-05-16T23:36:31Z [21,323ms] [Warning] [omni.isaac.sensor.imu_sensor] omni.isaac.sensor.imu_sensor has been deprecated in favor of isaacsim.sensors.physics.imu_sensor. Please update your code accordingly.
2026-05-16T23:36:31Z [21,323ms] [Warning] [omni.isaac.sensor.lidar_rtx] omni.isaac.sensor.lidar_rtx has been deprecated in favor of isaacsim.sensors.rtx.lidar_rtx. Please update your code accordingly.
2026-05-16T23:36:31Z [21,324ms] [Warning] [omni.isaac.sensor.rotating_lidar_physX] omni.isaac.sensor.imu_sensor has been deprecated in favor of isaacsim.sensors.physix.rotating_lidar_physX. Please update your code accordingly.
2026-05-16T23:36:31Z [21,325ms] [Warning] [omni.isaac.sensor.scripts.samples.contact_sensor] omni.isaac.sensor.scripts.samples.contact_sensor has been deprecated in favor of isaacsim.sensors.physics.scripts.samples.contact_sensor. Please update your code accordingly.
2026-05-16T23:36:31Z [21,326ms] [Warning] [omni.isaac.sensor.scripts.samples.imu_sensor] omni.isaac.sensor.scripts.samples.imu_sensor has been deprecated in favor of isaacsim.sensors.physics.scripts.samples.imu_sensor. Please update your code accordingly.
2026-05-16T23:36:31Z [21,326ms] [Warning] [omni.isaac.sensor.scripts.samples.lightbeam_sensor] omni.isaac.sensor.scripts.samples.lightbeam_sensor has been deprecated in favor of isaacsim.sensors.physx.scripts.samples.lightbeam_sensor. Please update your code accordingly.
[21.354s] [ext: omni.isaac.cloner-1.0.7] startup
2026-05-16T23:36:31Z [21,331ms] [Warning] [omni.isaac.cloner] omni.isaac.cloner has been deprecated in favor of isaacsim.core.cloner. Please update your code accordingly.
[21.369s] [ext: omni.kit.viewport.menubar.render-107.0.9] startup
[21.392s] [ext: omni.kit.viewport.menubar.settings-107.0.3] startup
[21.417s] [ext: isaacsim.replicator.writers-1.0.15] startup
[21.514s] [ext: omni.kit.window.console-1.1.4] startup
[21.542s] [ext: omni.kit.window.status_bar-0.1.8] startup
[21.556s] [ext: omni.kit.viewport.actions-107.0.2] startup
[21.600s] [ext: isaacsim.replicator.domain_randomization-1.0.16] startup
[21.634s] [ext: isaacsim.replicator.examples-1.1.31] startup
[21.643s] [ext: omni.ocio-0.1.1] startup
[21.654s] [ext: omni.rtx.window.settings-0.6.19] startup
[21.688s] [ext: omni.kit.viewport.menubar.display-107.0.3] startup
[21.705s] [ext: omni.kit.window.toolbar-2.0.0] startup
[21.747s] [ext: omni.replicator.isaac-2.0.8] startup
2026-05-16T23:36:31Z [21,734ms] [Warning] [omni.replicator.isaac] omni.replicator.isaac has been deprecated in favor of isaacsim.replicator.domain_randomization, isaacsim.replicator.examples, isaacsim.replicator.writers. Please update your code accordingly.
[21.766s] [ext: omni.replicator.replicator_yaml-2.0.11] startup
[21.839s] [ext: omni.rtx.settings.core-0.6.5] startup
[21.960s] [ext: omni.usd.metrics.assembler.ui-107.3.1] startup
[22.008s] [ext: omni.isaac.surface_gripper-2.0.6] startup
2026-05-16T23:36:32Z [21,984ms] [Warning] [omni.isaac.surface_gripper] omni.isaac.surface_gripper has been deprecated in favor of isaacsim.robot.surface_gripper. Please update your code accordingly.
[22.014s] [ext: semantics.schema.editor-2.0.1] startup
[22.044s] [ext: omni.kit.ui.actions-1.0.5] startup
[22.054s] [ext: semantics.schema.property-2.0.1] startup
[22.066s] [ext: omni.isaac.universal_robots-1.0.6] startup
2026-05-16T23:36:32Z [22,042ms] [Warning] [omni.isaac.universal_robots] omni.isaac.universal_robots has been deprecated in favor of isaacsim.robot.manipulators.examples.universal_robots. Please update your code accordingly.
2026-05-16T23:36:32Z [22,043ms] [Warning] [omni.isaac.universal_robots.kinematics_solver] omni.isaac.franka has been deprecated in favor of isaacsim.robot.manipulators.examples.universal_robots. Please update your code accordingly.
2026-05-16T23:36:32Z [22,047ms] [Warning] [omni.isaac.universal_robots.ur10] omni.isaac.franka has been deprecated in favor of isaacsim.robot.manipulators.examples.universal_robots. Please update your code accordingly.
[22.075s] [ext: omni.isaac.core-4.0.7] startup
2026-05-16T23:36:32Z [22,056ms] [Warning] [omni.isaac.core.physics_context.physics_context] omni.isaac.core.physics_context.physics_context has been deprecated in favor of isaacsim.core.api.physics_context.physics_context. Please update your code accordingly.
2026-05-16T23:36:32Z [22,057ms] [Warning] [omni.isaac.core.simulation_context.simulation_context] omni.isaac.core.simulation_context.simulation_context has been deprecated in favor of isaacsim.core.api.simulation_context.simulation_context. Please update your code accordingly.
2026-05-16T23:36:32Z [22,059ms] [Warning] [omni.isaac.core.world.world] omni.isaac.core.world.world has been deprecated in favor of isaacsim.core.api.world.world. Please update your code accordingly.
2026-05-16T23:36:32Z [22,059ms] [Warning] [omni.isaac.core] omni.isaac.core has been deprecated in favor of isaacsim.core.api. Please update your code accordingly.
[22.088s] [ext: isaacsim.gui.sensors.icon-2.0.3] startup
[22.117s] [ext: isaacsim.core.experimental.materials-0.3.0] startup
[22.157s] [ext: omni.kit.menu.common-2.0.0] startup
[22.170s] [ext: isaacsim.exp.base-5.0.0] startup
[22.171s] [ext: isaacsim.exp.base.python-5.0.0] startup
[22.176s] Simulation App Starting
2026-05-16T23:36:32Z [22,283ms] [Warning] [usdrt.population.plugin] using high frequency span is disabled
2026-05-16T23:36:32Z [22,331ms] [Warning] [omni.fabric.plugin] Warning: attribute viewportHandle not found for bucket id 9

[22.388s] app ready
2026-05-16T23:36:32Z [22,624ms] [Warning] [carb] Acquiring non optional plugin interface which is not listed as dependency: [carb::dictionary::ISerializer v1.1] (plugin: carb.dictionary.serializer-json.plugin), by client: carb.scenerenderer-rtx.plugin. Add it to CARB_PLUGIN_IMPL_DEPS() macro of a client.
2026-05-16T23:36:37Z [27,315ms] [Warning] [omni.kit.material.library.material_library] get_mdl_list_async: mdl_list_cache is not complete
2026-05-16T23:36:37Z [27,315ms] [Warning] [omni.kit.material.library.material_library] get_mdl_list: mdl_list_cache is not complete
2026-05-16T23:37:20Z [70,825ms] [Warning] [usdrt.hydra.fabric_scene_delegate.plugin] using high frequency span is disabled
2026-05-16T23:37:20Z [70,825ms] [Warning] [usdrt.hydra.fabric_scene_delegate.plugin] using high frequency span is disabled
2026-05-16T23:37:20Z [70,826ms] [Warning] [usdrt.hydra.fabric_scene_delegate.plugin] using high frequency span with attrs is disabled
2026-05-16T23:37:21Z [70,900ms] [Warning] [usdrt.hydra.fabric_scene_delegate.plugin] using high frequency span is disabled
2026-05-16T23:37:21Z [70,900ms] [Warning] [usdrt.hydra.fabric_scene_delegate.plugin] using high frequency span is disabled
[197.958s] Simulation App Startup Complete
[197.995s] [ext: isaacsim.ros2.bridge-4.9.3] startup
[198.086s] Attempting to load system rclpy
[198.126s] Could not import system rclpy: No module named 'rclpy._rclpy_pybind11'
The C extension '/opt/ros/humble/lib/python3.10/site-packages/_rclpy_pybind11.cpython-311-x86_64-linux-gnu.so' isn't present on the system. Please refer to 'https://docs.ros.org/en/humble/Guides/Installation-Troubleshooting.html#import-failing-without-library-present-on-the-system' for possible solutions
[198.126s] Attempting to load internal rclpy for ROS Distro: humble
[198.127s] Could not import internal rclpy: No module named 'rclpy._rclpy_pybind11'
The C extension '/opt/ros/humble/lib/python3.10/site-packages/_rclpy_pybind11.cpython-311-x86_64-linux-gnu.so' isn't present on the system. Please refer to 'https://docs.ros.org/en/humble/Guides/Installation-Troubleshooting.html#import-failing-without-library-present-on-the-system' for possible solutions
[198.127s] To use the internal libraries included with the extension please set the following environment variables to use with FastDDS (default) or CycloneDDS before starting Isaac Sim:

FastDDS (default):
export ROS_DISTRO=humble
export RMW_IMPLEMENTATION=rmw_fastrtps_cpp
export LD_LIBRARY_PATH=$LD_LIBRARY_PATH:/humble/lib

OR

CycloneDDS:
export ROS_DISTRO=humble
export RMW_IMPLEMENTATION=rmw_cyclonedds_cpp
export LD_LIBRARY_PATH=$LD_LIBRARY_PATH:/humble/lib


2026-05-16T23:39:28Z [198,100ms] [Warning] [humble.rclpy] Could not import rclpy
2026-05-16T23:40:22Z [252,355ms] [Warning] [omni.fabric.plugin] Warning: attribute inputs:cameraPrim not found for path /World/cell_cam_ros/setCamera

2026-05-16T23:40:22Z [252,447ms] [Warning] [omni.timeline.plugin] Deprecated: direct use of ITimeline callbacks is deprecated. Use ITimeline::getTimeline (Python: omni.timeline.get_timeline_interface) instead.
2026-05-16T23:40:22Z [252,776ms] [Warning] [isaacsim.ros2.bridge.impl.camera_info_utils] ROS2 CameraInfo support for lens distortion models beyond opencvPinhole and opencvFisheye is deprecated as of Isaac Sim 5.0, and will be removed in a future release.
2026-05-16T23:40:22Z [252,777ms] [Warning] [isaacsim.ros2.bridge.impl.camera_info_utils] Unsupported physical distortion model 'None'. Using plumb_bob with default coefficients.
2026-05-16T23:40:54Z [284,212ms] [Warning] [omni.fabric.plugin] USD->Fabric: Unhandled array type string[]
2026-05-16T23:40:54Z [284,237ms] [Warning] [usdrt.population.plugin] [UsdNoticeHandler] Unhandled attribute type VtArray<std::string> (prim attribute: omni:rtx:material:db:flattener:ior_constant)
2026-05-16T23:40:54Z [284,238ms] [Warning] [usdrt.population.plugin] [UsdNoticeHandler] Unhandled attribute type VtArray<std::string> (prim attribute: omni:rtx:material:db:flattener:reflection_roughness_constant)
2026-05-16T23:40:54Z [284,238ms] [Warning] [usdrt.population.plugin] [UsdNoticeHandler] Unhandled attribute type VtArray<std::string> (prim attribute: omni:rtx:material:db:flattener:transmittance_color)
2026-05-16T23:40:54Z [284,742ms] [Warning] [usdrt.hydra.fabric_scene_delegate.plugin] using high frequency span with attrs is disabled
2026-05-16T23:40:54Z [284,841ms] [Warning] [usdrt.hydra.fabric_scene_delegate.plugin] using high frequency span with attrs is disabled
2026-05-16T23:41:17Z [306,874ms] [Warning] [carb] Plugin interface for a client: omni.hydratexture.plugin was already released.
2026-05-16T23:41:17Z [306,980ms] [Warning] [isaacsim.ros2.bridge.impl.camera_info_utils] ROS2 CameraInfo support for lens distortion models beyond opencvPinhole and opencvFisheye is deprecated as of Isaac Sim 5.0, and will be removed in a future release.
2026-05-16T23:41:17Z [306,981ms] [Warning] [isaacsim.ros2.bridge.impl.camera_info_utils] ROS2 CameraInfo support for lens distortion models beyond opencvPinhole and opencvFisheye is deprecated as of Isaac Sim 5.0, and will be removed in a future release.
2026-05-16T23:41:17Z [307,027ms] [Warning] [carb] Client omni.hydratexture.plugin has acquired [carb::settings::ISettings v1.0] 100 times. Consider accessing this interface with carb::getCachedInterface() (Performance warning)
2026-05-16T23:41:17Z [307,035ms] [Warning] [carb] Client omni.hydratexture.plugin has acquired [carb::dictionary::IDictionary v1.1] 100 times. Consider accessing this interface with carb::getCachedInterface() (Performance warning)
2026-05-16T23:41:17Z [307,049ms] [Warning] [isaacsim.ros2.bridge.impl.camera_info_utils] ROS2 CameraInfo support for lens distortion models beyond opencvPinhole and opencvFisheye is deprecated as of Isaac Sim 5.0, and will be removed in a future release.
2026-05-16T23:41:17Z [307,049ms] [Warning] [isaacsim.ros2.bridge.impl.camera_info_utils] ROS2 CameraInfo support for lens distortion models beyond opencvPinhole and opencvFisheye is deprecated as of Isaac Sim 5.0, and will be removed in a future release.
2026-05-16T23:41:17Z [307,752ms] [Warning] [isaacsim.ros2.bridge.plugin] Frame with name Imu_Sensor already exists. Overriding frame name for /World/amr_0/chassis_link/sensors/left_hawk/Imu/Imu_Sensor to World_amr_0_chassis_link_sensors_left_hawk_Imu_Imu_Sensor (you can add the attribute isaac:nameOverride to remove this warning)
2026-05-16T23:41:17Z [307,753ms] [Warning] [isaacsim.ros2.bridge.plugin] Frame with name Imu_Sensor already exists. Overriding frame name for /World/amr_0/chassis_link/sensors/right_hawk/Imu/Imu_Sensor to World_amr_0_chassis_link_sensors_right_hawk_Imu_Imu_Sensor (you can add the attribute isaac:nameOverride to remove this warning)
2026-05-16T23:41:17Z [307,754ms] [Warning] [isaacsim.ros2.bridge.plugin] Frame with name Imu_Sensor already exists. Overriding frame name for /World/amr_0/chassis_link/sensors/back_hawk/Imu/Imu_Sensor to World_amr_0_chassis_link_sensors_back_hawk_Imu_Imu_Sensor (you can add the attribute isaac:nameOverride to remove this warning)
2026-05-16T23:41:17Z [307,756ms] [Warning] [isaacsim.ros2.bridge.plugin] Frame with name left already exists. Overriding frame name for /World/amr_0/chassis_link/sensors/left_hawk/left to World_amr_0_chassis_link_sensors_left_hawk_left (you can add the attribute isaac:nameOverride to remove this warning)
2026-05-16T23:41:17Z [307,757ms] [Warning] [isaacsim.ros2.bridge.plugin] Frame with name right already exists. Overriding frame name for /World/amr_0/chassis_link/sensors/left_hawk/right to World_amr_0_chassis_link_sensors_left_hawk_right (you can add the attribute isaac:nameOverride to remove this warning)
2026-05-16T23:41:17Z [307,757ms] [Warning] [isaacsim.ros2.bridge.plugin] Frame with name left already exists. Overriding frame name for /World/amr_0/chassis_link/sensors/right_hawk/left to World_amr_0_chassis_link_sensors_right_hawk_left (you can add the attribute isaac:nameOverride to remove this warning)
2026-05-16T23:41:17Z [307,757ms] [Warning] [isaacsim.ros2.bridge.plugin] Frame with name right already exists. Overriding frame name for /World/amr_0/chassis_link/sensors/right_hawk/right to World_amr_0_chassis_link_sensors_right_hawk_right (you can add the attribute isaac:nameOverride to remove this warning)
2026-05-16T23:41:17Z [307,757ms] [Warning] [isaacsim.ros2.bridge.plugin] Frame with name left already exists. Overriding frame name for /World/amr_0/chassis_link/sensors/back_hawk/left to World_amr_0_chassis_link_sensors_back_hawk_left (you can add the attribute isaac:nameOverride to remove this warning)
2026-05-16T23:41:17Z [307,758ms] [Warning] [isaacsim.ros2.bridge.plugin] Frame with name right already exists. Overriding frame name for /World/amr_0/chassis_link/sensors/back_hawk/right to World_amr_0_chassis_link_sensors_back_hawk_right (you can add the attribute isaac:nameOverride to remove this warning)
2026-05-16T23:41:17Z [307,760ms] [Warning] [isaacsim.ros2.bridge.plugin] Frame with name Imu_Sensor already exists. Overriding frame name for /World/amr_0/chassis_link/sensors/chassis_imu/Imu_Sensor to World_amr_0_chassis_link_sensors_chassis_imu_Imu_Sensor (you can add the attribute isaac:nameOverride to remove this warning)
2026-05-16T23:41:17Z [307,760ms] [Warning] [isaacsim.ros2.bridge.plugin] Frame with name mount already exists. Overriding frame name for /World/amr_0/chassis_link/sensors/left_hawk/mount to World_amr_0_chassis_link_sensors_left_hawk_mount (you can add the attribute isaac:nameOverride to remove this warning)
2026-05-16T23:41:17Z [307,760ms] [Warning] [isaacsim.ros2.bridge.plugin] Frame with name mount already exists. Overriding frame name for /World/amr_0/chassis_link/sensors/right_hawk/mount to World_amr_0_chassis_link_sensors_right_hawk_mount (you can add the attribute isaac:nameOverride to remove this warning)
2026-05-16T23:41:17Z [307,760ms] [Warning] [isaacsim.ros2.bridge.plugin] Frame with name mount already exists. Overriding frame name for /World/amr_0/chassis_link/sensors/back_hawk/mount to World_amr_0_chassis_link_sensors_back_hawk_mount (you can add the attribute isaac:nameOverride to remove this warning)
2026-05-16T23:41:17Z [307,763ms] [Warning] [isaacsim.ros2.bridge.plugin] Frame with name Imu_Sensor already exists. Overriding frame name for /World/amr_1/chassis_link/sensors/left_hawk/Imu/Imu_Sensor to World_amr_1_chassis_link_sensors_left_hawk_Imu_Imu_Sensor (you can add the attribute isaac:nameOverride to remove this warning)
2026-05-16T23:41:17Z [307,764ms] [Warning] [isaacsim.ros2.bridge.plugin] Frame with name Imu_Sensor already exists. Overriding frame name for /World/amr_1/chassis_link/sensors/right_hawk/Imu/Imu_Sensor to World_amr_1_chassis_link_sensors_right_hawk_Imu_Imu_Sensor (you can add the attribute isaac:nameOverride to remove this warning)
2026-05-16T23:41:17Z [307,765ms] [Warning] [isaacsim.ros2.bridge.plugin] Frame with name Imu_Sensor already exists. Overriding frame name for /World/amr_1/chassis_link/sensors/back_hawk/Imu/Imu_Sensor to World_amr_1_chassis_link_sensors_back_hawk_Imu_Imu_Sensor (you can add the attribute isaac:nameOverride to remove this warning)
2026-05-16T23:41:17Z [307,766ms] [Warning] [isaacsim.ros2.bridge.plugin] Frame with name left already exists. Overriding frame name for /World/amr_1/chassis_link/sensors/left_hawk/left to World_amr_1_chassis_link_sensors_left_hawk_left (you can add the attribute isaac:nameOverride to remove this warning)
2026-05-16T23:41:17Z [307,767ms] [Warning] [isaacsim.ros2.bridge.plugin] Frame with name right already exists. Overriding frame name for /World/amr_1/chassis_link/sensors/left_hawk/right to World_amr_1_chassis_link_sensors_left_hawk_right (you can add the attribute isaac:nameOverride to remove this warning)
2026-05-16T23:41:17Z [307,767ms] [Warning] [isaacsim.ros2.bridge.plugin] Frame with name left already exists. Overriding frame name for /World/amr_1/chassis_link/sensors/right_hawk/left to World_amr_1_chassis_link_sensors_right_hawk_left (you can add the attribute isaac:nameOverride to remove this warning)
2026-05-16T23:41:17Z [307,767ms] [Warning] [isaacsim.ros2.bridge.plugin] Frame with name right already exists. Overriding frame name for /World/amr_1/chassis_link/sensors/right_hawk/right to World_amr_1_chassis_link_sensors_right_hawk_right (you can add the attribute isaac:nameOverride to remove this warning)
2026-05-16T23:41:17Z [307,767ms] [Warning] [isaacsim.ros2.bridge.plugin] Frame with name left already exists. Overriding frame name for /World/amr_1/chassis_link/sensors/back_hawk/left to World_amr_1_chassis_link_sensors_back_hawk_left (you can add the attribute isaac:nameOverride to remove this warning)
2026-05-16T23:41:17Z [307,767ms] [Warning] [isaacsim.ros2.bridge.plugin] Frame with name right already exists. Overriding frame name for /World/amr_1/chassis_link/sensors/back_hawk/right to World_amr_1_chassis_link_sensors_back_hawk_right (you can add the attribute isaac:nameOverride to remove this warning)
2026-05-16T23:41:17Z [307,769ms] [Warning] [isaacsim.ros2.bridge.plugin] Frame with name Imu_Sensor already exists. Overriding frame name for /World/amr_1/chassis_link/sensors/chassis_imu/Imu_Sensor to World_amr_1_chassis_link_sensors_chassis_imu_Imu_Sensor (you can add the attribute isaac:nameOverride to remove this warning)
2026-05-16T23:41:17Z [307,770ms] [Warning] [isaacsim.ros2.bridge.plugin] Frame with name mount already exists. Overriding frame name for /World/amr_1/chassis_link/sensors/left_hawk/mount to World_amr_1_chassis_link_sensors_left_hawk_mount (you can add the attribute isaac:nameOverride to remove this warning)
2026-05-16T23:41:17Z [307,770ms] [Warning] [isaacsim.ros2.bridge.plugin] Frame with name mount already exists. Overriding frame name for /World/amr_1/chassis_link/sensors/right_hawk/mount to World_amr_1_chassis_link_sensors_right_hawk_mount (you can add the attribute isaac:nameOverride to remove this warning)
2026-05-16T23:41:17Z [307,770ms] [Warning] [isaacsim.ros2.bridge.plugin] Frame with name mount already exists. Overriding frame name for /World/amr_1/chassis_link/sensors/back_hawk/mount to World_amr_1_chassis_link_sensors_back_hawk_mount (you can add the attribute isaac:nameOverride to remove this warning)
2026-05-16T23:41:17Z [307,774ms] [Warning] [usdrt.population.plugin] [UsdNoticeHandler] Unhandled attribute type VtArray<std::string> (prim attribute: omni:rtx:material:db:flattener:ior_constant)
2026-05-16T23:41:17Z [307,775ms] [Warning] [usdrt.population.plugin] [UsdNoticeHandler] Unhandled attribute type VtArray<std::string> (prim attribute: omni:rtx:material:db:flattener:reflection_roughness_constant)
2026-05-16T23:41:17Z [307,775ms] [Warning] [usdrt.population.plugin] [UsdNoticeHandler] Unhandled attribute type VtArray<std::string> (prim attribute: omni:rtx:material:db:flattener:ior_constant)
2026-05-16T23:41:17Z [307,775ms] [Warning] [usdrt.population.plugin] [UsdNoticeHandler] Unhandled attribute type VtArray<std::string> (prim attribute: omni:rtx:material:db:flattener:reflection_roughness_constant)
2026-05-16T23:41:17Z [307,776ms] [Warning] [usdrt.population.plugin] [UsdNoticeHandler] Unhandled attribute type VtArray<std::string> (prim attribute: omni:rtx:material:db:flattener:transmittance_color)
2026-05-16T23:41:17Z [307,777ms] [Warning] [usdrt.population.plugin] [UsdNoticeHandler] Unhandled attribute type VtArray<std::string> (prim attribute: omni:rtx:material:db:flattener:transmittance_color)
2026-05-16T23:41:17Z [307,777ms] [Warning] [usdrt.population.plugin] [UsdNoticeHandler] Unhandled attribute type VtArray<std::string> (prim attribute: omni:rtx:material:db:flattener:ior_constant)
2026-05-16T23:41:17Z [307,778ms] [Warning] [usdrt.population.plugin] [UsdNoticeHandler] Unhandled attribute type VtArray<std::string> (prim attribute: omni:rtx:material:db:flattener:ior_constant)
2026-05-16T23:41:17Z [307,778ms] [Warning] [usdrt.population.plugin] [UsdNoticeHandler] Unhandled attribute type VtArray<std::string> (prim attribute: omni:rtx:material:db:flattener:reflection_roughness_constant)
2026-05-16T23:41:17Z [307,778ms] [Warning] [usdrt.population.plugin] [UsdNoticeHandler] Unhandled attribute type VtArray<std::string> (prim attribute: omni:rtx:material:db:flattener:transmittance_color)
2026-05-16T23:41:17Z [307,778ms] [Warning] [usdrt.population.plugin] [UsdNoticeHandler] Unhandled attribute type VtArray<std::string> (prim attribute: omni:rtx:material:db:flattener:reflection_roughness_constant)
2026-05-16T23:41:17Z [307,779ms] [Warning] [usdrt.population.plugin] [UsdNoticeHandler] Unhandled attribute type VtArray<std::string> (prim attribute: omni:rtx:material:db:flattener:ior_constant)
2026-05-16T23:41:17Z [307,779ms] [Warning] [usdrt.population.plugin] [UsdNoticeHandler] Unhandled attribute type VtArray<std::string> (prim attribute: omni:rtx:material:db:flattener:transmittance_color)
2026-05-16T23:41:17Z [307,779ms] [Warning] [usdrt.population.plugin] [UsdNoticeHandler] Unhandled attribute type VtArray<std::string> (prim attribute: omni:rtx:material:db:flattener:transmittance_color)
2026-05-16T23:41:17Z [307,779ms] [Warning] [usdrt.population.plugin] [UsdNoticeHandler] Unhandled attribute type VtArray<std::string> (prim attribute: omni:rtx:material:db:flattener:reflection_roughness_constant)
2026-05-16T23:41:17Z [307,780ms] [Warning] [usdrt.population.plugin] [UsdNoticeHandler] Unhandled attribute type VtArray<std::string> (prim attribute: omni:rtx:material:db:flattener:reflection_roughness_constant)
2026-05-16T23:41:17Z [307,780ms] [Warning] [usdrt.population.plugin] [UsdNoticeHandler] Unhandled attribute type VtArray<std::string> (prim attribute: omni:rtx:material:db:flattener:ior_constant)
2026-05-16T23:41:17Z [307,780ms] [Warning] [usdrt.population.plugin] [UsdNoticeHandler] Unhandled attribute type VtArray<std::string> (prim attribute: omni:rtx:material:db:flattener:transmittance_color)
2026-05-16T23:41:38Z [328,481ms] [Warning] [omni.timeline.plugin] Deprecated: direct use of ITimeline callbacks is deprecated. Use ITimeline::getTimeline (Python: omni.timeline.get_timeline_interface) instead.
2026-05-16T23:41:40Z [330,608ms] [Warning] [carb] Client gpu.foundation.plugin has acquired [gpu::unstable::IMemoryBudgetManagerFactory v0.1] 100 times. Consider accessing this interface with carb::getCachedInterface() (Performance warning)
2026-05-16T23:46:01Z [591,210ms] [Warning] [carb] Plugin interface for a client: omni.hydratexture.plugin was already released.
[591.402s] Simulation App Shutting Down
