[Info] [carb] Logging to file: /isaac-sim/kit/logs/Kit/Isaac-Sim Python/5.0/kit_20260517_002430.log
[0.106s] [ext: omni.kit.async_engine-0.0.3] startup
[1.545s] [ext: omni.metrics.core-0.0.3] startup
[1.546s] [ext: omni.client.lib-1.1.0] startup
[1.570s] [ext: omni.blobkey-1.1.2] startup
[1.571s] [ext: omni.stats-1.0.1] startup
[1.572s] [ext: omni.datastore-0.0.0] startup
[1.580s] [ext: omni.client-1.3.0] startup
[1.589s] [ext: omni.ujitso.default-1.0.0] startup
[1.592s] [ext: omni.hsscclient-1.1.2] startup
[1.600s] [ext: omni.gpu_foundation.shadercache.vulkan-1.0.0] startup
[1.603s] [ext: omni.assets.plugins-0.0.0] startup
[1.605s] [ext: omni.gpu_foundation-0.0.0] startup
[1.617s] [ext: carb.windowing.plugins-1.0.0] startup
2026-05-17T00:24:31Z [1,592ms] [Warning] [carb.windowing-glfw.plugin] GLFW initialization failed.
2026-05-17T00:24:31Z [1,592ms] [Warning] [carb] Failed to startup plugin carb.windowing-glfw.plugin (interfaces: [carb::windowing::IGLContext v1.0],[carb::windowing::IWindowing v1.5]) (impl: carb.windowing-glfw.plugin)
[1.619s] [ext: omni.kit.renderer.init-0.0.0] startup
2026-05-17T00:24:32Z [1,753ms] [Warning] [omni.platforminfo.plugin] failed to open the default display.  Can't verify X Server version.

|---------------------------------------------------------------------------------------------|
| Driver Version: 580.95.05     | Graphics API: Vulkan
|=============================================================================================|
| GPU | Name                             | Active | LDA | GPU Memory | Vendor-ID | LUID       |
|     |                                  |        |     |            | Device-ID | UUID       |
|     |                                  |        |     |            | Bus-ID    |            |
|---------------------------------------------------------------------------------------------|
| 0   | NVIDIA GeForce RTX 5090          | Yes: 0 |     | 32853   MB | 10de      | 0          |
|     |                                  |        |     |            | 2b85      | 69b05434.. |
|     |                                  |        |     |            | a1        |            |
|=============================================================================================|
| OS: 22.04.5 LTS (Jammy Jellyfish) ubuntu, Version: 22.04.5, Kernel: 5.15.0-164-generic
| Processor: AMD EPYC 7K62 48-Core Processor
| Bare Metal Cores: 96 | Bare Metal Logical Cores: 192
| Core Usage Quota: 23.04
|---------------------------------------------------------------------------------------------|
| Total Memory (MB): 114849 | Free Memory: 95042
| Total Page/Swap (MB): 8191 | Free Page/Swap: 0
|---------------------------------------------------------------------------------------------|
2026-05-17T00:24:33Z [3,020ms] [Warning] [gpu.foundation.plugin] IOMMU is enabled.
[3.479s] [ext: omni.kit.pipapi-0.0.0] startup
[3.481s] [ext: omni.kit.pip_archive-0.0.0] startup
[3.482s] [ext: omni.materialx.libs-1.0.7] startup
[3.494s] [ext: omni.pip.compute-1.6.2] startup
[3.495s] [ext: omni.usd.config-1.0.6] startup
[3.504s] [ext: omni.gpucompute.plugins-0.0.0] startup
[3.505s] [ext: omni.usd.libs-1.0.1] startup
[3.614s] [ext: omni.mdl-56.0.3] startup
[3.736s] [ext: omni.iray.libs-0.0.0] startup
[3.747s] [ext: omni.mdl.neuraylib-0.2.12] startup
[3.750s] [ext: omni.kit.usd.mdl-1.1.4] startup
[3.897s] [ext: omni.pip.cloud-1.3.6] startup
[3.900s] [ext: omni.isaac.core_archive-2.6.1] startup
[3.901s] [ext: omni.kit.telemetry-0.5.2] startup
[3.959s] [ext: omni.kit.loop-isaac-1.3.7] startup
[3.962s] [ext: omni.kit.test-2.0.1] startup
[4.047s] [ext: omni.isaac.ml_archive-3.0.2] startup
[4.047s] [ext: omni.appwindow-1.1.10] startup
2026-05-17T00:24:34Z [4,023ms] [Warning] [carb.windowing-glfw.plugin] GLFW initialization failed.
2026-05-17T00:24:34Z [4,023ms] [Warning] [carb] Failed to startup plugin carb.windowing-glfw.plugin (interfaces: [carb::windowing::IGLContext v1.0],[carb::windowing::IWindowing v1.5]) (impl: carb.windowing-glfw.plugin)
[4.052s] [ext: omni.kit.renderer.core-1.1.0] startup
2026-05-17T00:24:34Z [4,051ms] [Warning] [carb.windowing-glfw.plugin] GLFW initialization failed.
2026-05-17T00:24:34Z [4,051ms] [Warning] [carb] Failed to startup plugin carb.windowing-glfw.plugin (interfaces: [carb::windowing::IGLContext v1.0],[carb::windowing::IWindowing v1.5]) (impl: carb.windowing-glfw.plugin)
2026-05-17T00:24:34Z [4,064ms] [Warning] [carb.windowing-glfw.plugin] GLFW initialization failed.
2026-05-17T00:24:34Z [4,064ms] [Warning] [carb] Failed to startup plugin carb.windowing-glfw.plugin (interfaces: [carb::windowing::IGLContext v1.0],[carb::windowing::IWindowing v1.5]) (impl: carb.windowing-glfw.plugin)
[4.093s] [ext: omni.kit.renderer.capture-0.0.0] startup
[4.097s] [ext: omni.kit.renderer.imgui-2.0.5] startup
2026-05-17T00:24:34Z [4,076ms] [Warning] [carb.windowing-glfw.plugin] GLFW initialization failed.
2026-05-17T00:24:34Z [4,076ms] [Warning] [carb] Failed to startup plugin carb.windowing-glfw.plugin (interfaces: [carb::windowing::IGLContext v1.0],[carb::windowing::IWindowing v1.5]) (impl: carb.windowing-glfw.plugin)
2026-05-17T00:24:34Z [4,077ms] [Warning] [carb.windowing-glfw.plugin] GLFW initialization failed.
2026-05-17T00:24:34Z [4,077ms] [Warning] [carb] Failed to startup plugin carb.windowing-glfw.plugin (interfaces: [carb::windowing::IGLContext v1.0],[carb::windowing::IWindowing v1.5]) (impl: carb.windowing-glfw.plugin)
2026-05-17T00:24:34Z [4,078ms] [Warning] [carb.windowing-glfw.plugin] GLFW initialization failed.
2026-05-17T00:24:34Z [4,078ms] [Warning] [carb] Failed to startup plugin carb.windowing-glfw.plugin (interfaces: [carb::windowing::IGLContext v1.0],[carb::windowing::IWindowing v1.5]) (impl: carb.windowing-glfw.plugin)
[4.223s] [ext: omni.ui-2.26.18] startup
[4.239s] [ext: omni.kit.mainwindow-1.0.3] startup
[4.241s] [ext: carb.audio-0.1.0] startup
[4.277s] [ext: omni.uiaudio-1.0.0] startup
[4.279s] [ext: omni.kit.uiapp-0.0.0] startup
[4.279s] [ext: omni.usd.schema.metrics.assembler-107.3.1] startup
[4.283s] [ext: omni.usd.schema.anim-0.0.0] startup
[4.310s] [ext: omni.usd.schema.omnigraph-1.0.0] startup
[4.320s] [ext: omni.usd.schema.geospatial-0.0.0] startup
[4.323s] [ext: omni.anim.graph.schema-107.3.0] startup
[4.331s] [ext: omni.usd.schema.audio-0.0.0] startup
[4.335s] [ext: omni.usd.schema.semantics-0.0.0] startup
[4.337s] [ext: omni.usd_resolver-1.0.0] startup
[4.342s] [ext: usdrt.scenegraph-7.6.1] startup
[4.397s] [ext: omni.kit.actions.core-1.0.0] startup
[4.400s] [ext: omni.timeline-1.0.14] startup
[4.402s] [ext: omni.usd.core-1.5.3] startup
[4.405s] [ext: omni.resourcemonitor-107.0.1] startup
[4.408s] [ext: omni.activity.core-1.0.3] startup
[4.409s] [ext: omni.kit.audiodeviceenum-1.0.2] startup
[4.411s] [ext: omni.hydra.usdrt_delegate-7.5.1] startup
[4.419s] [ext: omni.graph.exec-0.9.6] startup
[4.419s] [ext: omni.kit.window.popup_dialog-2.0.24] startup
[4.425s] [ext: omni.kit.exec.core-0.13.4] startup
[4.427s] [ext: omni.kit.widget.nucleus_connector-2.0.1] startup
[4.430s] [ext: omni.kit.usd_undo-0.1.8] startup
[4.431s] [ext: omni.kit.commands-1.4.10] startup
[4.436s] [ext: omni.hydra.scene_delegate-0.3.4] startup
[4.441s] [ext: omni.usd-1.13.10] startup
2026-05-17T00:24:34Z [4,460ms] [Warning] [omni.usd.audio] failed to subscribe to stage events
[4.501s] [ext: omni.inspect-1.0.2] startup
[4.503s] [ext: omni.kit.notification_manager-1.0.10] startup
[4.506s] [ext: omni.graph.core-2.184.3] startup
[4.510s] [ext: isaacsim.core.deprecation_manager-0.2.7] startup
[4.511s] [ext: omni.usd.schema.omniscripting-1.0.0] startup
[4.517s] [ext: omni.usd.schema.isaac-3.0.5] startup
[4.517s] [ext: isaacsim.robot.schema-3.5.1] startup
[4.528s] [ext: omni.usd.schema.omni_sensors-0.0.0] startup
[4.529s] [ext: omni.usd.schema.omni_lens_distortion-0.0.0] startup
[4.529s] [ext: omni.anim.navigation.schema-107.3.0] startup
[4.533s] [ext: omni.usd.schema.physx-107.3.18] startup
[4.584s] [ext: omni.usd.schema.flow-107.1.1] startup
[4.584s] [ext: omni.usd.schema.render_settings.rtx-0.0.0] startup
[4.586s] [ext: omni.kit.asset_converter-4.1.4] startup
[4.602s] [ext: omni.convexdecomposition-107.3.18] startup
[4.605s] [ext: omni.graph.tools-1.79.2] startup
[4.647s] [ext: omni.physx.foundation-107.3.18] startup
[4.649s] [ext: omni.kvdb-107.3.18] startup
[4.651s] [ext: omni.graph.action_core-1.1.7] startup
[4.653s] [ext: omni.graph-1.141.2] startup
[4.725s] [ext: omni.usdphysics-107.3.18] startup
[4.728s] [ext: omni.localcache-107.3.18] startup
[4.731s] [ext: omni.kit.menu.core-1.1.2] startup
[4.733s] [ext: omni.kit.widget.path_field-2.0.11] startup
[4.735s] [ext: omni.kit.widget.options_menu-1.1.6] startup
[4.740s] [ext: omni.kit.widget.context_menu-1.2.5] startup
[4.743s] [ext: omni.kit.widget.browser_bar-2.0.10] startup
[4.745s] [ext: omni.kit.clipboard-1.0.5] startup
[4.746s] [ext: omni.kit.widget.options_button-1.0.3] startup
[4.747s] [ext: omni.kit.helper.file_utils-0.1.9] startup
[4.750s] [ext: omni.kit.usd.layers-2.2.10] startup
[4.762s] [ext: omni.kit.menu.utils-2.0.3] startup
[4.774s] [ext: omni.ui.scene-1.11.4] startup
[4.782s] [ext: omni.kit.widget.filebrowser-2.12.2] startup
[4.790s] [ext: omni.kit.stage_template.core-1.1.22] startup
[4.793s] [ext: omni.kit.primitive.mesh-1.0.17] startup
[4.799s] [ext: omni.kit.window.filepicker-2.13.3] startup
[4.824s] [ext: omni.kit.stage_templates-2.0.0] startup
[4.828s] [ext: omni.graph.action_nodes-1.50.4] startup
[4.839s] [ext: omni.physx.cooking-107.3.18] startup
[4.848s] [ext: omni.warp.core-1.7.1] startup
[5.226s] [ext: omni.usd.metrics.assembler-107.3.1] startup
[5.234s] [ext: omni.physx-107.3.18] startup
[5.248s] [ext: omni.physics-107.3.18] startup
[5.255s] [ext: isaacsim.core.experimental.utils-0.2.0] startup
[5.265s] [ext: omni.graph.action-1.130.0] startup
[5.270s] [ext: omni.kit.manipulator.viewport-107.0.1] startup
[5.277s] [ext: omni.physics.physx-107.3.18] startup
[5.279s] [ext: omni.physics.stageupdate-107.3.18] startup
[5.284s] [ext: omni.kit.numpy.common-0.1.2] startup
[5.288s] [ext: omni.kit.property.adapter.core-1.0.2] startup
[5.295s] [ext: isaacsim.test.docstring-1.1.0] startup
[5.310s] [ext: omni.isaac.dynamic_control-2.0.7] startup
2026-05-17T00:24:35Z [5,309ms] [Warning] [omni.isaac.dynamic_control] omni.isaac.dynamic_control is deprecated as of Isaac Sim 4.5. No action is needed from end-users.
[5.338s] [ext: omni.hydra.rtx.shadercache.vulkan-1.0.0] startup
[5.372s] [ext: omni.hydra.engine.stats-1.0.3] startup
[5.377s] [ext: omni.physics.tensors-107.3.18] startup
[5.384s] [ext: omni.index.libs-380600.5717.0] startup
[5.385s] [ext: omni.volume-0.5.2] startup
[5.388s] [ext: omni.ujitso.client-0.0.0] startup
[5.389s] [ext: omni.index-1.0.1] startup
[5.390s] [ext: omni.usd.metrics.assembler.physics-107.3.18] startup
[5.393s] [ext: omni.hydra.rtx-1.0.0] startup
2026-05-17T00:24:35Z [5,389ms] [Warning] [omni.log] Source: omni.hydra was already registered.
[5.436s] [ext: omni.kit.viewport.registry-104.0.6] startup
[5.438s] [ext: omni.kit.viewport.legacy_gizmos-1.0.18] startup
[5.440s] [ext: omni.kit.raycast.query-1.1.0] startup
[5.446s] [ext: omni.kit.context_menu-1.8.6] startup
[5.452s] [ext: omni.kit.viewport.scene_camera_model-1.0.6] startup
[5.457s] [ext: omni.kit.hydra_texture-1.4.5] startup
[5.461s] [ext: omni.kit.window.file_importer-1.1.18] startup
[5.466s] [ext: isaacsim.core.version-2.0.6] startup
[5.469s] [ext: omni.kit.window.drop_support-1.0.5] startup
[5.472s] [ext: omni.kit.widget.viewport-107.1.3] startup
[5.479s] [ext: omni.kit.material.library-2.0.7] startup
[5.489s] [ext: isaacsim.storage.native-1.2.8] startup
[5.493s] [ext: omni.kit.viewport.window-107.0.12] startup
[5.524s] [ext: omni.physx.tensors-107.3.18] startup
[5.532s] [ext: isaacsim.core.utils-3.4.5] startup
[5.536s] [ext: omni.kit.viewport.utility-1.1.2] startup
[5.542s] [ext: omni.kit.menu.create-2.0.1] startup
[5.546s] [ext: isaacsim.core.simulation_manager-1.3.2] startup
[7.870s] [ext: omni.graph.visualization.nodes-2.1.3] startup
[7.894s] [ext: omni.kit.property.adapter.usd-1.0.2] startup
[7.900s] [ext: omni.kit.property.adapter.fabric-1.0.3] startup
[7.909s] [ext: omni.kit.widget.searchable_combobox-1.0.6] startup
[7.914s] [ext: omni.kit.usd.collect-2.4.5] startup
[7.928s] [ext: omni.kit.window.file_exporter-1.0.33] startup
[7.934s] [ext: omni.kit.hotWarp CUDA error: Failed to get driver entry point 'cuDeviceGetUuid' (CUDA error 1)
Warp CUDA error: Function cuDeviceGetUuid_f: a suitable driver entry point was not found
Warp CUDA error 36: API call is not supported in the installed CUDA driver (in function cuda_init, /builds/omniverse/warp/warp/native/warp.cu:277)
keys.core-1.3.10] startup
[7.940s] [ext: omni.kit.widget.highlight_label-1.0.3] startup
[7.941s] [ext: omni.kit.window.file-2.0.5] startup
[7.948s] [ext: omni.kit.widget.searchfield-1.1.8] startup
[7.952s] [ext: omni.kit.widget.filter-1.1.4] startup
[7.955s] [ext: omni.kit.window.content_browser_registry-0.0.6] startup
[7.957s] [ext: omni.kit.widget.stage_icons-1.0.8] startup
[7.960s] [ext: omni.kit.widget.stage-3.1.4] startup
[7.984s] [ext: omni.kit.window.property-1.12.1] startup
[7.989s] [ext: omni.kit.window.content_browser-3.1.1] startup
[8.012s] [ext: omni.kit.window.stage-2.6.1] startup
[8.020s] [ext: omni.kit.property.usd-4.5.11] startup
[8.041s] [ext: omni.ui_query-1.1.8] startup
[8.045s] [ext: omni.kit.widget.prompt-1.0.7] startup
[8.048s] [ext: omni.kit.ui_test-1.3.6] startup
[8.051s] [ext: omni.kit.tool.collect-2.2.18] startup
[8.056s] [ext: omni.kit.scripting-107.3.1] startup
[8.065s] [ext: isaacsim.core.experimental.prims-0.6.2] startup
[8.116s] [ext: omni.kit.widget.zoombar-1.0.6] startup
[8.125s] [ext: omni.kit.window.extensions-1.4.26] startup
[8.136s] [ext: isaacsim.replicator.behavior-1.1.14] startup
[8.139s] [ext: isaacsim.core.experimental.objects-0.2.4] startup
[8.148s] [ext: omni.kit.browser.core-2.3.13] startup
[8.161s] [ext: omni.kit.usdz_export-1.0.9] startup
[8.168s] [ext: omni.kit.menu.stage-1.2.7] startup
[8.171s] [ext: omni.kit.browser.folder.core-1.10.9] startup
[8.182s] [ext: omni.kit.tool.asset_importer-4.3.2] startup
[8.193s] [ext: isaacsim.gui.components-1.1.9] startup
[8.201s] [ext: isaacsim.examples.browser-0.1.12] startup
[8.209s] [ext: isaacsim.asset.importer.urdf-2.4.19] startup
[8.303s] [ext: isaacsim.simulation_app-2.9.2] startup
[8.307s] [ext: omni.graph.ui_nodes-1.50.5] startup
[8.314s] [ext: omni.isaac.kit-2.0.6] startup
2026-05-17T00:24:38Z [8,291ms] [Warning] [omni.isaac.kit] omni.isaac.kit has been deprecated in favor of isaacsim.simulation_app. Please update your code accordingly.
[8.321s] [ext: omni.kit.widget.graph-2.0.0] startup
[8.366s] [ext: omni.graph.image.core-0.6.1] startup
[8.368s] [ext: omni.kit.widget.settings-1.2.3] startup
[8.373s] [ext: omni.kit.graph.delegate.default-1.2.2] startup
[8.377s] [ext: omni.graph.image.nodes-1.3.1] startup
[8.378s] [ext: omni.kit.window.preferences-1.8.0] startup
[8.397s] [ext: omni.kit.graph.editor.core-1.5.3] startup
[8.404s] [ext: omni.kit.graph.usd.commands-1.3.1] startup
[8.408s] [ext: omni.graph.nodes-1.170.10] startup
[8.424s] [ext: omni.kit.viewport.menubar.core-107.1.5] startup
[8.496s] [ext: omni.kit.widget.material_preview-1.0.16] startup
[8.505s] [ext: omni.videoencoding-0.1.2] startup
[8.508s] [ext: isaacsim.core.prims-0.5.1] startup
[8.541s] [ext: omni.warp-1.7.1] startup
[8.556s] [ext: omni.syntheticdata-0.6.13] startup
[8.613s] [ext: omni.kit.window.material_graph-1.8.23] startup
[8.736s] [ext: omni.graph.scriptnode-1.50.0] startup
[8.754s] [ext: isaacsim.core.api-4.6.10] startup
[8.886s] [ext: omni.replicator.core-1.12.16] startup
2026-05-17T00:24:39Z [8,932ms] [Warning] [pxr.Semantics] pxr.Semantics is deprecated - please use Semantics instead
2026-05-17T00:24:39Z [9,188ms] [Warning] [omni.replicator.core.scripts.extension] No material configuration file, adding configuration to material settings directly.
[9.221s] [ext: isaacsim.robot_motion.lula-4.0.8] startup
[9.242s] [ext: isaacsim.robot.surface_gripper-3.2.6] startup
[9.250s] [ext: isaacsim.core.nodes-3.2.16] startup
[9.273s] [ext: isaacsim.robot_motion.motion_generation-8.0.25] startup
[9.343s] [ext: isaacsim.robot.manipulators-3.3.5] startup
[9.370s] [ext: omni.isaac.core_nodes-2.0.6] startup
2026-05-17T00:24:39Z [9,360ms] [Warning] [omni.isaac.core_nodes] omni.isaac.core_nodes has been deprecated in favor of isaacsim.core.nodes. Please update your code accordingly.
[9.388s] [ext: isaacsim.robot.manipulators.examples-1.0.17] startup
[9.404s] [ext: omni.kit.property.audio-1.0.16] startup
[9.423s] [ext: isaacsim.cortex.framework-1.0.12] startup
[9.426s] [ext: omni.kit.property.camera-1.0.10] startup
[9.438s] [ext: omni.hydra.scene_api-0.1.2] startup
[9.452s] [ext: omni.kit.property.geometry-2.0.4] startup
[9.473s] [ext: omni.kit.property.light-1.0.12] startup
[9.521s] [ext: isaacsim.cortex.behaviors-2.0.12] startup
[9.525s] [ext: omni.kit.property.material-1.11.9] startup
[9.579s] [ext: omni.kit.property.transform-1.5.12] startup
[9.598s] [ext: omni.kit.property.render-1.2.1] startup
[9.606s] [ext: omni.isaac.cortex-1.0.5] startup
2026-05-17T00:24:39Z [9,587ms] [Warning] [omni.isaac.cortex] omni.isaac.cortex has been deprecated in favor of isaacsim.cortex.framework. Please update your code accordingly.
[9.614s] [ext: omni.isaac.cortex.sample_behaviors-2.0.5] startup
2026-05-17T00:24:39Z [9,606ms] [Warning] [omni.isaac.cortex.sample_behaviors] omni.isaac.cortex.sample_behaviors has been deprecated in favor of isaacsim.cortex.behaviors. Please update your code accordingly.
[9.635s] [ext: omni.anim.curve.core-1.3.1] startup
[9.842s] [ext: isaacsim.robot_motion.lula_test_widget-1.0.12] startup
[9.931s] [ext: omni.kit.property.bundle-1.4.1] startup
[9.945s] [ext: omni.isaac.lula-4.0.6] startup
2026-05-17T00:24:40Z [9,930ms] [Warning] [omni.isaac.lula] omni.isaac.lula has been deprecated in favor of isaacsim.robot_motion.lula. Please update your code accordingly.
[9.959s] [ext: omni.isaac.manipulators-3.0.7] startup
2026-05-17T00:24:40Z [9,939ms] [Warning] [omni.isaac.manipulators] omni.isaac.manipulators has been deprecated in favor of isaacsim.robot.manipulators. Please update your code accordingly.
2026-05-17T00:24:40Z [9,945ms] [Warning] [omni.isaac.manipulators.controllers] omni.isaac.manipulators has been deprecated in favor of isaacsim.robot.manipulators. Please update your code accordingly.
2026-05-17T00:24:40Z [9,956ms] [Warning] [omni.isaac.manipulators.controllers.pick_place_controller] omni.isaac.manipulators has been deprecated in favor of isaacsim.robot.manipulators. Please update your code accordingly.
2026-05-17T00:24:40Z [10,051ms] [Warning] [omni.isaac.manipulators.controllers.stacking_controller] omni.isaac.manipulators has been deprecated in favor of isaacsim.robot.manipulators. Please update your code accordingly.
2026-05-17T00:24:40Z [10,052ms] [Warning] [omni.isaac.manipulators.grippers] omni.isaac.manipulators has been deprecated in favor of isaacsim.robot.manipulators. Please update your code accordingly.
2026-05-17T00:24:40Z [10,063ms] [Warning] [omni.isaac.manipulators.grippers.gripper] omni.isaac.manipulators has been deprecated in favor of isaacsim.robot.manipulators. Please update your code accordingly.
2026-05-17T00:24:40Z [10,078ms] [Warning] [omni.isaac.manipulators.grippers.parallel_gripper] omni.isaac.manipulators has been deprecated in favor of isaacsim.robot.manipulators. Please update your code accordingly.
2026-05-17T00:24:40Z [10,142ms] [Warning] [omni.isaac.manipulators.grippers.surface_gripper] omni.isaac.manipulators has been deprecated in favor of isaacsim.robot.manipulators. Please update your code accordingly.
2026-05-17T00:24:40Z [10,150ms] [Warning] [omni.isaac.manipulators.manipulators] omni.isaac.manipulators has been deprecated in favor of isaacsim.robot.manipulators. Please update your code accordingly.
2026-05-17T00:24:40Z [10,164ms] [Warning] [omni.isaac.manipulators.manipulators.single_manipulator] omni.isaac.manipulators has been deprecated in favor of isaacsim.robot.manipulators. Please update your code accordingly.
[10.199s] [ext: omni.kit.viewport.menubar.lighting-107.3.1] startup
[10.228s] [ext: omni.isaac.lula_test_widget-1.0.6] startup
2026-05-17T00:24:40Z [10,206ms] [Warning] [omni.isaac.lula_test_widget] omni.isaac.lula_test_widget has been deprecated in favor of isaacsim.robot_motion.lula_test_widget. Please update your code accordingly.
[10.232s] [ext: isaacsim.core.throttling-2.1.10] startup
[10.240s] [ext: isaacsim.asset.importer.mjcf-2.5.8] startup
[10.254s] [ext: omni.kit.selection-0.1.6] startup
[10.265s] [ext: omni.kit.widget.toolbar-2.0.1] startup
[10.292s] [ext: omni.kit.manipulator.transform-107.0.0] startup
[10.305s] [ext: isaacsim.gui.menu-2.3.17] startup
[11.459s] [ext: isaacsim.asset.browser-1.3.19] startup
[11.473s] [ext: omni.kit.manipulator.tool.snap-1.5.13] startup
[11.484s] [ext: omni.kit.manipulator.selector-1.1.3] startup
[11.488s] [ext: omni.isaac.menu-1.0.6] startup
2026-05-17T00:24:41Z [11,464ms] [Warning] [omni.isaac.menu] omni.isaac.menu has been deprecated in favor of isaacsim.gui.menu. Please update your code accordingly.
[11.491s] [ext: omni.isaac.motion_generation-8.0.7] startup
2026-05-17T00:24:41Z [11,472ms] [Warning] [omni.isaac.motion_generation] omni.isaac.motion_generation has been deprecated in favor of isaacsim.robot_motion.motion_generation. Please update your code accordingly.
2026-05-17T00:24:41Z [11,472ms] [Warning] [omni.isaac.motion_generation.articulation_kinematics_solver] omni.isaac.motion_generation has been deprecated in favor of isaacsim.robot_motion.motion_generation. Please update your code accordingly.
2026-05-17T00:24:41Z [11,472ms] [Warning] [omni.isaac.motion_generation.articulation_motion_policy] omni.isaac.motion_generation has been deprecated in favor of isaacsim.robot_motion.motion_generation. Please update your code accordingly.
2026-05-17T00:24:41Z [11,473ms] [Warning] [omni.isaac.motion_generation.articulation_trajectory] omni.isaac.motion_generation has been deprecated in favor of isaacsim.robot_motion.motion_generation. Please update your code accordingly.
2026-05-17T00:24:41Z [11,473ms] [Warning] [omni.isaac.motion_generation.kinematics_interface] omni.isaac.motion_generation has been deprecated in favor of isaacsim.robot_motion.motion_generation. Please update your code accordingly.
2026-05-17T00:24:41Z [11,474ms] [Warning] [omni.isaac.motion_generation.lula] omni.isaac.motion_generation has been deprecated in favor of isaacsim.robot_motion.motion_generation. Please update your code accordingly.
2026-05-17T00:24:41Z [11,474ms] [Warning] [omni.isaac.motion_generation.lula.kinematics] omni.isaac.motion_generation has been deprecated in favor of isaacsim.robot_motion.motion_generation. Please update your code accordingly.
2026-05-17T00:24:41Z [11,479ms] [Warning] [omni.isaac.motion_generation.lula.motion_policies] omni.isaac.motion_generation has been deprecated in favor of isaacsim.robot_motion.motion_generation. Please update your code accordingly.
2026-05-17T00:24:41Z [11,479ms] [Warning] [omni.isaac.motion_generation.lula.path_planners] omni.isaac.motion_generation has been deprecated in favor of isaacsim.robot_motion.motion_generation. Please update your code accordingly.
2026-05-17T00:24:41Z [11,479ms] [Warning] [omni.isaac.motion_generation.lula.trajectory_generator] omni.isaac.motion_generation has been deprecated in favor of isaacsim.robot_motion.motion_generation. Please update your code accordingly.
2026-05-17T00:24:41Z [11,480ms] [Warning] [omni.isaac.motion_generation.motion_policy_controller] omni.isaac.motion_generation has been deprecated in favor of isaacsim.robot_motion.motion_generation. Please update your code accordingly.
2026-05-17T00:24:41Z [11,480ms] [Warning] [omni.isaac.motion_generation.motion_policy_interface] omni.isaac.motion_generation has been deprecated in favor of isaacsim.robot_motion.motion_generation. Please update your code accordingly.
2026-05-17T00:24:41Z [11,480ms] [Warning] [omni.isaac.motion_generation.path_planner_visualizer] omni.isaac.motion_generation has been deprecated in favor of isaacsim.robot_motion.motion_generation. Please update your code accordingly.
2026-05-17T00:24:41Z [11,481ms] [Warning] [omni.isaac.motion_generation.path_planning_interface] omni.isaac.motion_generation has been deprecated in favor of isaacsim.robot_motion.motion_generation. Please update your code accordingly.
2026-05-17T00:24:41Z [11,481ms] [Warning] [omni.isaac.motion_generation.trajectory] omni.isaac.motion_generation has been deprecated in favor of isaacsim.robot_motion.motion_generation. Please update your code accordingly.
2026-05-17T00:24:41Z [11,481ms] [Warning] [omni.isaac.motion_generation.world_interface] omni.isaac.motion_generation has been deprecated in favor of isaacsim.robot_motion.motion_generation. Please update your code accordingly.
[11.508s] [ext: omni.isaac.asset_browser-1.0.6] startup
2026-05-17T00:24:41Z [11,486ms] [Warning] [omni.isaac.asset_browser] omni.isaac.asset_browser has been deprecated in favor of isaacsim.asset.browser. Please update your code accordingly.
[11.513s] [ext: omni.kit.viewport.manipulator.transform-107.0.4] startup
[11.528s] [ext: omni.isaac.nucleus-1.0.6] startup
2026-05-17T00:24:41Z [11,504ms] [Warning] [omni.isaac.nucleus] omni.isaac.nucleus has been deprecated in favor of isaacsim.storage.native. Please update your code accordingly.
2026-05-17T00:24:41Z [11,505ms] [Warning] [omni.isaac.nucleus.nucleus] omni.isaac.nucleus.nucleus has been deprecated in favor of isaacsim.storage.native. Please update your code accordingly.
[11.531s] [ext: omni.fabric.commands-1.1.6] startup
[11.538s] [ext: omni.kit.manipulator.prim.core-107.0.8] startup
[11.551s] [ext: isaacsim.robot.wheeled_robots-4.0.23] startup
[11.562s] [ext: omni.isaac.utils-2.0.6] startup
[11.572s] [ext: omni.isaac.version-2.0.7] startup
2026-05-17T00:24:41Z [11,550ms] [Warning] [omni.isaac.version] omni.isaac.version has been deprecated in favor of isaacsim.core.version. Please update your code accordingly.
[11.577s] [ext: omni.isaac.wheeled_robots-3.0.7] startup
2026-05-17T00:24:41Z [11,554ms] [Warning] [omni.isaac.wheeled_robots] omni.isaac.wheeled_robots has been deprecated in favor of isaacsim.robot.wheeled_robots. Please update your code accordingly.
2026-05-17T00:24:41Z [11,554ms] [Warning] [omni.isaac.wheeled_robots.controllers] omni.isaac.wheeled_robots has been deprecated in favor of isaacsim.robot.wheeled_robots. Please update your code accordingly.
2026-05-17T00:24:41Z [11,555ms] [Warning] [omni.isaac.wheeled_robots.controllers.ackermann_controller] omni.isaac.wheeled_robots has been deprecated in favor of isaacsim.robot.wheeled_robots. Please update your code accordingly.
2026-05-17T00:24:41Z [11,556ms] [Warning] [omni.isaac.wheeled_robots.controllers.differential_controller] omni.isaac.wheeled_robots has been deprecated in favor of isaacsim.robot.wheeled_robots. Please update your code accordingly.
2026-05-17T00:24:41Z [11,557ms] [Warning] [omni.isaac.wheeled_robots.controllers.holonomic_controller] omni.isaac.wheeled_robots has been deprecated in favor of isaacsim.robot.wheeled_robots. Please update your code accordingly.
2026-05-17T00:24:41Z [11,557ms] [Warning] [omni.isaac.wheeled_robots.controllers.quintic_path_planner] omni.isaac.wheeled_robots has been deprecated in favor of isaacsim.robot.wheeled_robots. Please update your code accordingly.
2026-05-17T00:24:41Z [11,557ms] [Warning] [omni.isaac.wheeled_robots.controllers.stanley_control] omni.isaac.wheeled_robots has been deprecated in favor of isaacsim.robot.wheeled_robots. Please update your code accordingly.
2026-05-17T00:24:41Z [11,558ms] [Warning] [omni.isaac.wheeled_robots.controllers.wheel_base_pose_controller] omni.isaac.wheeled_robots has been deprecated in favor of isaacsim.robot.wheeled_robots. Please update your code accordingly.
2026-05-17T00:24:41Z [11,558ms] [Warning] [omni.isaac.wheeled_robots.impl] omni.isaac.wheeled_robots has been deprecated in favor of isaacsim.robot.wheeled_robots. Please update your code accordingly.
2026-05-17T00:24:41Z [11,559ms] [Warning] [omni.isaac.wheeled_robots.robots] omni.isaac.wheeled_robots has been deprecated in favor of isaacsim.robot.wheeled_robots. Please update your code accordingly.
2026-05-17T00:24:41Z [11,560ms] [Warning] [omni.isaac.wheeled_robots.robots.holonomic_robot_usd_setup] omni.isaac.wheeled_robots has been deprecated in favor of isaacsim.robot.wheeled_robots. Please update your code accordingly.
2026-05-17T00:24:41Z [11,562ms] [Warning] [omni.isaac.wheeled_robots.robots.wheeled_robot] omni.isaac.wheeled_robots has been deprecated in favor of isaacsim.robot.wheeled_robots. Please update your code accordingly.
[11.589s] [ext: omni.sensors.nv.common-2.7.0-coreapi] startup
[11.621s] [ext: isaacsim.app.about-2.0.11] startup
[11.626s] [ext: omni.kit.manipulator.prim.fabric-107.0.4] startup
[11.631s] [ext: isaacsim.sensors.physics-0.3.27] startup
[11.642s] [ext: omni.kit.manipulator.prim.usd-107.0.3] startup
[11.649s] [ext: omni.sensors.net-0.4.0-coreapi] startup
[11.664s] [ext: omni.sensors.nv.materials-1.6.0-coreapi] startup
[11.679s] [ext: omni.isaac.window.about-2.0.7] startup
2026-05-17T00:24:42Z [11,680ms] [Warning] [omni.isaac.window.about] omni.isaac.window.about has been deprecated in favor of isaacsim.app.about. Please update your code accordingly.
2026-05-17T00:24:42Z [11,680ms] [Warning] [omni.isaac.window.about.about] omni.isaac.window.about.about has been deprecated in favor of isaacsim.app.about.about. Please update your code accordingly.
[11.709s] [ext: omni.kit.manipulator.camera-106.0.4] startup
[11.728s] [ext: isaacsim.robot.policy.examples-4.1.11] startup
[11.740s] [ext: omni.kit.manipulator.prim-107.0.0] startup
[11.745s] [ext: omni.kit.manipulator.selection-106.0.1] startup
[11.749s] [ext: omni.sensors.nv.ids-1.5.0-coreapi] startup
[11.754s] [ext: omni.sensors.nv.wpm-2.5.0-coreapi] startup
[11.758s] [ext: omni.sensors.nv.lidar-2.7.0-coreapi] startup
[11.770s] [ext: omni.isaac.quadruped-3.0.7] startup
2026-05-17T00:24:42Z [11,745ms] [Warning] [omni.isaac.quadruped] omni.isaac.quadruped has been deprecated in favor of isaacsim.robot.policy.examples. Please update your code accordingly.
[11.772s] [ext: omni.isaac.assets_check-0.3.13] startup
2026-05-17T00:24:42Z [11,752ms] [Warning] [omni.isaac.assets_check] omni.isaac.assets_check has been deprecated in favor of isaacsim.asset.browser. Please update your code accordingly.
[11.779s] [ext: isaacsim.gui.content_browser-0.1.9] startup
[11.797s] [ext: isaacsim.util.debug_draw-3.1.0] startup
[11.802s] [ext: omni.sensors.nv.radar-2.8.0-coreapi] startup
[11.809s] [ext: omni.isaac.franka-1.0.7] startup
2026-05-17T00:24:42Z [11,785ms] [Warning] [omni.isaac.franka] omni.isaac.franka has been deprecated in favor of isaacsim.robot.manipulators.examples.franka. Please update your code accordingly.
2026-05-17T00:24:42Z [11,785ms] [Warning] [omni.isaac.franka.franka] omni.isaac.franka has been deprecated in favor of isaacsim.robot.manipulators.examples.franka. Please update your code accordingly.
2026-05-17T00:24:42Z [11,786ms] [Warning] [omni.isaac.franka.kinematics_solver] omni.isaac.franka has been deprecated in favor of isaacsim.robot.manipulators.examples.franka. Please update your code accordingly.
[11.813s] [ext: isaacsim.gui.property-1.1.3] startup
[11.822s] [ext: isaacsim.sensors.physx-2.2.27] startup
[11.829s] [ext: isaacsim.sensors.camera-1.3.1] startup
[11.851s] [ext: isaacsim.sensors.rtx-15.5.0] startup
[11.876s] [ext: isaacsim.core.cloner-1.4.9] startup
[11.899s] [ext: omni.kit.property.isaac-1.0.6] startup
2026-05-17T00:24:42Z [11,874ms] [Warning] [omni.kit.property.isaac] omni.kit.property.isaac has been deprecated in favor of isaacsim.gui.property. Please update your code accordingly.
2026-05-17T00:24:42Z [11,875ms] [Warning] [omni.kit.property.isaac.widgets] omni.kit.property.isaac.widgets has been deprecated in favor of isaacsim.gui.property.widgets. Please update your code accordingly.
[11.902s] [ext: omni.isaac.range_sensor-4.0.6] startup
2026-05-17T00:24:42Z [11,883ms] [Warning] [omni.isaac.range_sensor] omni.isaac.range_sensor has been deprecated in favor of isaacsim.sensors.physx. Please update your code accordingly.
2026-05-17T00:24:42Z [11,884ms] [Warning] [omni.isaac.range_sensor.commands] omni.isaac.range_sensor.commands has been deprecated in favor of isaacsim.sensors.physx.commands. Please update your code accordingly.
[11.911s] [ext: omni.kit.viewport.menubar.camera-107.0.3] startup
[11.939s] [ext: omni.isaac.sensor-13.0.7] startup
2026-05-17T00:24:42Z [11,915ms] [Warning] [omni.isaac.sensor] omni.isaac.sensor has been deprecated in favor of isaacsim.sensors.camera, isaacsim.sensors.physics, isaacsim.sensors.physx, and isaacsim.sensors.rtx. Please update your code accordingly.
2026-05-17T00:24:42Z [11,916ms] [Warning] [omni.isaac.sensor.camera] omni.isaac.sensor.camera has been deprecated in favor of isaacsim.sensors.camera.camera. Please update your code accordingly.
2026-05-17T00:24:42Z [11,916ms] [Warning] [omni.isaac.sensor.camera_view] omni.isaac.sensor.camera_view has been deprecated in favor of isaacsim.sensors.camera.camera_view. Please update your code accordingly.
2026-05-17T00:24:42Z [11,916ms] [Warning] [omni.isaac.sensor.commands] omni.isaac.sensor.commands has been deprecated in favor of isaacsim.sensors.physics.commands, isaacsim.sensors.physx.commands, and isaacsim.sensors.rtx.commands. Please update your code accordingly.
2026-05-17T00:24:42Z [11,916ms] [Warning] [omni.isaac.sensor.contact_sensor] omni.isaac.sensor.contact_sensor has been deprecated in favor of isaacsim.sensors.physics.contact_sensor. Please update your code accordingly.
2026-05-17T00:24:42Z [11,916ms] [Warning] [omni.isaac.sensor.imu_sensor] omni.isaac.sensor.imu_sensor has been deprecated in favor of isaacsim.sensors.physics.imu_sensor. Please update your code accordingly.
2026-05-17T00:24:42Z [11,917ms] [Warning] [omni.isaac.sensor.lidar_rtx] omni.isaac.sensor.lidar_rtx has been deprecated in favor of isaacsim.sensors.rtx.lidar_rtx. Please update your code accordingly.
2026-05-17T00:24:42Z [11,917ms] [Warning] [omni.isaac.sensor.rotating_lidar_physX] omni.isaac.sensor.imu_sensor has been deprecated in favor of isaacsim.sensors.physix.rotating_lidar_physX. Please update your code accordingly.
2026-05-17T00:24:42Z [11,918ms] [Warning] [omni.isaac.sensor.scripts.samples.contact_sensor] omni.isaac.sensor.scripts.samples.contact_sensor has been deprecated in favor of isaacsim.sensors.physics.scripts.samples.contact_sensor. Please update your code accordingly.
2026-05-17T00:24:42Z [11,918ms] [Warning] [omni.isaac.sensor.scripts.samples.imu_sensor] omni.isaac.sensor.scripts.samples.imu_sensor has been deprecated in favor of isaacsim.sensors.physics.scripts.samples.imu_sensor. Please update your code accordingly.
2026-05-17T00:24:42Z [11,918ms] [Warning] [omni.isaac.sensor.scripts.samples.lightbeam_sensor] omni.isaac.sensor.scripts.samples.lightbeam_sensor has been deprecated in favor of isaacsim.sensors.physx.scripts.samples.lightbeam_sensor. Please update your code accordingly.
[11.945s] [ext: omni.isaac.cloner-1.0.7] startup
2026-05-17T00:24:42Z [11,924ms] [Warning] [omni.isaac.cloner] omni.isaac.cloner has been deprecated in favor of isaacsim.core.cloner. Please update your code accordingly.
[11.951s] [ext: omni.kit.viewport.menubar.render-107.0.9] startup
[11.976s] [ext: omni.kit.viewport.menubar.settings-107.0.3] startup
[11.985s] [ext: isaacsim.replicator.writers-1.0.15] startup
[12.015s] [ext: omni.kit.window.console-1.1.4] startup
[12.029s] [ext: omni.kit.window.status_bar-0.1.8] startup
[12.046s] [ext: omni.kit.viewport.actions-107.0.2] startup
[12.062s] [ext: isaacsim.replicator.domain_randomization-1.0.16] startup
[12.076s] [ext: isaacsim.replicator.examples-1.1.31] startup
[12.082s] [ext: omni.ocio-0.1.1] startup
[12.089s] [ext: omni.rtx.window.settings-0.6.19] startup
[12.113s] [ext: omni.kit.viewport.menubar.display-107.0.3] startup
[12.121s] [ext: omni.kit.window.toolbar-2.0.0] startup
[12.132s] [ext: omni.replicator.isaac-2.0.8] startup
2026-05-17T00:24:42Z [12,115ms] [Warning] [omni.replicator.isaac] omni.replicator.isaac has been deprecated in favor of isaacsim.replicator.domain_randomization, isaacsim.replicator.examples, isaacsim.replicator.writers. Please update your code accordingly.
[12.145s] [ext: omni.replicator.replicator_yaml-2.0.11] startup
[12.173s] [ext: omni.rtx.settings.core-0.6.5] startup
[12.199s] [ext: omni.usd.metrics.assembler.ui-107.3.1] startup
[12.232s] [ext: omni.isaac.surface_gripper-2.0.6] startup
2026-05-17T00:24:42Z [12,208ms] [Warning] [omni.isaac.surface_gripper] omni.isaac.surface_gripper has been deprecated in favor of isaacsim.robot.surface_gripper. Please update your code accordingly.
[12.236s] [ext: semantics.schema.editor-2.0.1] startup
[12.249s] [ext: omni.kit.ui.actions-1.0.5] startup
[12.252s] [ext: semantics.schema.property-2.0.1] startup
[12.257s] [ext: omni.isaac.universal_robots-1.0.6] startup
2026-05-17T00:24:42Z [12,234ms] [Warning] [omni.isaac.universal_robots] omni.isaac.universal_robots has been deprecated in favor of isaacsim.robot.manipulators.examples.universal_robots. Please update your code accordingly.
2026-05-17T00:24:42Z [12,234ms] [Warning] [omni.isaac.universal_robots.kinematics_solver] omni.isaac.franka has been deprecated in favor of isaacsim.robot.manipulators.examples.universal_robots. Please update your code accordingly.
2026-05-17T00:24:42Z [12,235ms] [Warning] [omni.isaac.universal_robots.ur10] omni.isaac.franka has been deprecated in favor of isaacsim.robot.manipulators.examples.universal_robots. Please update your code accordingly.
[12.262s] [ext: omni.isaac.core-4.0.7] startup
2026-05-17T00:24:42Z [12,240ms] [Warning] [omni.isaac.core.physics_context.physics_context] omni.isaac.core.physics_context.physics_context has been deprecated in favor of isaacsim.core.api.physics_context.physics_context. Please update your code accordingly.
2026-05-17T00:24:42Z [12,241ms] [Warning] [omni.isaac.core.simulation_context.simulation_context] omni.isaac.core.simulation_context.simulation_context has been deprecated in favor of isaacsim.core.api.simulation_context.simulation_context. Please update your code accordingly.
2026-05-17T00:24:42Z [12,242ms] [Warning] [omni.isaac.core.world.world] omni.isaac.core.world.world has been deprecated in favor of isaacsim.core.api.world.world. Please update your code accordingly.
2026-05-17T00:24:42Z [12,242ms] [Warning] [omni.isaac.core] omni.isaac.core has been deprecated in favor of isaacsim.core.api. Please update your code accordingly.
[12.268s] [ext: isaacsim.gui.sensors.icon-2.0.3] startup
[12.281s] [ext: isaacsim.core.experimental.materials-0.3.0] startup
[12.294s] [ext: omni.kit.menu.common-2.0.0] startup
[12.301s] [ext: isaacsim.exp.base-5.0.0] startup
[12.304s] [ext: isaacsim.exp.base.python-5.0.0] startup
[12.309s] Simulation App Starting
2026-05-17T00:24:42Z [12,424ms] [Warning] [usdrt.population.plugin] using high frequency span is disabled
2026-05-17T00:24:42Z [12,475ms] [Warning] [omni.fabric.plugin] Warning: attribute viewportHandle not found for bucket id 9

[12.533s] app ready
2026-05-17T00:24:43Z [12,805ms] [Warning] [carb] Acquiring non optional plugin interface which is not listed as dependency: [carb::dictionary::ISerializer v1.1] (plugin: carb.dictionary.serializer-json.plugin), by client: carb.scenerenderer-rtx.plugin. Add it to CARB_PLUGIN_IMPL_DEPS() macro of a client.
2026-05-17T00:24:47Z [16,925ms] [Warning] [usdrt.hydra.fabric_scene_delegate.plugin] using high frequency span is disabled
2026-05-17T00:24:47Z [16,925ms] [Warning] [usdrt.hydra.fabric_scene_delegate.plugin] using high frequency span is disabled
2026-05-17T00:24:47Z [16,927ms] [Warning] [usdrt.hydra.fabric_scene_delegate.plugin] using high frequency span with attrs is disabled
2026-05-17T00:24:47Z [16,972ms] [Warning] [usdrt.hydra.fabric_scene_delegate.plugin] using high frequency span is disabled
2026-05-17T00:24:47Z [16,972ms] [Warning] [usdrt.hydra.fabric_scene_delegate.plugin] using high frequency span is disabled
[17.738s] Simulation App Startup Complete
[17.808s] [ext: isaacsim.ros2.bridge-4.9.3] startup
[17.898s] Attempting to load system rclpy
[17.911s] Could not import system rclpy: No module named 'rclpy._rclpy_pybind11'
The C extension '/opt/ros/humble/lib/python3.10/site-packages/_rclpy_pybind11.cpython-311-x86_64-linux-gnu.so' isn't present on the system. Please refer to 'https://docs.ros.org/en/humble/Guides/Installation-Troubleshooting.html#import-failing-without-library-present-on-the-system' for possible solutions
[17.911s] Attempting to load internal rclpy for ROS Distro: humble
[17.912s] Could not import internal rclpy: No module named 'rclpy._rclpy_pybind11'
The C extension '/opt/ros/humble/lib/python3.10/site-packages/_rclpy_pybind11.cpython-311-x86_64-linux-gnu.so' isn't present on the system. Please refer to 'https://docs.ros.org/en/humble/Guides/Installation-Troubleshooting.html#import-failing-without-library-present-on-the-system' for possible solutions
[17.912s] To use the internal libraries included with the extension please set the following environment variables to use with FastDDS (default) or CycloneDDS before starting Isaac Sim:

FastDDS (default):
export ROS_DISTRO=humble
export RMW_IMPLEMENTATION=rmw_fastrtps_cpp
export LD_LIBRARY_PATH=$LD_LIBRARY_PATH:/humble/lib

OR

CycloneDDS:
export ROS_DISTRO=humble
export RMW_IMPLEMENTATION=rmw_cyclonedds_cpp
export LD_LIBRARY_PATH=$LD_LIBRARY_PATH:/humble/lib


2026-05-17T00:24:48Z [17,887ms] [Warning] [humble.rclpy] Could not import rclpy
2026-05-17T00:24:57Z [26,856ms] [Warning] [omni.fabric.plugin] Warning: attribute inputs:cameraPrim not found for path /World/cell_cam_ros/setCamera

2026-05-17T00:24:57Z [26,935ms] [Warning] [omni.timeline.plugin] Deprecated: direct use of ITimeline callbacks is deprecated. Use ITimeline::getTimeline (Python: omni.timeline.get_timeline_interface) instead.
2026-05-17T00:24:57Z [27,149ms] [Warning] [isaacsim.ros2.bridge.impl.camera_info_utils] ROS2 CameraInfo support for lens distortion models beyond opencvPinhole and opencvFisheye is deprecated as of Isaac Sim 5.0, and will be removed in a future release.
2026-05-17T00:24:57Z [27,150ms] [Warning] [isaacsim.ros2.bridge.impl.camera_info_utils] Unsupported physical distortion model 'None'. Using plumb_bob with default coefficients.
2026-05-17T00:25:27Z [57,613ms] [Warning] [omni.fabric.plugin] USD->Fabric: Unhandled array type string[]
2026-05-17T00:25:27Z [57,642ms] [Warning] [usdrt.population.plugin] [UsdNoticeHandler] Unhandled attribute type VtArray<std::string> (prim attribute: omni:rtx:material:db:flattener:ior_constant)
2026-05-17T00:25:27Z [57,643ms] [Warning] [usdrt.population.plugin] [UsdNoticeHandler] Unhandled attribute type VtArray<std::string> (prim attribute: omni:rtx:material:db:flattener:reflection_roughness_constant)
2026-05-17T00:25:27Z [57,643ms] [Warning] [usdrt.population.plugin] [UsdNoticeHandler] Unhandled attribute type VtArray<std::string> (prim attribute: omni:rtx:material:db:flattener:transmittance_color)
2026-05-17T00:25:28Z [58,139ms] [Warning] [usdrt.hydra.fabric_scene_delegate.plugin] using high frequency span with attrs is disabled
2026-05-17T00:25:28Z [58,230ms] [Warning] [usdrt.hydra.fabric_scene_delegate.plugin] using high frequency span with attrs is disabled
2026-05-17T00:25:34Z [64,437ms] [Warning] [carb] Plugin interface for a client: omni.hydratexture.plugin was already released.
2026-05-17T00:25:34Z [64,512ms] [Warning] [isaacsim.ros2.bridge.impl.camera_info_utils] ROS2 CameraInfo support for lens distortion models beyond opencvPinhole and opencvFisheye is deprecated as of Isaac Sim 5.0, and will be removed in a future release.
2026-05-17T00:25:34Z [64,513ms] [Warning] [isaacsim.ros2.bridge.impl.camera_info_utils] ROS2 CameraInfo support for lens distortion models beyond opencvPinhole and opencvFisheye is deprecated as of Isaac Sim 5.0, and will be removed in a future release.
2026-05-17T00:25:34Z [64,600ms] [Warning] [isaacsim.ros2.bridge.impl.camera_info_utils] ROS2 CameraInfo support for lens distortion models beyond opencvPinhole and opencvFisheye is deprecated as of Isaac Sim 5.0, and will be removed in a future release.
2026-05-17T00:25:34Z [64,601ms] [Warning] [isaacsim.ros2.bridge.impl.camera_info_utils] ROS2 CameraInfo support for lens distortion models beyond opencvPinhole and opencvFisheye is deprecated as of Isaac Sim 5.0, and will be removed in a future release.
2026-05-17T00:25:34Z [64,606ms] [Warning] [carb] Client omni.hydratexture.plugin has acquired [carb::settings::ISettings v1.0] 100 times. Consider accessing this interface with carb::getCachedInterface() (Performance warning)
2026-05-17T00:25:34Z [64,631ms] [Warning] [carb] Client omni.hydratexture.plugin has acquired [carb::dictionary::IDictionary v1.1] 100 times. Consider accessing this interface with carb::getCachedInterface() (Performance warning)
2026-05-17T00:25:34Z [64,651ms] [Warning] [carb.audio.device] audio device is misconfigured or broken {deviceIndex = 0, name = 'default'} (The device is likely misconfigured, check your $HOME/.asoundrc)
2026-05-17T00:25:34Z [64,651ms] [Warning] [carb.audio.output] failed to retrieve the capabilities for device 0 {result = eDeviceLost (2)}
2026-05-17T00:25:34Z [64,651ms] [Warning] [carb.audio.context] failed to set the requested output during context creation.  Using a null streamer instead {result = eDeviceLost (2)}
2026-05-17T00:25:35Z [65,372ms] [Warning] [isaacsim.ros2.bridge.plugin] Frame with name Imu_Sensor already exists. Overriding frame name for /World/amr_0/chassis_link/sensors/left_hawk/Imu/Imu_Sensor to World_amr_0_chassis_link_sensors_left_hawk_Imu_Imu_Sensor (you can add the attribute isaac:nameOverride to remove this warning)
2026-05-17T00:25:35Z [65,373ms] [Warning] [isaacsim.ros2.bridge.plugin] Frame with name Imu_Sensor already exists. Overriding frame name for /World/amr_0/chassis_link/sensors/right_hawk/Imu/Imu_Sensor to World_amr_0_chassis_link_sensors_right_hawk_Imu_Imu_Sensor (you can add the attribute isaac:nameOverride to remove this warning)
2026-05-17T00:25:35Z [65,374ms] [Warning] [isaacsim.ros2.bridge.plugin] Frame with name Imu_Sensor already exists. Overriding frame name for /World/amr_0/chassis_link/sensors/back_hawk/Imu/Imu_Sensor to World_amr_0_chassis_link_sensors_back_hawk_Imu_Imu_Sensor (you can add the attribute isaac:nameOverride to remove this warning)
2026-05-17T00:25:35Z [65,377ms] [Warning] [isaacsim.ros2.bridge.plugin] Frame with name left already exists. Overriding frame name for /World/amr_0/chassis_link/sensors/left_hawk/left to World_amr_0_chassis_link_sensors_left_hawk_left (you can add the attribute isaac:nameOverride to remove this warning)
2026-05-17T00:25:35Z [65,377ms] [Warning] [isaacsim.ros2.bridge.plugin] Frame with name right already exists. Overriding frame name for /World/amr_0/chassis_link/sensors/left_hawk/right to World_amr_0_chassis_link_sensors_left_hawk_right (you can add the attribute isaac:nameOverride to remove this warning)
2026-05-17T00:25:35Z [65,377ms] [Warning] [isaacsim.ros2.bridge.plugin] Frame with name left already exists. Overriding frame name for /World/amr_0/chassis_link/sensors/right_hawk/left to World_amr_0_chassis_link_sensors_right_hawk_left (you can add the attribute isaac:nameOverride to remove this warning)
2026-05-17T00:25:35Z [65,377ms] [Warning] [isaacsim.ros2.bridge.plugin] Frame with name right already exists. Overriding frame name for /World/amr_0/chassis_link/sensors/right_hawk/right to World_amr_0_chassis_link_sensors_right_hawk_right (you can add the attribute isaac:nameOverride to remove this warning)
2026-05-17T00:25:35Z [65,377ms] [Warning] [isaacsim.ros2.bridge.plugin] Frame with name left already exists. Overriding frame name for /World/amr_0/chassis_link/sensors/back_hawk/left to World_amr_0_chassis_link_sensors_back_hawk_left (you can add the attribute isaac:nameOverride to remove this warning)
2026-05-17T00:25:35Z [65,378ms] [Warning] [isaacsim.ros2.bridge.plugin] Frame with name right already exists. Overriding frame name for /World/amr_0/chassis_link/sensors/back_hawk/right to World_amr_0_chassis_link_sensors_back_hawk_right (you can add the attribute isaac:nameOverride to remove this warning)
2026-05-17T00:25:35Z [65,380ms] [Warning] [isaacsim.ros2.bridge.plugin] Frame with name Imu_Sensor already exists. Overriding frame name for /World/amr_0/chassis_link/sensors/chassis_imu/Imu_Sensor to World_amr_0_chassis_link_sensors_chassis_imu_Imu_Sensor (you can add the attribute isaac:nameOverride to remove this warning)
2026-05-17T00:25:35Z [65,380ms] [Warning] [isaacsim.ros2.bridge.plugin] Frame with name mount already exists. Overriding frame name for /World/amr_0/chassis_link/sensors/left_hawk/mount to World_amr_0_chassis_link_sensors_left_hawk_mount (you can add the attribute isaac:nameOverride to remove this warning)
2026-05-17T00:25:35Z [65,380ms] [Warning] [isaacsim.ros2.bridge.plugin] Frame with name mount already exists. Overriding frame name for /World/amr_0/chassis_link/sensors/right_hawk/mount to World_amr_0_chassis_link_sensors_right_hawk_mount (you can add the attribute isaac:nameOverride to remove this warning)
2026-05-17T00:25:35Z [65,381ms] [Warning] [isaacsim.ros2.bridge.plugin] Frame with name mount already exists. Overriding frame name for /World/amr_0/chassis_link/sensors/back_hawk/mount to World_amr_0_chassis_link_sensors_back_hawk_mount (you can add the attribute isaac:nameOverride to remove this warning)
2026-05-17T00:25:35Z [65,385ms] [Warning] [isaacsim.ros2.bridge.plugin] Frame with name Imu_Sensor already exists. Overriding frame name for /World/amr_1/chassis_link/sensors/left_hawk/Imu/Imu_Sensor to World_amr_1_chassis_link_sensors_left_hawk_Imu_Imu_Sensor (you can add the attribute isaac:nameOverride to remove this warning)
2026-05-17T00:25:35Z [65,386ms] [Warning] [isaacsim.ros2.bridge.plugin] Frame with name Imu_Sensor already exists. Overriding frame name for /World/amr_1/chassis_link/sensors/right_hawk/Imu/Imu_Sensor to World_amr_1_chassis_link_sensors_right_hawk_Imu_Imu_Sensor (you can add the attribute isaac:nameOverride to remove this warning)
2026-05-17T00:25:35Z [65,386ms] [Warning] [isaacsim.ros2.bridge.plugin] Frame with name Imu_Sensor already exists. Overriding frame name for /World/amr_1/chassis_link/sensors/back_hawk/Imu/Imu_Sensor to World_amr_1_chassis_link_sensors_back_hawk_Imu_Imu_Sensor (you can add the attribute isaac:nameOverride to remove this warning)
2026-05-17T00:25:35Z [65,388ms] [Warning] [isaacsim.ros2.bridge.plugin] Frame with name left already exists. Overriding frame name for /World/amr_1/chassis_link/sensors/left_hawk/left to World_amr_1_chassis_link_sensors_left_hawk_left (you can add the attribute isaac:nameOverride to remove this warning)
2026-05-17T00:25:35Z [65,388ms] [Warning] [isaacsim.ros2.bridge.plugin] Frame with name right already exists. Overriding frame name for /World/amr_1/chassis_link/sensors/left_hawk/right to World_amr_1_chassis_link_sensors_left_hawk_right (you can add the attribute isaac:nameOverride to remove this warning)
2026-05-17T00:25:35Z [65,389ms] [Warning] [isaacsim.ros2.bridge.plugin] Frame with name left already exists. Overriding frame name for /World/amr_1/chassis_link/sensors/right_hawk/left to World_amr_1_chassis_link_sensors_right_hawk_left (you can add the attribute isaac:nameOverride to remove this warning)
2026-05-17T00:25:35Z [65,389ms] [Warning] [isaacsim.ros2.bridge.plugin] Frame with name right already exists. Overriding frame name for /World/amr_1/chassis_link/sensors/right_hawk/right to World_amr_1_chassis_link_sensors_right_hawk_right (you can add the attribute isaac:nameOverride to remove this warning)
2026-05-17T00:25:35Z [65,389ms] [Warning] [isaacsim.ros2.bridge.plugin] Frame with name left already exists. Overriding frame name for /World/amr_1/chassis_link/sensors/back_hawk/left to World_amr_1_chassis_link_sensors_back_hawk_left (you can add the attribute isaac:nameOverride to remove this warning)
2026-05-17T00:25:35Z [65,389ms] [Warning] [isaacsim.ros2.bridge.plugin] Frame with name right already exists. Overriding frame name for /World/amr_1/chassis_link/sensors/back_hawk/right to World_amr_1_chassis_link_sensors_back_hawk_right (you can add the attribute isaac:nameOverride to remove this warning)
2026-05-17T00:25:35Z [65,391ms] [Warning] [isaacsim.ros2.bridge.plugin] Frame with name Imu_Sensor already exists. Overriding frame name for /World/amr_1/chassis_link/sensors/chassis_imu/Imu_Sensor to World_amr_1_chassis_link_sensors_chassis_imu_Imu_Sensor (you can add the attribute isaac:nameOverride to remove this warning)
2026-05-17T00:25:35Z [65,392ms] [Warning] [isaacsim.ros2.bridge.plugin] Frame with name mount already exists. Overriding frame name for /World/amr_1/chassis_link/sensors/left_hawk/mount to World_amr_1_chassis_link_sensors_left_hawk_mount (you can add the attribute isaac:nameOverride to remove this warning)
2026-05-17T00:25:35Z [65,392ms] [Warning] [isaacsim.ros2.bridge.plugin] Frame with name mount already exists. Overriding frame name for /World/amr_1/chassis_link/sensors/right_hawk/mount to World_amr_1_chassis_link_sensors_right_hawk_mount (you can add the attribute isaac:nameOverride to remove this warning)
2026-05-17T00:25:35Z [65,392ms] [Warning] [isaacsim.ros2.bridge.plugin] Frame with name mount already exists. Overriding frame name for /World/amr_1/chassis_link/sensors/back_hawk/mount to World_amr_1_chassis_link_sensors_back_hawk_mount (you can add the attribute isaac:nameOverride to remove this warning)
2026-05-17T00:25:35Z [65,397ms] [Warning] [usdrt.population.plugin] [UsdNoticeHandler] Unhandled attribute type VtArray<std::string> (prim attribute: omni:rtx:material:db:flattener:ior_constant)
2026-05-17T00:25:35Z [65,398ms] [Warning] [usdrt.population.plugin] [UsdNoticeHandler] Unhandled attribute type VtArray<std::string> (prim attribute: omni:rtx:material:db:flattener:transmittance_color)
2026-05-17T00:25:35Z [65,398ms] [Warning] [usdrt.population.plugin] [UsdNoticeHandler] Unhandled attribute type VtArray<std::string> (prim attribute: omni:rtx:material:db:flattener:ior_constant)
2026-05-17T00:25:35Z [65,399ms] [Warning] [usdrt.population.plugin] [UsdNoticeHandler] Unhandled attribute type VtArray<std::string> (prim attribute: omni:rtx:material:db:flattener:reflection_roughness_constant)
2026-05-17T00:25:35Z [65,399ms] [Warning] [usdrt.population.plugin] [UsdNoticeHandler] Unhandled attribute type VtArray<std::string> (prim attribute: omni:rtx:material:db:flattener:transmittance_color)
2026-05-17T00:25:35Z [65,399ms] [Warning] [usdrt.population.plugin] [UsdNoticeHandler] Unhandled attribute type VtArray<std::string> (prim attribute: omni:rtx:material:db:flattener:ior_constant)
2026-05-17T00:25:35Z [65,400ms] [Warning] [usdrt.population.plugin] [UsdNoticeHandler] Unhandled attribute type VtArray<std::string> (prim attribute: omni:rtx:material:db:flattener:transmittance_color)
2026-05-17T00:25:35Z [65,400ms] [Warning] [usdrt.population.plugin] [UsdNoticeHandler] Unhandled attribute type VtArray<std::string> (prim attribute: omni:rtx:material:db:flattener:reflection_roughness_constant)
2026-05-17T00:25:35Z [65,401ms] [Warning] [usdrt.population.plugin] [UsdNoticeHandler] Unhandled attribute type VtArray<std::string> (prim attribute: omni:rtx:material:db:flattener:ior_constant)
2026-05-17T00:25:35Z [65,401ms] [Warning] [usdrt.population.plugin] [UsdNoticeHandler] Unhandled attribute type VtArray<std::string> (prim attribute: omni:rtx:material:db:flattener:reflection_roughness_constant)
2026-05-17T00:25:35Z [65,401ms] [Warning] [usdrt.population.plugin] [UsdNoticeHandler] Unhandled attribute type VtArray<std::string> (prim attribute: omni:rtx:material:db:flattener:transmittance_color)
2026-05-17T00:25:35Z [65,401ms] [Warning] [usdrt.population.plugin] [UsdNoticeHandler] Unhandled attribute type VtArray<std::string> (prim attribute: omni:rtx:material:db:flattener:reflection_roughness_constant)
2026-05-17T00:25:35Z [65,402ms] [Warning] [usdrt.population.plugin] [UsdNoticeHandler] Unhandled attribute type VtArray<std::string> (prim attribute: omni:rtx:material:db:flattener:reflection_roughness_constant)
2026-05-17T00:25:35Z [65,402ms] [Warning] [usdrt.population.plugin] [UsdNoticeHandler] Unhandled attribute type VtArray<std::string> (prim attribute: omni:rtx:material:db:flattener:ior_constant)
2026-05-17T00:25:35Z [65,402ms] [Warning] [usdrt.population.plugin] [UsdNoticeHandler] Unhandled attribute type VtArray<std::string> (prim attribute: omni:rtx:material:db:flattener:transmittance_color)
2026-05-17T00:25:35Z [65,402ms] [Warning] [usdrt.population.plugin] [UsdNoticeHandler] Unhandled attribute type VtArray<std::string> (prim attribute: omni:rtx:material:db:flattener:reflection_roughness_constant)
2026-05-17T00:25:35Z [65,402ms] [Warning] [usdrt.population.plugin] [UsdNoticeHandler] Unhandled attribute type VtArray<std::string> (prim attribute: omni:rtx:material:db:flattener:ior_constant)
2026-05-17T00:25:35Z [65,402ms] [Warning] [usdrt.population.plugin] [UsdNoticeHandler] Unhandled attribute type VtArray<std::string> (prim attribute: omni:rtx:material:db:flattener:transmittance_color)
2026-05-17T00:25:40Z [69,978ms] [Warning] [omni.timeline.plugin] Deprecated: direct use of ITimeline callbacks is deprecated. Use ITimeline::getTimeline (Python: omni.timeline.get_timeline_interface) instead.
2026-05-17T00:25:42Z [71,845ms] [Warning] [carb] Client gpu.foundation.plugin has acquired [gpu::unstable::IMemoryBudgetManagerFactory v0.1] 100 times. Consider accessing this interface with carb::getCachedInterface() (Performance warning)
2026-05-17T00:30:25Z [355,633ms] [Warning] [carb] Plugin interface for a client: omni.hydratexture.plugin was already released.
[355.837s] Simulation App Shutting Down
