[Info] [carb] Logging to file: /isaac-sim/kit/logs/Kit/Isaac-Sim Python/5.0/kit_20260516_234840.log
[0.095s] [ext: omni.kit.async_engine-0.0.3] startup
[1.698s] [ext: omni.metrics.core-0.0.3] startup
[1.699s] [ext: omni.client.lib-1.1.0] startup
[1.724s] [ext: omni.blobkey-1.1.2] startup
[1.725s] [ext: omni.stats-1.0.1] startup
[1.726s] [ext: omni.datastore-0.0.0] startup
[1.734s] [ext: omni.client-1.3.0] startup
[1.743s] [ext: omni.ujitso.default-1.0.0] startup
[1.746s] [ext: omni.hsscclient-1.1.2] startup
[1.753s] [ext: omni.gpu_foundation.shadercache.vulkan-1.0.0] startup
[1.756s] [ext: omni.assets.plugins-0.0.0] startup
[1.758s] [ext: omni.gpu_foundation-0.0.0] startup
[1.771s] [ext: carb.windowing.plugins-1.0.0] startup
2026-05-16T23:48:41Z [1,747ms] [Warning] [carb.windowing-glfw.plugin] GLFW initialization failed.
2026-05-16T23:48:41Z [1,747ms] [Warning] [carb] Failed to startup plugin carb.windowing-glfw.plugin (interfaces: [carb::windowing::IGLContext v1.0],[carb::windowing::IWindowing v1.5]) (impl: carb.windowing-glfw.plugin)
[1.772s] [ext: omni.kit.renderer.init-0.0.0] startup
2026-05-16T23:48:41Z [1,917ms] [Warning] [omni.platforminfo.plugin] failed to open the default display.  Can't verify X Server version.

|---------------------------------------------------------------------------------------------|
| Driver Version: 580.95.05     | Graphics API: Vulkan
|=============================================================================================|
| GPU | Name                             | Active | LDA | GPU Memory | Vendor-ID | LUID       |
|     |                                  |        |     |            | Device-ID | UUID       |
|     |                                  |        |     |            | Bus-ID    |            |
|---------------------------------------------------------------------------------------------|
| 0   | NVIDIA GeForce RTX 5090          | Yes: 0 |     | 32853   MB | 10de      | 0          |
|     |                                  |        |     |            | 2b85      | 69b05434.. |
|     |                                  |        |     |            | a1        |            |
|=============================================================================================|
| OS: 22.04.5 LTS (Jammy Jellyfish) ubuntu, Version: 22.04.5, Kernel: 5.15.0-164-generic
| Processor: AMD EPYC 7K62 48-Core Processor
| Bare Metal Cores: 96 | Bare Metal Logical Cores: 192
| Core Usage Quota: 23.04
|---------------------------------------------------------------------------------------------|
| Total Memory (MB): 114849 | Free Memory: 110396
| Total Page/Swap (MB): 8191 | Free Page/Swap: 0
|---------------------------------------------------------------------------------------------|
2026-05-16T23:48:43Z [3,221ms] [Warning] [gpu.foundation.plugin] IOMMU is enabled.
[3.683s] [ext: omni.kit.pipapi-0.0.0] startup
[3.685s] [ext: omni.kit.pip_archive-0.0.0] startup
[3.685s] [ext: omni.materialx.libs-1.0.7] startup
[3.698s] [ext: omni.pip.compute-1.6.2] startup
[3.699s] [ext: omni.usd.config-1.0.6] startup
[3.707s] [ext: omni.gpucompute.plugins-0.0.0] startup
[3.708s] [ext: omni.usd.libs-1.0.1] startup
[3.818s] [ext: omni.mdl-56.0.3] startup
[3.941s] [ext: omni.iray.libs-0.0.0] startup
[3.951s] [ext: omni.mdl.neuraylib-0.2.12] startup
[3.954s] [ext: omni.kit.usd.mdl-1.1.4] startup
[4.106s] [ext: omni.pip.cloud-1.3.6] startup
[4.110s] [ext: omni.isaac.core_archive-2.6.1] startup
[4.110s] [ext: omni.kit.telemetry-0.5.2] startup
[4.155s] [ext: omni.kit.loop-isaac-1.3.7] startup
[4.157s] [ext: omni.kit.test-2.0.1] startup
[4.239s] [ext: omni.isaac.ml_archive-3.0.2] startup
[4.239s] [ext: omni.appwindow-1.1.10] startup
2026-05-16T23:48:44Z [4,216ms] [Warning] [carb.windowing-glfw.plugin] GLFW initialization failed.
2026-05-16T23:48:44Z [4,216ms] [Warning] [carb] Failed to startup plugin carb.windowing-glfw.plugin (interfaces: [carb::windowing::IGLContext v1.0],[carb::windowing::IWindowing v1.5]) (impl: carb.windowing-glfw.plugin)
[4.244s] [ext: omni.kit.renderer.core-1.1.0] startup
2026-05-16T23:48:44Z [4,242ms] [Warning] [carb.windowing-glfw.plugin] GLFW initialization failed.
2026-05-16T23:48:44Z [4,242ms] [Warning] [carb] Failed to startup plugin carb.windowing-glfw.plugin (interfaces: [carb::windowing::IGLContext v1.0],[carb::windowing::IWindowing v1.5]) (impl: carb.windowing-glfw.plugin)
2026-05-16T23:48:44Z [4,255ms] [Warning] [carb.windowing-glfw.plugin] GLFW initialization failed.
2026-05-16T23:48:44Z [4,255ms] [Warning] [carb] Failed to startup plugin carb.windowing-glfw.plugin (interfaces: [carb::windowing::IGLContext v1.0],[carb::windowing::IWindowing v1.5]) (impl: carb.windowing-glfw.plugin)
[4.283s] [ext: omni.kit.renderer.capture-0.0.0] startup
[4.286s] [ext: omni.kit.renderer.imgui-2.0.5] startup
2026-05-16T23:48:44Z [4,266ms] [Warning] [carb.windowing-glfw.plugin] GLFW initialization failed.
2026-05-16T23:48:44Z [4,266ms] [Warning] [carb] Failed to startup plugin carb.windowing-glfw.plugin (interfaces: [carb::windowing::IGLContext v1.0],[carb::windowing::IWindowing v1.5]) (impl: carb.windowing-glfw.plugin)
2026-05-16T23:48:44Z [4,268ms] [Warning] [carb.windowing-glfw.plugin] GLFW initialization failed.
2026-05-16T23:48:44Z [4,268ms] [Warning] [carb] Failed to startup plugin carb.windowing-glfw.plugin (interfaces: [carb::windowing::IGLContext v1.0],[carb::windowing::IWindowing v1.5]) (impl: carb.windowing-glfw.plugin)
2026-05-16T23:48:44Z [4,269ms] [Warning] [carb.windowing-glfw.plugin] GLFW initialization failed.
2026-05-16T23:48:44Z [4,269ms] [Warning] [carb] Failed to startup plugin carb.windowing-glfw.plugin (interfaces: [carb::windowing::IGLContext v1.0],[carb::windowing::IWindowing v1.5]) (impl: carb.windowing-glfw.plugin)
[4.416s] [ext: omni.ui-2.26.18] startup
[4.432s] [ext: omni.kit.mainwindow-1.0.3] startup
[4.434s] [ext: carb.audio-0.1.0] startup
[4.468s] [ext: omni.uiaudio-1.0.0] startup
[4.469s] [ext: omni.kit.uiapp-0.0.0] startup
[4.469s] [ext: omni.usd.schema.metrics.assembler-107.3.1] startup
[4.474s] [ext: omni.usd.schema.anim-0.0.0] startup
[4.501s] [ext: omni.usd.schema.omnigraph-1.0.0] startup
[4.509s] [ext: omni.usd.schema.geospatial-0.0.0] startup
[4.512s] [ext: omni.anim.graph.schema-107.3.0] startup
[4.521s] [ext: omni.usd.schema.audio-0.0.0] startup
[4.525s] [ext: omni.usd.schema.semantics-0.0.0] startup
[4.527s] [ext: omni.usd_resolver-1.0.0] startup
[4.532s] [ext: usdrt.scenegraph-7.6.1] startup
[4.588s] [ext: omni.kit.actions.core-1.0.0] startup
[4.591s] [ext: omni.timeline-1.0.14] startup
[4.594s] [ext: omni.usd.core-1.5.3] startup
[4.597s] [ext: omni.resourcemonitor-107.0.1] startup
[4.599s] [ext: omni.activity.core-1.0.3] startup
[4.601s] [ext: omni.kit.audiodeviceenum-1.0.2] startup
[4.603s] [ext: omni.hydra.usdrt_delegate-7.5.1] startup
[4.611s] [ext: omni.graph.exec-0.9.6] startup
[4.611s] [ext: omni.kit.window.popup_dialog-2.0.24] startup
[4.617s] [ext: omni.kit.exec.core-0.13.4] startup
[4.619s] [ext: omni.kit.widget.nucleus_connector-2.0.1] startup
[4.622s] [ext: omni.kit.usd_undo-0.1.8] startup
[4.623s] [ext: omni.kit.commands-1.4.10] startup
[4.628s] [ext: omni.hydra.scene_delegate-0.3.4] startup
[4.633s] [ext: omni.usd-1.13.10] startup
2026-05-16T23:48:44Z [4,656ms] [Warning] [omni.usd.audio] failed to subscribe to stage events
[4.697s] [ext: omni.inspect-1.0.2] startup
[4.699s] [ext: omni.kit.notification_manager-1.0.10] startup
[4.702s] [ext: omni.graph.core-2.184.3] startup
[4.705s] [ext: isaacsim.core.deprecation_manager-0.2.7] startup
[4.707s] [ext: omni.usd.schema.omniscripting-1.0.0] startup
[4.712s] [ext: omni.usd.schema.isaac-3.0.5] startup
[4.713s] [ext: isaacsim.robot.schema-3.5.1] startup
[4.723s] [ext: omni.usd.schema.omni_sensors-0.0.0] startup
[4.724s] [ext: omni.usd.schema.omni_lens_distortion-0.0.0] startup
[4.725s] [ext: omni.anim.navigation.schema-107.3.0] startup
[4.729s] [ext: omni.usd.schema.physx-107.3.18] startup
[4.795s] [ext: omni.usd.schema.flow-107.1.1] startup
[4.796s] [ext: omni.usd.schema.render_settings.rtx-0.0.0] startup
[4.798s] [ext: omni.kit.asset_converter-4.1.4] startup
[4.819s] [ext: omni.convexdecomposition-107.3.18] startup
[4.823s] [ext: omni.graph.tools-1.79.2] startup
[4.866s] [ext: omni.physx.foundation-107.3.18] startup
[4.869s] [ext: omni.kvdb-107.3.18] startup
[4.871s] [ext: omni.graph.action_core-1.1.7] startup
[4.873s] [ext: omni.graph-1.141.2] startup
[4.948s] [ext: omni.usdphysics-107.3.18] startup
[4.951s] [ext: omni.localcache-107.3.18] startup
[4.957s] [ext: omni.kit.menu.core-1.1.2] startup
[4.959s] [ext: omni.kit.widget.path_field-2.0.11] startup
[4.962s] [ext: omni.kit.widget.options_menu-1.1.6] startup
[4.968s] [ext: omni.kit.widget.context_menu-1.2.5] startup
[4.971s] [ext: omni.kit.widget.browser_bar-2.0.10] startup
[4.973s] [ext: omni.kit.clipboard-1.0.5] startup
[4.975s] [ext: omni.kit.widget.options_button-1.0.3] startup
[4.977s] [ext: omni.kit.helper.file_utils-0.1.9] startup
[4.980s] [ext: omni.kit.usd.layers-2.2.10] startup
[4.993s] [ext: omni.kit.menu.utils-2.0.3] startup
[5.006s] [ext: omni.ui.scene-1.11.4] startup
[5.015s] [ext: omni.kit.widget.filebrowser-2.12.2] startup
[5.024s] [ext: omni.kit.stage_template.core-1.1.22] startup
[5.026s] [ext: omni.kit.primitive.mesh-1.0.17] startup
[5.033s] [ext: omni.kit.window.filepicker-2.13.3] startup
[5.058s] [ext: omni.kit.stage_templates-2.0.0] startup
[5.063s] [ext: omni.graph.action_nodes-1.50.4] startup
[5.076s] [ext: omni.physx.cooking-107.3.18] startup
[5.084s] [ext: omni.warp.core-1.7.1] startup
[5.472s] [ext: omni.usd.metrics.assembler-107.3.1] startup
[5.481s] [ext: omni.physx-107.3.18] startup
[5.497s] [ext: omni.physics-107.3.18] startup
[5.508s] [ext: isaacsim.core.experimental.utils-0.2.0] startup
[5.518s] [ext: omni.graph.action-1.130.0] startup
[5.522s] [ext: omni.kit.manipulator.viewport-107.0.1] startup
[5.529s] [ext: omni.physics.physx-107.3.18] startup
[5.531s] [ext: omni.physics.stageupdate-107.3.18] startup
[5.536s] [ext: omni.kit.numpy.common-0.1.2] startup
[5.540s] [ext: omni.kit.property.adapter.core-1.0.2] startup
[5.558s] [ext: isaacsim.test.docstring-1.1.0] startup
[5.644s] [ext: omni.isaac.dynamic_control-2.0.7] startup
2026-05-16T23:48:45Z [5,627ms] [Warning] [omni.isaac.dynamic_control] omni.isaac.dynamic_control is deprecated as of Isaac Sim 4.5. No action is needed from end-users.
[5.652s] [ext: omni.hydra.rtx.shadercache.vulkan-1.0.0] startup
[5.657s] [ext: omni.hydra.engine.stats-1.0.3] startup
[5.663s] [ext: omni.physics.tensors-107.3.18] startup
[5.670s] [ext: omni.index.libs-380600.5717.0] startup
[5.672s] [ext: omni.volume-0.5.2] startup
[5.677s] [ext: omni.ujitso.client-0.0.0] startup
[5.678s] [ext: omni.index-1.0.1] startup
[5.679s] [ext: omni.usd.metrics.assembler.physics-107.3.18] startup
[5.685s] [ext: omni.hydra.rtx-1.0.0] startup
2026-05-16T23:48:45Z [5,687ms] [Warning] [omni.log] Source: omni.hydra was already registered.
[5.735s] [ext: omni.kit.viewport.registry-104.0.6] startup
[5.737s] [ext: omni.kit.viewport.legacy_gizmos-1.0.18] startup
[5.739s] [ext: omni.kit.raycast.query-1.1.0] startup
[5.746s] [ext: omni.kit.context_menu-1.8.6] startup
[5.751s] [ext: omni.kit.viewport.scene_camera_model-1.0.6] startup
[5.757s] [ext: omni.kit.hydra_texture-1.4.5] startup
[5.762s] [ext: omni.kit.window.file_importer-1.1.18] startup
[5.767s] [ext: isaacsim.core.version-2.0.6] startup
[5.770s] [ext: omni.kit.window.drop_support-1.0.5] startup
[5.774s] [ext: omni.kit.widget.viewport-107.1.3] startup
[5.781s] [ext: omni.kit.material.library-2.0.7] startup
[5.792s] [ext: isaacsim.storage.native-1.2.8] startup
[5.796s] [ext: omni.kit.viewport.window-107.0.12] startup
[5.828s] [ext: omni.physx.tensors-107.3.18] startup
[5.835s] [ext: isaacsim.core.utils-3.4.5] startup
[5.839s] [ext: omni.kit.viewport.utility-1.1.2] startup
[5.848s] [ext: omni.kit.menu.create-2.0.1] startup
[5.852s] [ext: isaacsim.core.simulation_manager-1.3.2] startup
[8.396s] [ext: omni.graph.visualization.nodes-2.1.3] startup
[8.417s] [ext: omni.kit.property.adapter.usd-1.0.2] startup
[8.423s] [ext: omni.kit.property.adapter.fabric-1.0.3] startup
[8.429s] [ext: omni.kit.widget.searchable_combobox-1.0.6] startup
[8.438s] [ext: omni.kit.usd.collect-2.4.5] startup
[8.447s] [ext: omni.kit.window.file_exporter-1.0.33] startup
[8.451s] [ext: omni.kit.hotWarp CUDA error: Failed to get driver entry point 'cuDeviceGetUuid' (CUDA error 1)
Warp CUDA error: Function cuDeviceGetUuid_f: a suitable driver entry point was not found
Warp CUDA error 36: API call is not supported in the installed CUDA driver (in function cuda_init, /builds/omniverse/warp/warp/native/warp.cu:277)
keys.core-1.3.10] startup
[8.457s] [ext: omni.kit.widget.highlight_label-1.0.3] startup
[8.463s] [ext: omni.kit.window.file-2.0.5] startup
[8.478s] [ext: omni.kit.widget.searchfield-1.1.8] startup
[8.484s] [ext: omni.kit.widget.filter-1.1.4] startup
[8.488s] [ext: omni.kit.window.content_browser_registry-0.0.6] startup
[8.491s] [ext: omni.kit.widget.stage_icons-1.0.8] startup
[8.493s] [ext: omni.kit.widget.stage-3.1.4] startup
[8.517s] [ext: omni.kit.window.property-1.12.1] startup
[8.522s] [ext: omni.kit.window.content_browser-3.1.1] startup
[8.542s] [ext: omni.kit.window.stage-2.6.1] startup
[8.600s] [ext: omni.kit.property.usd-4.5.11] startup
[8.652s] [ext: omni.ui_query-1.1.8] startup
[8.656s] [ext: omni.kit.widget.prompt-1.0.7] startup
[8.658s] [ext: omni.kit.ui_test-1.3.6] startup
[8.662s] [ext: omni.kit.tool.collect-2.2.18] startup
[8.666s] [ext: omni.kit.scripting-107.3.1] startup
[8.676s] [ext: isaacsim.core.experimental.prims-0.6.2] startup
[8.854s] [ext: omni.kit.widget.zoombar-1.0.6] startup
[8.863s] [ext: omni.kit.window.extensions-1.4.26] startup
[8.874s] [ext: isaacsim.replicator.behavior-1.1.14] startup
[8.877s] [ext: isaacsim.core.experimental.objects-0.2.4] startup
[8.885s] [ext: omni.kit.browser.core-2.3.13] startup
[8.899s] [ext: omni.kit.usdz_export-1.0.9] startup
[8.905s] [ext: omni.kit.menu.stage-1.2.7] startup
[8.909s] [ext: omni.kit.browser.folder.core-1.10.9] startup
[8.920s] [ext: omni.kit.tool.asset_importer-4.3.2] startup
[9.039s] [ext: isaacsim.gui.components-1.1.9] startup
[9.047s] [ext: isaacsim.examples.browser-0.1.12] startup
[9.101s] [ext: isaacsim.asset.importer.urdf-2.4.19] startup
[9.220s] [ext: isaacsim.simulation_app-2.9.2] startup
[9.226s] [ext: omni.graph.ui_nodes-1.50.5] startup
[9.243s] [ext: omni.isaac.kit-2.0.6] startup
2026-05-16T23:48:49Z [9,225ms] [Warning] [omni.isaac.kit] omni.isaac.kit has been deprecated in favor of isaacsim.simulation_app. Please update your code accordingly.
[9.251s] [ext: omni.kit.widget.graph-2.0.0] startup
[9.278s] [ext: omni.graph.image.core-0.6.1] startup
[9.281s] [ext: omni.kit.widget.settings-1.2.3] startup
[9.288s] [ext: omni.kit.graph.delegate.default-1.2.2] startup
[9.292s] [ext: omni.graph.image.nodes-1.3.1] startup
[9.294s] [ext: omni.kit.window.preferences-1.8.0] startup
[9.320s] [ext: omni.kit.graph.editor.core-1.5.3] startup
[9.366s] [ext: omni.kit.graph.usd.commands-1.3.1] startup
[9.371s] [ext: omni.graph.nodes-1.170.10] startup
[9.431s] [ext: omni.kit.viewport.menubar.core-107.1.5] startup
[9.530s] [ext: omni.kit.widget.material_preview-1.0.16] startup
[9.538s] [ext: omni.videoencoding-0.1.2] startup
[9.543s] [ext: isaacsim.core.prims-0.5.1] startup
[9.598s] [ext: omni.warp-1.7.1] startup
[9.636s] [ext: omni.syntheticdata-0.6.13] startup
[9.712s] [ext: omni.kit.window.material_graph-1.8.23] startup
[10.212s] [ext: omni.graph.scriptnode-1.50.0] startup
[10.221s] [ext: isaacsim.core.api-4.6.10] startup
[10.385s] [ext: omni.replicator.core-1.12.16] startup
2026-05-16T23:48:50Z [10,388ms] [Warning] [pxr.Semantics] pxr.Semantics is deprecated - please use Semantics instead
2026-05-16T23:48:50Z [10,617ms] [Warning] [omni.replicator.core.scripts.extension] No material configuration file, adding configuration to material settings directly.
[10.648s] [ext: isaacsim.robot_motion.lula-4.0.8] startup
[10.665s] [ext: isaacsim.robot.surface_gripper-3.2.6] startup
[10.673s] [ext: isaacsim.core.nodes-3.2.16] startup
[10.724s] [ext: isaacsim.robot_motion.motion_generation-8.0.25] startup
[10.763s] [ext: isaacsim.robot.manipulators-3.3.5] startup
[10.784s] [ext: omni.isaac.core_nodes-2.0.6] startup
2026-05-16T23:48:50Z [10,763ms] [Warning] [omni.isaac.core_nodes] omni.isaac.core_nodes has been deprecated in favor of isaacsim.core.nodes. Please update your code accordingly.
[10.789s] [ext: isaacsim.robot.manipulators.examples-1.0.17] startup
[10.798s] [ext: omni.kit.property.audio-1.0.16] startup
[10.815s] [ext: isaacsim.cortex.framework-1.0.12] startup
[10.945s] [ext: omni.kit.property.camera-1.0.10] startup
[10.966s] [ext: omni.hydra.scene_api-0.1.2] startup
[11.052s] [ext: omni.kit.property.geometry-2.0.4] startup
[11.109s] [ext: omni.kit.property.light-1.0.12] startup
[11.258s] [ext: isaacsim.cortex.behaviors-2.0.12] startup
[11.279s] [ext: omni.kit.property.material-1.11.9] startup
[12.001s] [ext: omni.kit.property.transform-1.5.12] startup
[12.018s] [ext: omni.kit.property.render-1.2.1] startup
[12.025s] [ext: omni.isaac.cortex-1.0.5] startup
2026-05-16T23:48:52Z [12,004ms] [Warning] [omni.isaac.cortex] omni.isaac.cortex has been deprecated in favor of isaacsim.cortex.framework. Please update your code accordingly.
[12.030s] [ext: omni.isaac.cortex.sample_behaviors-2.0.5] startup
2026-05-16T23:48:52Z [12,145ms] [Warning] [omni.isaac.cortex.sample_behaviors] omni.isaac.cortex.sample_behaviors has been deprecated in favor of isaacsim.cortex.behaviors. Please update your code accordingly.
[12.171s] [ext: omni.anim.curve.core-1.3.1] startup
[12.544s] [ext: isaacsim.robot_motion.lula_test_widget-1.0.12] startup
[12.559s] [ext: omni.kit.property.bundle-1.4.1] startup
[12.570s] [ext: omni.isaac.lula-4.0.6] startup
2026-05-16T23:48:52Z [12,549ms] [Warning] [omni.isaac.lula] omni.isaac.lula has been deprecated in favor of isaacsim.robot_motion.lula. Please update your code accordingly.
[12.576s] [ext: omni.isaac.manipulators-3.0.7] startup
2026-05-16T23:48:52Z [12,555ms] [Warning] [omni.isaac.manipulators] omni.isaac.manipulators has been deprecated in favor of isaacsim.robot.manipulators. Please update your code accordingly.
2026-05-16T23:48:52Z [12,556ms] [Warning] [omni.isaac.manipulators.controllers] omni.isaac.manipulators has been deprecated in favor of isaacsim.robot.manipulators. Please update your code accordingly.
2026-05-16T23:48:52Z [12,557ms] [Warning] [omni.isaac.manipulators.controllers.pick_place_controller] omni.isaac.manipulators has been deprecated in favor of isaacsim.robot.manipulators. Please update your code accordingly.
2026-05-16T23:48:52Z [12,566ms] [Warning] [omni.isaac.manipulators.controllers.stacking_controller] omni.isaac.manipulators has been deprecated in favor of isaacsim.robot.manipulators. Please update your code accordingly.
2026-05-16T23:48:52Z [12,567ms] [Warning] [omni.isaac.manipulators.grippers] omni.isaac.manipulators has been deprecated in favor of isaacsim.robot.manipulators. Please update your code accordingly.
2026-05-16T23:48:52Z [12,568ms] [Warning] [omni.isaac.manipulators.grippers.gripper] omni.isaac.manipulators has been deprecated in favor of isaacsim.robot.manipulators. Please update your code accordingly.
2026-05-16T23:48:52Z [12,569ms] [Warning] [omni.isaac.manipulators.grippers.parallel_gripper] omni.isaac.manipulators has been deprecated in favor of isaacsim.robot.manipulators. Please update your code accordingly.
2026-05-16T23:48:52Z [12,570ms] [Warning] [omni.isaac.manipulators.grippers.surface_gripper] omni.isaac.manipulators has been deprecated in favor of isaacsim.robot.manipulators. Please update your code accordingly.
2026-05-16T23:48:52Z [12,572ms] [Warning] [omni.isaac.manipulators.manipulators] omni.isaac.manipulators has been deprecated in favor of isaacsim.robot.manipulators. Please update your code accordingly.
2026-05-16T23:48:52Z [12,577ms] [Warning] [omni.isaac.manipulators.manipulators.single_manipulator] omni.isaac.manipulators has been deprecated in favor of isaacsim.robot.manipulators. Please update your code accordingly.
[12.604s] [ext: omni.kit.viewport.menubar.lighting-107.3.1] startup
[12.628s] [ext: omni.isaac.lula_test_widget-1.0.6] startup
2026-05-16T23:48:52Z [12,606ms] [Warning] [omni.isaac.lula_test_widget] omni.isaac.lula_test_widget has been deprecated in favor of isaacsim.robot_motion.lula_test_widget. Please update your code accordingly.
[12.632s] [ext: isaacsim.core.throttling-2.1.10] startup
[12.641s] [ext: isaacsim.asset.importer.mjcf-2.5.8] startup
[12.668s] [ext: omni.kit.selection-0.1.6] startup
[12.682s] [ext: omni.kit.widget.toolbar-2.0.1] startup
[12.747s] [ext: omni.kit.manipulator.transform-107.0.0] startup
[12.778s] [ext: isaacsim.gui.menu-2.3.17] startup
[14.391s] [ext: isaacsim.asset.browser-1.3.19] startup
[14.406s] [ext: omni.kit.manipulator.tool.snap-1.5.13] startup
[14.427s] [ext: omni.kit.manipulator.selector-1.1.3] startup
[14.434s] [ext: omni.isaac.menu-1.0.6] startup
2026-05-16T23:48:54Z [14,412ms] [Warning] [omni.isaac.menu] omni.isaac.menu has been deprecated in favor of isaacsim.gui.menu. Please update your code accordingly.
[14.438s] [ext: omni.isaac.motion_generation-8.0.7] startup
2026-05-16T23:48:54Z [14,419ms] [Warning] [omni.isaac.motion_generation] omni.isaac.motion_generation has been deprecated in favor of isaacsim.robot_motion.motion_generation. Please update your code accordingly.
2026-05-16T23:48:54Z [14,419ms] [Warning] [omni.isaac.motion_generation.articulation_kinematics_solver] omni.isaac.motion_generation has been deprecated in favor of isaacsim.robot_motion.motion_generation. Please update your code accordingly.
2026-05-16T23:48:54Z [14,533ms] [Warning] [omni.isaac.motion_generation.articulation_motion_policy] omni.isaac.motion_generation has been deprecated in favor of isaacsim.robot_motion.motion_generation. Please update your code accordingly.
2026-05-16T23:48:54Z [14,535ms] [Warning] [omni.isaac.motion_generation.articulation_trajectory] omni.isaac.motion_generation has been deprecated in favor of isaacsim.robot_motion.motion_generation. Please update your code accordingly.
2026-05-16T23:48:54Z [14,535ms] [Warning] [omni.isaac.motion_generation.kinematics_interface] omni.isaac.motion_generation has been deprecated in favor of isaacsim.robot_motion.motion_generation. Please update your code accordingly.
2026-05-16T23:48:54Z [14,536ms] [Warning] [omni.isaac.motion_generation.lula] omni.isaac.motion_generation has been deprecated in favor of isaacsim.robot_motion.motion_generation. Please update your code accordingly.
2026-05-16T23:48:54Z [14,536ms] [Warning] [omni.isaac.motion_generation.lula.kinematics] omni.isaac.motion_generation has been deprecated in favor of isaacsim.robot_motion.motion_generation. Please update your code accordingly.
2026-05-16T23:48:54Z [14,536ms] [Warning] [omni.isaac.motion_generation.lula.motion_policies] omni.isaac.motion_generation has been deprecated in favor of isaacsim.robot_motion.motion_generation. Please update your code accordingly.
2026-05-16T23:48:54Z [14,537ms] [Warning] [omni.isaac.motion_generation.lula.path_planners] omni.isaac.motion_generation has been deprecated in favor of isaacsim.robot_motion.motion_generation. Please update your code accordingly.
2026-05-16T23:48:54Z [14,537ms] [Warning] [omni.isaac.motion_generation.lula.trajectory_generator] omni.isaac.motion_generation has been deprecated in favor of isaacsim.robot_motion.motion_generation. Please update your code accordingly.
2026-05-16T23:48:54Z [14,538ms] [Warning] [omni.isaac.motion_generation.motion_policy_controller] omni.isaac.motion_generation has been deprecated in favor of isaacsim.robot_motion.motion_generation. Please update your code accordingly.
2026-05-16T23:48:54Z [14,538ms] [Warning] [omni.isaac.motion_generation.motion_policy_interface] omni.isaac.motion_generation has been deprecated in favor of isaacsim.robot_motion.motion_generation. Please update your code accordingly.
2026-05-16T23:48:54Z [14,539ms] [Warning] [omni.isaac.motion_generation.path_planner_visualizer] omni.isaac.motion_generation has been deprecated in favor of isaacsim.robot_motion.motion_generation. Please update your code accordingly.
2026-05-16T23:48:54Z [14,539ms] [Warning] [omni.isaac.motion_generation.path_planning_interface] omni.isaac.motion_generation has been deprecated in favor of isaacsim.robot_motion.motion_generation. Please update your code accordingly.
2026-05-16T23:48:54Z [14,539ms] [Warning] [omni.isaac.motion_generation.trajectory] omni.isaac.motion_generation has been deprecated in favor of isaacsim.robot_motion.motion_generation. Please update your code accordingly.
2026-05-16T23:48:54Z [14,540ms] [Warning] [omni.isaac.motion_generation.world_interface] omni.isaac.motion_generation has been deprecated in favor of isaacsim.robot_motion.motion_generation. Please update your code accordingly.
[14.566s] [ext: omni.isaac.asset_browser-1.0.6] startup
2026-05-16T23:48:54Z [14,546ms] [Warning] [omni.isaac.asset_browser] omni.isaac.asset_browser has been deprecated in favor of isaacsim.asset.browser. Please update your code accordingly.
[14.572s] [ext: omni.kit.viewport.manipulator.transform-107.0.4] startup
[14.590s] [ext: omni.isaac.nucleus-1.0.6] startup
2026-05-16T23:48:54Z [14,568ms] [Warning] [omni.isaac.nucleus] omni.isaac.nucleus has been deprecated in favor of isaacsim.storage.native. Please update your code accordingly.
2026-05-16T23:48:54Z [14,568ms] [Warning] [omni.isaac.nucleus.nucleus] omni.isaac.nucleus.nucleus has been deprecated in favor of isaacsim.storage.native. Please update your code accordingly.
[14.594s] [ext: omni.fabric.commands-1.1.6] startup
[14.609s] [ext: omni.kit.manipulator.prim.core-107.0.8] startup
[14.697s] [ext: isaacsim.robot.wheeled_robots-4.0.23] startup
[14.714s] [ext: omni.isaac.utils-2.0.6] startup
[14.725s] [ext: omni.isaac.version-2.0.7] startup
2026-05-16T23:48:54Z [14,746ms] [Warning] [omni.isaac.version] omni.isaac.version has been deprecated in favor of isaacsim.core.version. Please update your code accordingly.
[14.776s] [ext: omni.isaac.wheeled_robots-3.0.7] startup
2026-05-16T23:48:54Z [14,754ms] [Warning] [omni.isaac.wheeled_robots] omni.isaac.wheeled_robots has been deprecated in favor of isaacsim.robot.wheeled_robots. Please update your code accordingly.
2026-05-16T23:48:54Z [14,755ms] [Warning] [omni.isaac.wheeled_robots.controllers] omni.isaac.wheeled_robots has been deprecated in favor of isaacsim.robot.wheeled_robots. Please update your code accordingly.
2026-05-16T23:48:54Z [14,756ms] [Warning] [omni.isaac.wheeled_robots.controllers.ackermann_controller] omni.isaac.wheeled_robots has been deprecated in favor of isaacsim.robot.wheeled_robots. Please update your code accordingly.
2026-05-16T23:48:54Z [14,758ms] [Warning] [omni.isaac.wheeled_robots.controllers.differential_controller] omni.isaac.wheeled_robots has been deprecated in favor of isaacsim.robot.wheeled_robots. Please update your code accordingly.
2026-05-16T23:48:54Z [14,758ms] [Warning] [omni.isaac.wheeled_robots.controllers.holonomic_controller] omni.isaac.wheeled_robots has been deprecated in favor of isaacsim.robot.wheeled_robots. Please update your code accordingly.
2026-05-16T23:48:54Z [14,759ms] [Warning] [omni.isaac.wheeled_robots.controllers.quintic_path_planner] omni.isaac.wheeled_robots has been deprecated in favor of isaacsim.robot.wheeled_robots. Please update your code accordingly.
2026-05-16T23:48:54Z [14,759ms] [Warning] [omni.isaac.wheeled_robots.controllers.stanley_control] omni.isaac.wheeled_robots has been deprecated in favor of isaacsim.robot.wheeled_robots. Please update your code accordingly.
2026-05-16T23:48:54Z [14,760ms] [Warning] [omni.isaac.wheeled_robots.controllers.wheel_base_pose_controller] omni.isaac.wheeled_robots has been deprecated in favor of isaacsim.robot.wheeled_robots. Please update your code accordingly.
2026-05-16T23:48:54Z [14,761ms] [Warning] [omni.isaac.wheeled_robots.impl] omni.isaac.wheeled_robots has been deprecated in favor of isaacsim.robot.wheeled_robots. Please update your code accordingly.
2026-05-16T23:48:54Z [14,761ms] [Warning] [omni.isaac.wheeled_robots.robots] omni.isaac.wheeled_robots has been deprecated in favor of isaacsim.robot.wheeled_robots. Please update your code accordingly.
2026-05-16T23:48:54Z [14,762ms] [Warning] [omni.isaac.wheeled_robots.robots.holonomic_robot_usd_setup] omni.isaac.wheeled_robots has been deprecated in favor of isaacsim.robot.wheeled_robots. Please update your code accordingly.
2026-05-16T23:48:54Z [14,766ms] [Warning] [omni.isaac.wheeled_robots.robots.wheeled_robot] omni.isaac.wheeled_robots has been deprecated in favor of isaacsim.robot.wheeled_robots. Please update your code accordingly.
[14.792s] [ext: omni.sensors.nv.common-2.7.0-coreapi] startup
[14.834s] [ext: isaacsim.app.about-2.0.11] startup
[14.849s] [ext: omni.kit.manipulator.prim.fabric-107.0.4] startup
[14.862s] [ext: isaacsim.sensors.physics-0.3.27] startup
[14.971s] [ext: omni.kit.manipulator.prim.usd-107.0.3] startup
[14.985s] [ext: omni.sensors.net-0.4.0-coreapi] startup
[15.004s] [ext: omni.sensors.nv.materials-1.6.0-coreapi] startup
[15.070s] [ext: omni.isaac.window.about-2.0.7] startup
2026-05-16T23:48:55Z [15,055ms] [Warning] [omni.isaac.window.about] omni.isaac.window.about has been deprecated in favor of isaacsim.app.about. Please update your code accordingly.
2026-05-16T23:48:55Z [15,082ms] [Warning] [omni.isaac.window.about.about] omni.isaac.window.about.about has been deprecated in favor of isaacsim.app.about.about. Please update your code accordingly.
[15.111s] [ext: omni.kit.manipulator.camera-106.0.4] startup
[15.203s] [ext: isaacsim.robot.policy.examples-4.1.11] startup
[15.206s] [ext: omni.kit.manipulator.prim-107.0.0] startup
[15.212s] [ext: omni.kit.manipulator.selection-106.0.1] startup
[15.241s] [ext: omni.sensors.nv.ids-1.5.0-coreapi] startup
[15.249s] [ext: omni.sensors.nv.wpm-2.5.0-coreapi] startup
[15.258s] [ext: omni.sensors.nv.lidar-2.7.0-coreapi] startup
[15.281s] [ext: omni.isaac.quadruped-3.0.7] startup
2026-05-16T23:48:55Z [15,259ms] [Warning] [omni.isaac.quadruped] omni.isaac.quadruped has been deprecated in favor of isaacsim.robot.policy.examples. Please update your code accordingly.
[15.285s] [ext: omni.isaac.assets_check-0.3.13] startup
2026-05-16T23:48:55Z [15,267ms] [Warning] [omni.isaac.assets_check] omni.isaac.assets_check has been deprecated in favor of isaacsim.asset.browser. Please update your code accordingly.
[15.292s] [ext: isaacsim.gui.content_browser-0.1.9] startup
[15.419s] [ext: isaacsim.util.debug_draw-3.1.0] startup
[15.452s] [ext: omni.sensors.nv.radar-2.8.0-coreapi] startup
[15.464s] [ext: omni.isaac.franka-1.0.7] startup
2026-05-16T23:48:55Z [15,442ms] [Warning] [omni.isaac.franka] omni.isaac.franka has been deprecated in favor of isaacsim.robot.manipulators.examples.franka. Please update your code accordingly.
2026-05-16T23:48:55Z [15,442ms] [Warning] [omni.isaac.franka.franka] omni.isaac.franka has been deprecated in favor of isaacsim.robot.manipulators.examples.franka. Please update your code accordingly.
2026-05-16T23:48:55Z [15,444ms] [Warning] [omni.isaac.franka.kinematics_solver] omni.isaac.franka has been deprecated in favor of isaacsim.robot.manipulators.examples.franka. Please update your code accordingly.
[15.470s] [ext: isaacsim.gui.property-1.1.3] startup
[15.483s] [ext: isaacsim.sensors.physx-2.2.27] startup
[15.496s] [ext: isaacsim.sensors.camera-1.3.1] startup
[15.561s] [ext: isaacsim.sensors.rtx-15.5.0] startup
[15.594s] [ext: isaacsim.core.cloner-1.4.9] startup
[15.611s] [ext: omni.kit.property.isaac-1.0.6] startup
2026-05-16T23:48:55Z [15,599ms] [Warning] [omni.kit.property.isaac] omni.kit.property.isaac has been deprecated in favor of isaacsim.gui.property. Please update your code accordingly.
2026-05-16T23:48:55Z [15,599ms] [Warning] [omni.kit.property.isaac.widgets] omni.kit.property.isaac.widgets has been deprecated in favor of isaacsim.gui.property.widgets. Please update your code accordingly.
[15.625s] [ext: omni.isaac.range_sensor-4.0.6] startup
2026-05-16T23:48:55Z [15,604ms] [Warning] [omni.isaac.range_sensor] omni.isaac.range_sensor has been deprecated in favor of isaacsim.sensors.physx. Please update your code accordingly.
2026-05-16T23:48:55Z [15,611ms] [Warning] [omni.isaac.range_sensor.commands] omni.isaac.range_sensor.commands has been deprecated in favor of isaacsim.sensors.physx.commands. Please update your code accordingly.
[15.637s] [ext: omni.kit.viewport.menubar.camera-107.0.3] startup
[15.665s] [ext: omni.isaac.sensor-13.0.7] startup
2026-05-16T23:48:55Z [15,643ms] [Warning] [omni.isaac.sensor] omni.isaac.sensor has been deprecated in favor of isaacsim.sensors.camera, isaacsim.sensors.physics, isaacsim.sensors.physx, and isaacsim.sensors.rtx. Please update your code accordingly.
2026-05-16T23:48:55Z [15,644ms] [Warning] [omni.isaac.sensor.camera] omni.isaac.sensor.camera has been deprecated in favor of isaacsim.sensors.camera.camera. Please update your code accordingly.
2026-05-16T23:48:55Z [15,644ms] [Warning] [omni.isaac.sensor.camera_view] omni.isaac.sensor.camera_view has been deprecated in favor of isaacsim.sensors.camera.camera_view. Please update your code accordingly.
2026-05-16T23:48:55Z [15,645ms] [Warning] [omni.isaac.sensor.commands] omni.isaac.sensor.commands has been deprecated in favor of isaacsim.sensors.physics.commands, isaacsim.sensors.physx.commands, and isaacsim.sensors.rtx.commands. Please update your code accordingly.
2026-05-16T23:48:55Z [15,645ms] [Warning] [omni.isaac.sensor.contact_sensor] omni.isaac.sensor.contact_sensor has been deprecated in favor of isaacsim.sensors.physics.contact_sensor. Please update your code accordingly.
2026-05-16T23:48:55Z [15,646ms] [Warning] [omni.isaac.sensor.imu_sensor] omni.isaac.sensor.imu_sensor has been deprecated in favor of isaacsim.sensors.physics.imu_sensor. Please update your code accordingly.
2026-05-16T23:48:55Z [15,646ms] [Warning] [omni.isaac.sensor.lidar_rtx] omni.isaac.sensor.lidar_rtx has been deprecated in favor of isaacsim.sensors.rtx.lidar_rtx. Please update your code accordingly.
2026-05-16T23:48:55Z [15,646ms] [Warning] [omni.isaac.sensor.rotating_lidar_physX] omni.isaac.sensor.imu_sensor has been deprecated in favor of isaacsim.sensors.physix.rotating_lidar_physX. Please update your code accordingly.
2026-05-16T23:48:55Z [15,648ms] [Warning] [omni.isaac.sensor.scripts.samples.contact_sensor] omni.isaac.sensor.scripts.samples.contact_sensor has been deprecated in favor of isaacsim.sensors.physics.scripts.samples.contact_sensor. Please update your code accordingly.
2026-05-16T23:48:55Z [15,649ms] [Warning] [omni.isaac.sensor.scripts.samples.imu_sensor] omni.isaac.sensor.scripts.samples.imu_sensor has been deprecated in favor of isaacsim.sensors.physics.scripts.samples.imu_sensor. Please update your code accordingly.
2026-05-16T23:48:55Z [15,649ms] [Warning] [omni.isaac.sensor.scripts.samples.lightbeam_sensor] omni.isaac.sensor.scripts.samples.lightbeam_sensor has been deprecated in favor of isaacsim.sensors.physx.scripts.samples.lightbeam_sensor. Please update your code accordingly.
[15.682s] [ext: omni.isaac.cloner-1.0.7] startup
2026-05-16T23:48:55Z [15,658ms] [Warning] [omni.isaac.cloner] omni.isaac.cloner has been deprecated in favor of isaacsim.core.cloner. Please update your code accordingly.
[15.684s] [ext: omni.kit.viewport.menubar.render-107.0.9] startup
[15.724s] [ext: omni.kit.viewport.menubar.settings-107.0.3] startup
[15.739s] [ext: isaacsim.replicator.writers-1.0.15] startup
[15.794s] [ext: omni.kit.window.console-1.1.4] startup
[15.812s] [ext: omni.kit.window.status_bar-0.1.8] startup
[15.938s] [ext: omni.kit.viewport.actions-107.0.2] startup
[15.975s] [ext: isaacsim.replicator.domain_randomization-1.0.16] startup
[15.989s] [ext: isaacsim.replicator.examples-1.1.31] startup
[16.058s] [ext: omni.ocio-0.1.1] startup
[16.080s] [ext: omni.rtx.window.settings-0.6.19] startup
[16.111s] [ext: omni.kit.viewport.menubar.display-107.0.3] startup
[16.149s] [ext: omni.kit.window.toolbar-2.0.0] startup
[16.185s] [ext: omni.replicator.isaac-2.0.8] startup
2026-05-16T23:48:56Z [16,163ms] [Warning] [omni.replicator.isaac] omni.replicator.isaac has been deprecated in favor of isaacsim.replicator.domain_randomization, isaacsim.replicator.examples, isaacsim.replicator.writers. Please update your code accordingly.
[16.189s] [ext: omni.replicator.replicator_yaml-2.0.11] startup
[16.246s] [ext: omni.rtx.settings.core-0.6.5] startup
[16.266s] [ext: omni.usd.metrics.assembler.ui-107.3.1] startup
[16.417s] [ext: omni.isaac.surface_gripper-2.0.6] startup
2026-05-16T23:48:56Z [16,415ms] [Warning] [omni.isaac.surface_gripper] omni.isaac.surface_gripper has been deprecated in favor of isaacsim.robot.surface_gripper. Please update your code accordingly.
[16.442s] [ext: semantics.schema.editor-2.0.1] startup
[16.464s] [ext: omni.kit.ui.actions-1.0.5] startup
[16.471s] [ext: semantics.schema.property-2.0.1] startup
[16.477s] [ext: omni.isaac.universal_robots-1.0.6] startup
2026-05-16T23:48:56Z [16,456ms] [Warning] [omni.isaac.universal_robots] omni.isaac.universal_robots has been deprecated in favor of isaacsim.robot.manipulators.examples.universal_robots. Please update your code accordingly.
2026-05-16T23:48:56Z [16,456ms] [Warning] [omni.isaac.universal_robots.kinematics_solver] omni.isaac.franka has been deprecated in favor of isaacsim.robot.manipulators.examples.universal_robots. Please update your code accordingly.
2026-05-16T23:48:56Z [16,458ms] [Warning] [omni.isaac.universal_robots.ur10] omni.isaac.franka has been deprecated in favor of isaacsim.robot.manipulators.examples.universal_robots. Please update your code accordingly.
[16.484s] [ext: omni.isaac.core-4.0.7] startup
2026-05-16T23:48:56Z [16,467ms] [Warning] [omni.isaac.core.physics_context.physics_context] omni.isaac.core.physics_context.physics_context has been deprecated in favor of isaacsim.core.api.physics_context.physics_context. Please update your code accordingly.
2026-05-16T23:48:56Z [16,469ms] [Warning] [omni.isaac.core.simulation_context.simulation_context] omni.isaac.core.simulation_context.simulation_context has been deprecated in favor of isaacsim.core.api.simulation_context.simulation_context. Please update your code accordingly.
2026-05-16T23:48:56Z [16,470ms] [Warning] [omni.isaac.core.world.world] omni.isaac.core.world.world has been deprecated in favor of isaacsim.core.api.world.world. Please update your code accordingly.
2026-05-16T23:48:56Z [16,470ms] [Warning] [omni.isaac.core] omni.isaac.core has been deprecated in favor of isaacsim.core.api. Please update your code accordingly.
[16.558s] [ext: isaacsim.gui.sensors.icon-2.0.3] startup
[16.576s] [ext: isaacsim.core.experimental.materials-0.3.0] startup
[16.610s] [ext: omni.kit.menu.common-2.0.0] startup
[16.621s] [ext: isaacsim.exp.base-5.0.0] startup
[16.624s] [ext: isaacsim.exp.base.python-5.0.0] startup
[16.630s] Simulation App Starting
2026-05-16T23:48:57Z [17,351ms] [Warning] [usdrt.population.plugin] using high frequency span is disabled
2026-05-16T23:48:57Z [17,486ms] [Warning] [omni.fabric.plugin] Warning: attribute viewPickingId not found for bucket id 9

[17.569s] app ready
2026-05-16T23:48:57Z [17,878ms] [Warning] [carb] Acquiring non optional plugin interface which is not listed as dependency: [carb::dictionary::ISerializer v1.1] (plugin: carb.dictionary.serializer-json.plugin), by client: carb.scenerenderer-rtx.plugin. Add it to CARB_PLUGIN_IMPL_DEPS() macro of a client.
2026-05-16T23:49:02Z [22,365ms] [Warning] [usdrt.hydra.fabric_scene_delegate.plugin] using high frequency span is disabled
2026-05-16T23:49:02Z [22,366ms] [Warning] [usdrt.hydra.fabric_scene_delegate.plugin] using high frequency span is disabled
2026-05-16T23:49:02Z [22,367ms] [Warning] [usdrt.hydra.fabric_scene_delegate.plugin] using high frequency span with attrs is disabled
2026-05-16T23:49:02Z [22,403ms] [Warning] [usdrt.hydra.fabric_scene_delegate.plugin] using high frequency span is disabled
2026-05-16T23:49:02Z [22,403ms] [Warning] [usdrt.hydra.fabric_scene_delegate.plugin] using high frequency span is disabled
[22.987s] Simulation App Startup Complete
[23.006s] [ext: isaacsim.ros2.bridge-4.9.3] startup
[23.073s] Attempting to load system rclpy
[23.087s] Could not import system rclpy: No module named 'rclpy._rclpy_pybind11'
The C extension '/opt/ros/humble/lib/python3.10/site-packages/_rclpy_pybind11.cpython-311-x86_64-linux-gnu.so' isn't present on the system. Please refer to 'https://docs.ros.org/en/humble/Guides/Installation-Troubleshooting.html#import-failing-without-library-present-on-the-system' for possible solutions
[23.087s] Attempting to load internal rclpy for ROS Distro: humble
[23.088s] Could not import internal rclpy: No module named 'rclpy._rclpy_pybind11'
The C extension '/opt/ros/humble/lib/python3.10/site-packages/_rclpy_pybind11.cpython-311-x86_64-linux-gnu.so' isn't present on the system. Please refer to 'https://docs.ros.org/en/humble/Guides/Installation-Troubleshooting.html#import-failing-without-library-present-on-the-system' for possible solutions
[23.088s] To use the internal libraries included with the extension please set the following environment variables to use with FastDDS (default) or CycloneDDS before starting Isaac Sim:

FastDDS (default):
export ROS_DISTRO=humble
export RMW_IMPLEMENTATION=rmw_fastrtps_cpp
export LD_LIBRARY_PATH=$LD_LIBRARY_PATH:/humble/lib

OR

CycloneDDS:
export ROS_DISTRO=humble
export RMW_IMPLEMENTATION=rmw_cyclonedds_cpp
export LD_LIBRARY_PATH=$LD_LIBRARY_PATH:/humble/lib


2026-05-16T23:49:03Z [23,064ms] [Warning] [humble.rclpy] Could not import rclpy
2026-05-16T23:49:13Z [33,819ms] [Warning] [omni.fabric.plugin] Warning: attribute inputs:cameraPrim not found for path /World/cell_cam_ros/setCamera

2026-05-16T23:49:13Z [33,895ms] [Warning] [omni.timeline.plugin] Deprecated: direct use of ITimeline callbacks is deprecated. Use ITimeline::getTimeline (Python: omni.timeline.get_timeline_interface) instead.
2026-05-16T23:49:14Z [34,113ms] [Warning] [isaacsim.ros2.bridge.impl.camera_info_utils] ROS2 CameraInfo support for lens distortion models beyond opencvPinhole and opencvFisheye is deprecated as of Isaac Sim 5.0, and will be removed in a future release.
2026-05-16T23:49:14Z [34,113ms] [Warning] [isaacsim.ros2.bridge.impl.camera_info_utils] Unsupported physical distortion model 'None'. Using plumb_bob with default coefficients.
2026-05-16T23:49:44Z [64,645ms] [Warning] [omni.fabric.plugin] USD->Fabric: Unhandled array type string[]
2026-05-16T23:49:44Z [64,681ms] [Warning] [usdrt.population.plugin] [UsdNoticeHandler] Unhandled attribute type VtArray<std::string> (prim attribute: omni:rtx:material:db:flattener:ior_constant)
2026-05-16T23:49:44Z [64,681ms] [Warning] [usdrt.population.plugin] [UsdNoticeHandler] Unhandled attribute type VtArray<std::string> (prim attribute: omni:rtx:material:db:flattener:reflection_roughness_constant)
2026-05-16T23:49:44Z [64,681ms] [Warning] [usdrt.population.plugin] [UsdNoticeHandler] Unhandled attribute type VtArray<std::string> (prim attribute: omni:rtx:material:db:flattener:transmittance_color)
2026-05-16T23:49:45Z [65,155ms] [Warning] [usdrt.hydra.fabric_scene_delegate.plugin] using high frequency span with attrs is disabled
2026-05-16T23:49:45Z [65,243ms] [Warning] [usdrt.hydra.fabric_scene_delegate.plugin] using high frequency span with attrs is disabled
2026-05-16T23:49:51Z [71,590ms] [Warning] [carb] Plugin interface for a client: omni.hydratexture.plugin was already released.
2026-05-16T23:49:51Z [71,635ms] [Warning] [isaacsim.ros2.bridge.impl.camera_info_utils] ROS2 CameraInfo support for lens distortion models beyond opencvPinhole and opencvFisheye is deprecated as of Isaac Sim 5.0, and will be removed in a future release.
2026-05-16T23:49:51Z [71,636ms] [Warning] [isaacsim.ros2.bridge.impl.camera_info_utils] ROS2 CameraInfo support for lens distortion models beyond opencvPinhole and opencvFisheye is deprecated as of Isaac Sim 5.0, and will be removed in a future release.
2026-05-16T23:49:51Z [71,752ms] [Warning] [carb] Client omni.hydratexture.plugin has acquired [carb::settings::ISettings v1.0] 100 times. Consider accessing this interface with carb::getCachedInterface() (Performance warning)
2026-05-16T23:49:51Z [71,766ms] [Warning] [isaacsim.ros2.bridge.impl.camera_info_utils] ROS2 CameraInfo support for lens distortion models beyond opencvPinhole and opencvFisheye is deprecated as of Isaac Sim 5.0, and will be removed in a future release.
2026-05-16T23:49:51Z [71,766ms] [Warning] [isaacsim.ros2.bridge.impl.camera_info_utils] ROS2 CameraInfo support for lens distortion models beyond opencvPinhole and opencvFisheye is deprecated as of Isaac Sim 5.0, and will be removed in a future release.
2026-05-16T23:49:51Z [71,775ms] [Warning] [carb] Client omni.hydratexture.plugin has acquired [carb::dictionary::IDictionary v1.1] 100 times. Consider accessing this interface with carb::getCachedInterface() (Performance warning)
2026-05-16T23:49:52Z [72,509ms] [Warning] [isaacsim.ros2.bridge.plugin] Frame with name Imu_Sensor already exists. Overriding frame name for /World/amr_0/chassis_link/sensors/left_hawk/Imu/Imu_Sensor to World_amr_0_chassis_link_sensors_left_hawk_Imu_Imu_Sensor (you can add the attribute isaac:nameOverride to remove this warning)
2026-05-16T23:49:52Z [72,510ms] [Warning] [isaacsim.ros2.bridge.plugin] Frame with name Imu_Sensor already exists. Overriding frame name for /World/amr_0/chassis_link/sensors/right_hawk/Imu/Imu_Sensor to World_amr_0_chassis_link_sensors_right_hawk_Imu_Imu_Sensor (you can add the attribute isaac:nameOverride to remove this warning)
2026-05-16T23:49:52Z [72,511ms] [Warning] [isaacsim.ros2.bridge.plugin] Frame with name Imu_Sensor already exists. Overriding frame name for /World/amr_0/chassis_link/sensors/back_hawk/Imu/Imu_Sensor to World_amr_0_chassis_link_sensors_back_hawk_Imu_Imu_Sensor (you can add the attribute isaac:nameOverride to remove this warning)
2026-05-16T23:49:52Z [72,514ms] [Warning] [isaacsim.ros2.bridge.plugin] Frame with name left already exists. Overriding frame name for /World/amr_0/chassis_link/sensors/left_hawk/left to World_amr_0_chassis_link_sensors_left_hawk_left (you can add the attribute isaac:nameOverride to remove this warning)
2026-05-16T23:49:52Z [72,514ms] [Warning] [isaacsim.ros2.bridge.plugin] Frame with name right already exists. Overriding frame name for /World/amr_0/chassis_link/sensors/left_hawk/right to World_amr_0_chassis_link_sensors_left_hawk_right (you can add the attribute isaac:nameOverride to remove this warning)
2026-05-16T23:49:52Z [72,514ms] [Warning] [isaacsim.ros2.bridge.plugin] Frame with name left already exists. Overriding frame name for /World/amr_0/chassis_link/sensors/right_hawk/left to World_amr_0_chassis_link_sensors_right_hawk_left (you can add the attribute isaac:nameOverride to remove this warning)
2026-05-16T23:49:52Z [72,514ms] [Warning] [isaacsim.ros2.bridge.plugin] Frame with name right already exists. Overriding frame name for /World/amr_0/chassis_link/sensors/right_hawk/right to World_amr_0_chassis_link_sensors_right_hawk_right (you can add the attribute isaac:nameOverride to remove this warning)
2026-05-16T23:49:52Z [72,515ms] [Warning] [isaacsim.ros2.bridge.plugin] Frame with name left already exists. Overriding frame name for /World/amr_0/chassis_link/sensors/back_hawk/left to World_amr_0_chassis_link_sensors_back_hawk_left (you can add the attribute isaac:nameOverride to remove this warning)
2026-05-16T23:49:52Z [72,515ms] [Warning] [isaacsim.ros2.bridge.plugin] Frame with name right already exists. Overriding frame name for /World/amr_0/chassis_link/sensors/back_hawk/right to World_amr_0_chassis_link_sensors_back_hawk_right (you can add the attribute isaac:nameOverride to remove this warning)
2026-05-16T23:49:52Z [72,517ms] [Warning] [isaacsim.ros2.bridge.plugin] Frame with name Imu_Sensor already exists. Overriding frame name for /World/amr_0/chassis_link/sensors/chassis_imu/Imu_Sensor to World_amr_0_chassis_link_sensors_chassis_imu_Imu_Sensor (you can add the attribute isaac:nameOverride to remove this warning)
2026-05-16T23:49:52Z [72,517ms] [Warning] [isaacsim.ros2.bridge.plugin] Frame with name mount already exists. Overriding frame name for /World/amr_0/chassis_link/sensors/left_hawk/mount to World_amr_0_chassis_link_sensors_left_hawk_mount (you can add the attribute isaac:nameOverride to remove this warning)
2026-05-16T23:49:52Z [72,517ms] [Warning] [isaacsim.ros2.bridge.plugin] Frame with name mount already exists. Overriding frame name for /World/amr_0/chassis_link/sensors/right_hawk/mount to World_amr_0_chassis_link_sensors_right_hawk_mount (you can add the attribute isaac:nameOverride to remove this warning)
2026-05-16T23:49:52Z [72,517ms] [Warning] [isaacsim.ros2.bridge.plugin] Frame with name mount already exists. Overriding frame name for /World/amr_0/chassis_link/sensors/back_hawk/mount to World_amr_0_chassis_link_sensors_back_hawk_mount (you can add the attribute isaac:nameOverride to remove this warning)
2026-05-16T23:49:52Z [72,523ms] [Warning] [isaacsim.ros2.bridge.plugin] Frame with name Imu_Sensor already exists. Overriding frame name for /World/amr_1/chassis_link/sensors/left_hawk/Imu/Imu_Sensor to World_amr_1_chassis_link_sensors_left_hawk_Imu_Imu_Sensor (you can add the attribute isaac:nameOverride to remove this warning)
2026-05-16T23:49:52Z [72,524ms] [Warning] [isaacsim.ros2.bridge.plugin] Frame with name Imu_Sensor already exists. Overriding frame name for /World/amr_1/chassis_link/sensors/right_hawk/Imu/Imu_Sensor to World_amr_1_chassis_link_sensors_right_hawk_Imu_Imu_Sensor (you can add the attribute isaac:nameOverride to remove this warning)
2026-05-16T23:49:52Z [72,525ms] [Warning] [isaacsim.ros2.bridge.plugin] Frame with name Imu_Sensor already exists. Overriding frame name for /World/amr_1/chassis_link/sensors/back_hawk/Imu/Imu_Sensor to World_amr_1_chassis_link_sensors_back_hawk_Imu_Imu_Sensor (you can add the attribute isaac:nameOverride to remove this warning)
2026-05-16T23:49:52Z [72,527ms] [Warning] [isaacsim.ros2.bridge.plugin] Frame with name left already exists. Overriding frame name for /World/amr_1/chassis_link/sensors/left_hawk/left to World_amr_1_chassis_link_sensors_left_hawk_left (you can add the attribute isaac:nameOverride to remove this warning)
2026-05-16T23:49:52Z [72,527ms] [Warning] [isaacsim.ros2.bridge.plugin] Frame with name right already exists. Overriding frame name for /World/amr_1/chassis_link/sensors/left_hawk/right to World_amr_1_chassis_link_sensors_left_hawk_right (you can add the attribute isaac:nameOverride to remove this warning)
2026-05-16T23:49:52Z [72,527ms] [Warning] [isaacsim.ros2.bridge.plugin] Frame with name left already exists. Overriding frame name for /World/amr_1/chassis_link/sensors/right_hawk/left to World_amr_1_chassis_link_sensors_right_hawk_left (you can add the attribute isaac:nameOverride to remove this warning)
2026-05-16T23:49:52Z [72,527ms] [Warning] [isaacsim.ros2.bridge.plugin] Frame with name right already exists. Overriding frame name for /World/amr_1/chassis_link/sensors/right_hawk/right to World_amr_1_chassis_link_sensors_right_hawk_right (you can add the attribute isaac:nameOverride to remove this warning)
2026-05-16T23:49:52Z [72,527ms] [Warning] [isaacsim.ros2.bridge.plugin] Frame with name left already exists. Overriding frame name for /World/amr_1/chassis_link/sensors/back_hawk/left to World_amr_1_chassis_link_sensors_back_hawk_left (you can add the attribute isaac:nameOverride to remove this warning)
2026-05-16T23:49:52Z [72,527ms] [Warning] [isaacsim.ros2.bridge.plugin] Frame with name right already exists. Overriding frame name for /World/amr_1/chassis_link/sensors/back_hawk/right to World_amr_1_chassis_link_sensors_back_hawk_right (you can add the attribute isaac:nameOverride to remove this warning)
2026-05-16T23:49:52Z [72,529ms] [Warning] [isaacsim.ros2.bridge.plugin] Frame with name Imu_Sensor already exists. Overriding frame name for /World/amr_1/chassis_link/sensors/chassis_imu/Imu_Sensor to World_amr_1_chassis_link_sensors_chassis_imu_Imu_Sensor (you can add the attribute isaac:nameOverride to remove this warning)
2026-05-16T23:49:52Z [72,530ms] [Warning] [isaacsim.ros2.bridge.plugin] Frame with name mount already exists. Overriding frame name for /World/amr_1/chassis_link/sensors/left_hawk/mount to World_amr_1_chassis_link_sensors_left_hawk_mount (you can add the attribute isaac:nameOverride to remove this warning)
2026-05-16T23:49:52Z [72,530ms] [Warning] [isaacsim.ros2.bridge.plugin] Frame with name mount already exists. Overriding frame name for /World/amr_1/chassis_link/sensors/right_hawk/mount to World_amr_1_chassis_link_sensors_right_hawk_mount (you can add the attribute isaac:nameOverride to remove this warning)
2026-05-16T23:49:52Z [72,530ms] [Warning] [isaacsim.ros2.bridge.plugin] Frame with name mount already exists. Overriding frame name for /World/amr_1/chassis_link/sensors/back_hawk/mount to World_amr_1_chassis_link_sensors_back_hawk_mount (you can add the attribute isaac:nameOverride to remove this warning)
2026-05-16T23:49:52Z [72,533ms] [Warning] [usdrt.population.plugin] [UsdNoticeHandler] Unhandled attribute type VtArray<std::string> (prim attribute: omni:rtx:material:db:flattener:transmittance_color)
2026-05-16T23:49:52Z [72,533ms] [Warning] [usdrt.population.plugin] [UsdNoticeHandler] Unhandled attribute type VtArray<std::string> (prim attribute: omni:rtx:material:db:flattener:transmittance_color)
2026-05-16T23:49:52Z [72,533ms] [Warning] [usdrt.population.plugin] [UsdNoticeHandler] Unhandled attribute type VtArray<std::string> (prim attribute: omni:rtx:material:db:flattener:transmittance_color)
2026-05-16T23:49:52Z [72,534ms] [Warning] [usdrt.population.plugin] [UsdNoticeHandler] Unhandled attribute type VtArray<std::string> (prim attribute: omni:rtx:material:db:flattener:reflection_roughness_constant)
2026-05-16T23:49:52Z [72,535ms] [Warning] [usdrt.population.plugin] [UsdNoticeHandler] Unhandled attribute type VtArray<std::string> (prim attribute: omni:rtx:material:db:flattener:transmittance_color)
2026-05-16T23:49:52Z [72,535ms] [Warning] [usdrt.population.plugin] [UsdNoticeHandler] Unhandled attribute type VtArray<std::string> (prim attribute: omni:rtx:material:db:flattener:ior_constant)
2026-05-16T23:49:52Z [72,535ms] [Warning] [usdrt.population.plugin] [UsdNoticeHandler] Unhandled attribute type VtArray<std::string> (prim attribute: omni:rtx:material:db:flattener:transmittance_color)
2026-05-16T23:49:52Z [72,536ms] [Warning] [usdrt.population.plugin] [UsdNoticeHandler] Unhandled attribute type VtArray<std::string> (prim attribute: omni:rtx:material:db:flattener:reflection_roughness_constant)
2026-05-16T23:49:52Z [72,536ms] [Warning] [usdrt.population.plugin] [UsdNoticeHandler] Unhandled attribute type VtArray<std::string> (prim attribute: omni:rtx:material:db:flattener:ior_constant)
2026-05-16T23:49:52Z [72,536ms] [Warning] [usdrt.population.plugin] [UsdNoticeHandler] Unhandled attribute type VtArray<std::string> (prim attribute: omni:rtx:material:db:flattener:reflection_roughness_constant)
2026-05-16T23:49:52Z [72,536ms] [Warning] [usdrt.population.plugin] [UsdNoticeHandler] Unhandled attribute type VtArray<std::string> (prim attribute: omni:rtx:material:db:flattener:reflection_roughness_constant)
2026-05-16T23:49:52Z [72,537ms] [Warning] [usdrt.population.plugin] [UsdNoticeHandler] Unhandled attribute type VtArray<std::string> (prim attribute: omni:rtx:material:db:flattener:ior_constant)
2026-05-16T23:49:52Z [72,537ms] [Warning] [usdrt.population.plugin] [UsdNoticeHandler] Unhandled attribute type VtArray<std::string> (prim attribute: omni:rtx:material:db:flattener:reflection_roughness_constant)
2026-05-16T23:49:52Z [72,537ms] [Warning] [usdrt.population.plugin] [UsdNoticeHandler] Unhandled attribute type VtArray<std::string> (prim attribute: omni:rtx:material:db:flattener:ior_constant)
2026-05-16T23:49:52Z [72,538ms] [Warning] [usdrt.population.plugin] [UsdNoticeHandler] Unhandled attribute type VtArray<std::string> (prim attribute: omni:rtx:material:db:flattener:ior_constant)
2026-05-16T23:49:52Z [72,538ms] [Warning] [usdrt.population.plugin] [UsdNoticeHandler] Unhandled attribute type VtArray<std::string> (prim attribute: omni:rtx:material:db:flattener:reflection_roughness_constant)
2026-05-16T23:49:52Z [72,538ms] [Warning] [usdrt.population.plugin] [UsdNoticeHandler] Unhandled attribute type VtArray<std::string> (prim attribute: omni:rtx:material:db:flattener:ior_constant)
2026-05-16T23:49:52Z [72,539ms] [Warning] [usdrt.population.plugin] [UsdNoticeHandler] Unhandled attribute type VtArray<std::string> (prim attribute: omni:rtx:material:db:flattener:transmittance_color)
2026-05-16T23:49:57Z [77,098ms] [Warning] [omni.timeline.plugin] Deprecated: direct use of ITimeline callbacks is deprecated. Use ITimeline::getTimeline (Python: omni.timeline.get_timeline_interface) instead.
2026-05-16T23:49:58Z [78,943ms] [Warning] [carb] Client gpu.foundation.plugin has acquired [gpu::unstable::IMemoryBudgetManagerFactory v0.1] 100 times. Consider accessing this interface with carb::getCachedInterface() (Performance warning)
2026-05-16T23:54:35Z [355,616ms] [Warning] [carb] Plugin interface for a client: omni.hydratexture.plugin was already released.
[355.821s] Simulation App Shutting Down
