[Info] [carb] Logging to file: /isaac-sim/kit/logs/Kit/Isaac-Sim Python/5.0/kit_20260517_004610.log
[0.100s] [ext: omni.kit.async_engine-0.0.3] startup
[1.652s] [ext: omni.metrics.core-0.0.3] startup
[1.652s] [ext: omni.client.lib-1.1.0] startup
[1.679s] [ext: omni.blobkey-1.1.2] startup
[1.680s] [ext: omni.stats-1.0.1] startup
[1.681s] [ext: omni.datastore-0.0.0] startup
[1.690s] [ext: omni.client-1.3.0] startup
[1.699s] [ext: omni.ujitso.default-1.0.0] startup
[1.702s] [ext: omni.hsscclient-1.1.2] startup
[1.710s] [ext: omni.gpu_foundation.shadercache.vulkan-1.0.0] startup
[1.713s] [ext: omni.assets.plugins-0.0.0] startup
[1.715s] [ext: omni.gpu_foundation-0.0.0] startup
[1.728s] [ext: carb.windowing.plugins-1.0.0] startup
2026-05-17T00:46:12Z [1,704ms] [Warning] [carb.windowing-glfw.plugin] GLFW initialization failed.
2026-05-17T00:46:12Z [1,704ms] [Warning] [carb] Failed to startup plugin carb.windowing-glfw.plugin (interfaces: [carb::windowing::IGLContext v1.0],[carb::windowing::IWindowing v1.5]) (impl: carb.windowing-glfw.plugin)
[1.729s] [ext: omni.kit.renderer.init-0.0.0] startup
2026-05-17T00:46:12Z [1,868ms] [Warning] [omni.platforminfo.plugin] failed to open the default display.  Can't verify X Server version.

|---------------------------------------------------------------------------------------------|
| Driver Version: 580.95.05     | Graphics API: Vulkan
|=============================================================================================|
| GPU | Name                             | Active | LDA | GPU Memory | Vendor-ID | LUID       |
|     |                                  |        |     |            | Device-ID | UUID       |
|     |                                  |        |     |            | Bus-ID    |            |
|---------------------------------------------------------------------------------------------|
| 0   | NVIDIA GeForce RTX 5090          | Yes: 0 |     | 32853   MB | 10de      | 0          |
|     |                                  |        |     |            | 2b85      | 69b05434.. |
|     |                                  |        |     |            | a1        |            |
|=============================================================================================|
| OS: 22.04.5 LTS (Jammy Jellyfish) ubuntu, Version: 22.04.5, Kernel: 5.15.0-164-generic
| Processor: AMD EPYC 7K62 48-Core Processor
| Bare Metal Cores: 96 | Bare Metal Logical Cores: 192
| Core Usage Quota: 23.04
|---------------------------------------------------------------------------------------------|
| Total Memory (MB): 114849 | Free Memory: 114590
| Total Page/Swap (MB): 8191 | Free Page/Swap: 0
|---------------------------------------------------------------------------------------------|
2026-05-17T00:46:13Z [3,224ms] [Warning] [gpu.foundation.plugin] IOMMU is enabled.
[3.695s] [ext: omni.kit.pipapi-0.0.0] startup
[3.705s] [ext: omni.kit.pip_archive-0.0.0] startup
[3.705s] [ext: omni.materialx.libs-1.0.7] startup
[3.720s] [ext: omni.pip.compute-1.6.2] startup
[3.720s] [ext: omni.usd.config-1.0.6] startup
[3.730s] [ext: omni.gpucompute.plugins-0.0.0] startup
[3.730s] [ext: omni.usd.libs-1.0.1] startup
[3.857s] [ext: omni.mdl-56.0.3] startup
[4.022s] [ext: omni.iray.libs-0.0.0] startup
[4.032s] [ext: omni.mdl.neuraylib-0.2.12] startup
[4.036s] [ext: omni.kit.usd.mdl-1.1.4] startup
[4.197s] [ext: omni.pip.cloud-1.3.6] startup
[4.201s] [ext: omni.isaac.core_archive-2.6.1] startup
[4.202s] [ext: omni.kit.telemetry-0.5.2] startup
[4.258s] [ext: omni.kit.loop-isaac-1.3.7] startup
[4.260s] [ext: omni.kit.test-2.0.1] startup
[4.351s] [ext: omni.isaac.ml_archive-3.0.2] startup
[4.351s] [ext: omni.appwindow-1.1.10] startup
2026-05-17T00:46:15Z [4,328ms] [Warning] [carb.windowing-glfw.plugin] GLFW initialization failed.
2026-05-17T00:46:15Z [4,328ms] [Warning] [carb] Failed to startup plugin carb.windowing-glfw.plugin (interfaces: [carb::windowing::IGLContext v1.0],[carb::windowing::IWindowing v1.5]) (impl: carb.windowing-glfw.plugin)
[4.355s] [ext: omni.kit.renderer.core-1.1.0] startup
2026-05-17T00:46:15Z [4,353ms] [Warning] [carb.windowing-glfw.plugin] GLFW initialization failed.
2026-05-17T00:46:15Z [4,353ms] [Warning] [carb] Failed to startup plugin carb.windowing-glfw.plugin (interfaces: [carb::windowing::IGLContext v1.0],[carb::windowing::IWindowing v1.5]) (impl: carb.windowing-glfw.plugin)
2026-05-17T00:46:15Z [4,365ms] [Warning] [carb.windowing-glfw.plugin] GLFW initialization failed.
2026-05-17T00:46:15Z [4,365ms] [Warning] [carb] Failed to startup plugin carb.windowing-glfw.plugin (interfaces: [carb::windowing::IGLContext v1.0],[carb::windowing::IWindowing v1.5]) (impl: carb.windowing-glfw.plugin)
[4.394s] [ext: omni.kit.renderer.capture-0.0.0] startup
[4.398s] [ext: omni.kit.renderer.imgui-2.0.5] startup
2026-05-17T00:46:15Z [4,378ms] [Warning] [carb.windowing-glfw.plugin] GLFW initialization failed.
2026-05-17T00:46:15Z [4,378ms] [Warning] [carb] Failed to startup plugin carb.windowing-glfw.plugin (interfaces: [carb::windowing::IGLContext v1.0],[carb::windowing::IWindowing v1.5]) (impl: carb.windowing-glfw.plugin)
2026-05-17T00:46:15Z [4,380ms] [Warning] [carb.windowing-glfw.plugin] GLFW initialization failed.
2026-05-17T00:46:15Z [4,380ms] [Warning] [carb] Failed to startup plugin carb.windowing-glfw.plugin (interfaces: [carb::windowing::IGLContext v1.0],[carb::windowing::IWindowing v1.5]) (impl: carb.windowing-glfw.plugin)
2026-05-17T00:46:15Z [4,381ms] [Warning] [carb.windowing-glfw.plugin] GLFW initialization failed.
2026-05-17T00:46:15Z [4,381ms] [Warning] [carb] Failed to startup plugin carb.windowing-glfw.plugin (interfaces: [carb::windowing::IGLContext v1.0],[carb::windowing::IWindowing v1.5]) (impl: carb.windowing-glfw.plugin)
[4.535s] [ext: omni.ui-2.26.18] startup
[4.551s] [ext: omni.kit.mainwindow-1.0.3] startup
[4.552s] [ext: carb.audio-0.1.0] startup
[4.583s] [ext: omni.uiaudio-1.0.0] startup
[4.584s] [ext: omni.kit.uiapp-0.0.0] startup
[4.584s] [ext: omni.usd.schema.metrics.assembler-107.3.1] startup
[4.589s] [ext: omni.usd.schema.anim-0.0.0] startup
[4.617s] [ext: omni.usd.schema.omnigraph-1.0.0] startup
[4.627s] [ext: omni.usd.schema.geospatial-0.0.0] startup
[4.630s] [ext: omni.anim.graph.schema-107.3.0] startup
[4.640s] [ext: omni.usd.schema.audio-0.0.0] startup
[4.644s] [ext: omni.usd.schema.semantics-0.0.0] startup
[4.647s] [ext: omni.usd_resolver-1.0.0] startup
[4.651s] [ext: usdrt.scenegraph-7.6.1] startup
[4.710s] [ext: omni.kit.actions.core-1.0.0] startup
[4.713s] [ext: omni.timeline-1.0.14] startup
[4.716s] [ext: omni.usd.core-1.5.3] startup
[4.719s] [ext: omni.resourcemonitor-107.0.1] startup
[4.723s] [ext: omni.activity.core-1.0.3] startup
[4.724s] [ext: omni.kit.audiodeviceenum-1.0.2] startup
[4.726s] [ext: omni.hydra.usdrt_delegate-7.5.1] startup
[4.735s] [ext: omni.graph.exec-0.9.6] startup
[4.735s] [ext: omni.kit.window.popup_dialog-2.0.24] startup
[4.741s] [ext: omni.kit.exec.core-0.13.4] startup
[4.744s] [ext: omni.kit.widget.nucleus_connector-2.0.1] startup
[4.747s] [ext: omni.kit.usd_undo-0.1.8] startup
[4.748s] [ext: omni.kit.commands-1.4.10] startup
[4.754s] [ext: omni.hydra.scene_delegate-0.3.4] startup
[4.759s] [ext: omni.usd-1.13.10] startup
2026-05-17T00:46:15Z [4,784ms] [Warning] [omni.usd.audio] failed to subscribe to stage events
[4.825s] [ext: omni.inspect-1.0.2] startup
[4.827s] [ext: omni.kit.notification_manager-1.0.10] startup
[4.830s] [ext: omni.graph.core-2.184.3] startup
[4.834s] [ext: isaacsim.core.deprecation_manager-0.2.7] startup
[4.835s] [ext: omni.usd.schema.omniscripting-1.0.0] startup
[4.841s] [ext: omni.usd.schema.isaac-3.0.5] startup
[4.841s] [ext: isaacsim.robot.schema-3.5.1] startup
[4.853s] [ext: omni.usd.schema.omni_sensors-0.0.0] startup
[4.854s] [ext: omni.usd.schema.omni_lens_distortion-0.0.0] startup
[4.855s] [ext: omni.anim.navigation.schema-107.3.0] startup
[4.859s] [ext: omni.usd.schema.physx-107.3.18] startup
[4.913s] [ext: omni.usd.schema.flow-107.1.1] startup
[4.914s] [ext: omni.usd.schema.render_settings.rtx-0.0.0] startup
[4.916s] [ext: omni.kit.asset_converter-4.1.4] startup
[4.937s] [ext: omni.convexdecomposition-107.3.18] startup
[4.940s] [ext: omni.graph.tools-1.79.2] startup
[4.989s] [ext: omni.physx.foundation-107.3.18] startup
[4.991s] [ext: omni.kvdb-107.3.18] startup
[4.993s] [ext: omni.graph.action_core-1.1.7] startup
[4.995s] [ext: omni.graph-1.141.2] startup
[5.073s] [ext: omni.usdphysics-107.3.18] startup
[5.076s] [ext: omni.localcache-107.3.18] startup
[5.081s] [ext: omni.kit.menu.core-1.1.2] startup
[5.083s] [ext: omni.kit.widget.path_field-2.0.11] startup
[5.086s] [ext: omni.kit.widget.options_menu-1.1.6] startup
[5.093s] [ext: omni.kit.widget.context_menu-1.2.5] startup
[5.095s] [ext: omni.kit.widget.browser_bar-2.0.10] startup
[5.098s] [ext: omni.kit.clipboard-1.0.5] startup
[5.099s] [ext: omni.kit.widget.options_button-1.0.3] startup
[5.101s] [ext: omni.kit.helper.file_utils-0.1.9] startup
[5.104s] [ext: omni.kit.usd.layers-2.2.10] startup
[5.116s] [ext: omni.kit.menu.utils-2.0.3] startup
[5.129s] [ext: omni.ui.scene-1.11.4] startup
[5.137s] [ext: omni.kit.widget.filebrowser-2.12.2] startup
[5.147s] [ext: omni.kit.stage_template.core-1.1.22] startup
[5.148s] [ext: omni.kit.primitive.mesh-1.0.17] startup
[5.156s] [ext: omni.kit.window.filepicker-2.13.3] startup
[5.180s] [ext: omni.kit.stage_templates-2.0.0] startup
[5.184s] [ext: omni.graph.action_nodes-1.50.4] startup
[5.196s] [ext: omni.physx.cooking-107.3.18] startup
[5.204s] [ext: omni.warp.core-1.7.1] startup
[5.595s] [ext: omni.usd.metrics.assembler-107.3.1] startup
[5.603s] [ext: omni.physx-107.3.18] startup
[5.618s] [ext: omni.physics-107.3.18] startup
[5.628s] [ext: isaacsim.core.experimental.utils-0.2.0] startup
[5.641s] [ext: omni.graph.action-1.130.0] startup
[5.658s] [ext: omni.kit.manipulator.viewport-107.0.1] startup
[5.691s] [ext: omni.physics.physx-107.3.18] startup
[5.699s] [ext: omni.physics.stageupdate-107.3.18] startup
[5.705s] [ext: omni.kit.numpy.common-0.1.2] startup
[5.712s] [ext: omni.kit.property.adapter.core-1.0.2] startup
[5.722s] [ext: isaacsim.test.docstring-1.1.0] startup
[5.742s] [ext: omni.isaac.dynamic_control-2.0.7] startup
2026-05-17T00:46:16Z [5,732ms] [Warning] [omni.isaac.dynamic_control] omni.isaac.dynamic_control is deprecated as of Isaac Sim 4.5. No action is needed from end-users.
[5.758s] [ext: omni.hydra.rtx.shadercache.vulkan-1.0.0] startup
[5.766s] [ext: omni.hydra.engine.stats-1.0.3] startup
[5.771s] [ext: omni.physics.tensors-107.3.18] startup
[5.785s] [ext: omni.index.libs-380600.5717.0] startup
[5.786s] [ext: omni.volume-0.5.2] startup
[5.791s] [ext: omni.ujitso.client-0.0.0] startup
[5.793s] [ext: omni.index-1.0.1] startup
[5.794s] [ext: omni.usd.metrics.assembler.physics-107.3.18] startup
[5.799s] [ext: omni.hydra.rtx-1.0.0] startup
2026-05-17T00:46:16Z [5,805ms] [Warning] [omni.log] Source: omni.hydra was already registered.
[5.853s] [ext: omni.kit.viewport.registry-104.0.6] startup
[5.855s] [ext: omni.kit.viewport.legacy_gizmos-1.0.18] startup
[5.857s] [ext: omni.kit.raycast.query-1.1.0] startup
[5.864s] [ext: omni.kit.context_menu-1.8.6] startup
[5.869s] [ext: omni.kit.viewport.scene_camera_model-1.0.6] startup
[5.874s] [ext: omni.kit.hydra_texture-1.4.5] startup
[5.879s] [ext: omni.kit.window.file_importer-1.1.18] startup
[5.885s] [ext: isaacsim.core.version-2.0.6] startup
[5.888s] [ext: omni.kit.window.drop_support-1.0.5] startup
[5.891s] [ext: omni.kit.widget.viewport-107.1.3] startup
[5.899s] [ext: omni.kit.material.library-2.0.7] startup
[5.910s] [ext: isaacsim.storage.native-1.2.8] startup
[5.915s] [ext: omni.kit.viewport.window-107.0.12] startup
[5.947s] [ext: omni.physx.tensors-107.3.18] startup
[5.954s] [ext: isaacsim.core.utils-3.4.5] startup
[5.959s] [ext: omni.kit.viewport.utility-1.1.2] startup
[5.967s] [ext: omni.kit.menu.create-2.0.1] startup
[5.974s] [ext: isaacsim.core.simulation_manager-1.3.2] startup
[8.495s] [ext: omni.graph.visualization.nodes-2.1.3] startup
[8.524s] [ext: omni.kit.property.adapter.usd-1.0.2] startup
[8.532s] [ext: omni.kit.property.adapter.fabric-1.0.3] startup
[8.539s] [ext: omni.kit.widget.searchable_combobox-1.0.6] startup
[8.548s] [ext: omni.kit.usd.collect-2.4.5] startup
[8.565s] [ext: omni.kit.window.file_exporter-1.0.33] startup
[8.573s] [ext: omni.kit.hotWarp CUDA error: Failed to get driver entry point 'cuDeviceGetUuid' (CUDA error 1)
Warp CUDA error: Function cuDeviceGetUuid_f: a suitable driver entry point was not found
Warp CUDA error 36: API call is not supported in the installed CUDA driver (in function cuda_init, /builds/omniverse/warp/warp/native/warp.cu:277)
keys.core-1.3.10] startup
[8.577s] [ext: omni.kit.widget.highlight_label-1.0.3] startup
[8.583s] [ext: omni.kit.window.file-2.0.5] startup
[8.593s] [ext: omni.kit.widget.searchfield-1.1.8] startup
[8.599s] [ext: omni.kit.widget.filter-1.1.4] startup
[8.602s] [ext: omni.kit.window.content_browser_registry-0.0.6] startup
[8.605s] [ext: omni.kit.widget.stage_icons-1.0.8] startup
[8.609s] [ext: omni.kit.widget.stage-3.1.4] startup
[8.636s] [ext: omni.kit.window.property-1.12.1] startup
[8.641s] [ext: omni.kit.window.content_browser-3.1.1] startup
[8.662s] [ext: omni.kit.window.stage-2.6.1] startup
[8.671s] [ext: omni.kit.property.usd-4.5.11] startup
[8.693s] [ext: omni.ui_query-1.1.8] startup
[8.698s] [ext: omni.kit.widget.prompt-1.0.7] startup
[8.701s] [ext: omni.kit.ui_test-1.3.6] startup
[8.705s] [ext: omni.kit.tool.collect-2.2.18] startup
[8.711s] [ext: omni.kit.scripting-107.3.1] startup
[8.721s] [ext: isaacsim.core.experimental.prims-0.6.2] startup
[8.773s] [ext: omni.kit.widget.zoombar-1.0.6] startup
[8.782s] [ext: omni.kit.window.extensions-1.4.26] startup
[8.795s] [ext: isaacsim.replicator.behavior-1.1.14] startup
[8.798s] [ext: isaacsim.core.experimental.objects-0.2.4] startup
[8.808s] [ext: omni.kit.browser.core-2.3.13] startup
[8.823s] [ext: omni.kit.usdz_export-1.0.9] startup
[8.830s] [ext: omni.kit.menu.stage-1.2.7] startup
[8.833s] [ext: omni.kit.browser.folder.core-1.10.9] startup
[8.846s] [ext: omni.kit.tool.asset_importer-4.3.2] startup
[8.858s] [ext: isaacsim.gui.components-1.1.9] startup
[8.866s] [ext: isaacsim.examples.browser-0.1.12] startup
[8.877s] [ext: isaacsim.asset.importer.urdf-2.4.19] startup
[8.966s] [ext: isaacsim.simulation_app-2.9.2] startup
[8.970s] [ext: omni.graph.ui_nodes-1.50.5] startup
[8.976s] [ext: omni.isaac.kit-2.0.6] startup
2026-05-17T00:46:19Z [8,954ms] [Warning] [omni.isaac.kit] omni.isaac.kit has been deprecated in favor of isaacsim.simulation_app. Please update your code accordingly.
[8.986s] [ext: omni.kit.widget.graph-2.0.0] startup
[9.025s] [ext: omni.graph.image.core-0.6.1] startup
[9.026s] [ext: omni.kit.widget.settings-1.2.3] startup
[9.033s] [ext: omni.kit.graph.delegate.default-1.2.2] startup
[9.035s] [ext: omni.graph.image.nodes-1.3.1] startup
[9.036s] [ext: omni.kit.window.preferences-1.8.0] startup
[9.054s] [ext: omni.kit.graph.editor.core-1.5.3] startup
[9.061s] [ext: omni.kit.graph.usd.commands-1.3.1] startup
[9.072s] [ext: omni.graph.nodes-1.170.10] startup
[9.089s] [ext: omni.kit.viewport.menubar.core-107.1.5] startup
[9.140s] [ext: omni.kit.widget.material_preview-1.0.16] startup
[9.145s] [ext: omni.videoencoding-0.1.2] startup
[9.149s] [ext: isaacsim.core.prims-0.5.1] startup
[9.222s] [ext: omni.warp-1.7.1] startup
[9.235s] [ext: omni.syntheticdata-0.6.13] startup
[9.288s] [ext: omni.kit.window.material_graph-1.8.23] startup
[9.469s] [ext: omni.graph.scriptnode-1.50.0] startup
[9.479s] [ext: isaacsim.core.api-4.6.10] startup
[9.613s] [ext: omni.replicator.core-1.12.16] startup
2026-05-17T00:46:20Z [9,648ms] [Warning] [pxr.Semantics] pxr.Semantics is deprecated - please use Semantics instead
2026-05-17T00:46:20Z [9,853ms] [Warning] [omni.replicator.core.scripts.extension] No material configuration file, adding configuration to material settings directly.
[9.884s] [ext: isaacsim.robot_motion.lula-4.0.8] startup
[9.906s] [ext: isaacsim.robot.surface_gripper-3.2.6] startup
[9.916s] [ext: isaacsim.core.nodes-3.2.16] startup
[9.944s] [ext: isaacsim.robot_motion.motion_generation-8.0.25] startup
[9.997s] [ext: isaacsim.robot.manipulators-3.3.5] startup
[10.012s] [ext: omni.isaac.core_nodes-2.0.6] startup
2026-05-17T00:46:20Z [9,994ms] [Warning] [omni.isaac.core_nodes] omni.isaac.core_nodes has been deprecated in favor of isaacsim.core.nodes. Please update your code accordingly.
[10.026s] [ext: isaacsim.robot.manipulators.examples-1.0.17] startup
[10.030s] [ext: omni.kit.property.audio-1.0.16] startup
[10.053s] [ext: isaacsim.cortex.framework-1.0.12] startup
[10.069s] [ext: omni.kit.property.camera-1.0.10] startup
[10.082s] [ext: omni.hydra.scene_api-0.1.2] startup
[10.102s] [ext: omni.kit.property.geometry-2.0.4] startup
[10.127s] [ext: omni.kit.property.light-1.0.12] startup
[10.182s] [ext: isaacsim.cortex.behaviors-2.0.12] startup
[10.189s] [ext: omni.kit.property.material-1.11.9] startup
[10.286s] [ext: omni.kit.property.transform-1.5.12] startup
[10.323s] [ext: omni.kit.property.render-1.2.1] startup
[10.338s] [ext: omni.isaac.cortex-1.0.5] startup
2026-05-17T00:46:21Z [10,324ms] [Warning] [omni.isaac.cortex] omni.isaac.cortex has been deprecated in favor of isaacsim.cortex.framework. Please update your code accordingly.
[10.350s] [ext: omni.isaac.cortex.sample_behaviors-2.0.5] startup
2026-05-17T00:46:21Z [10,336ms] [Warning] [omni.isaac.cortex.sample_behaviors] omni.isaac.cortex.sample_behaviors has been deprecated in favor of isaacsim.cortex.behaviors. Please update your code accordingly.
[10.361s] [ext: omni.anim.curve.core-1.3.1] startup
[10.546s] [ext: isaacsim.robot_motion.lula_test_widget-1.0.12] startup
[10.603s] [ext: omni.kit.property.bundle-1.4.1] startup
[10.630s] [ext: omni.isaac.lula-4.0.6] startup
2026-05-17T00:46:21Z [10,612ms] [Warning] [omni.isaac.lula] omni.isaac.lula has been deprecated in favor of isaacsim.robot_motion.lula. Please update your code accordingly.
[10.655s] [ext: omni.isaac.manipulators-3.0.7] startup
2026-05-17T00:46:21Z [10,646ms] [Warning] [omni.isaac.manipulators] omni.isaac.manipulators has been deprecated in favor of isaacsim.robot.manipulators. Please update your code accordingly.
2026-05-17T00:46:21Z [10,667ms] [Warning] [omni.isaac.manipulators.controllers] omni.isaac.manipulators has been deprecated in favor of isaacsim.robot.manipulators. Please update your code accordingly.
2026-05-17T00:46:21Z [10,688ms] [Warning] [omni.isaac.manipulators.controllers.pick_place_controller] omni.isaac.manipulators has been deprecated in favor of isaacsim.robot.manipulators. Please update your code accordingly.
2026-05-17T00:46:21Z [10,724ms] [Warning] [omni.isaac.manipulators.controllers.stacking_controller] omni.isaac.manipulators has been deprecated in favor of isaacsim.robot.manipulators. Please update your code accordingly.
2026-05-17T00:46:21Z [10,726ms] [Warning] [omni.isaac.manipulators.grippers] omni.isaac.manipulators has been deprecated in favor of isaacsim.robot.manipulators. Please update your code accordingly.
2026-05-17T00:46:21Z [10,732ms] [Warning] [omni.isaac.manipulators.grippers.gripper] omni.isaac.manipulators has been deprecated in favor of isaacsim.robot.manipulators. Please update your code accordingly.
2026-05-17T00:46:21Z [10,739ms] [Warning] [omni.isaac.manipulators.grippers.parallel_gripper] omni.isaac.manipulators has been deprecated in favor of isaacsim.robot.manipulators. Please update your code accordingly.
2026-05-17T00:46:21Z [10,743ms] [Warning] [omni.isaac.manipulators.grippers.surface_gripper] omni.isaac.manipulators has been deprecated in favor of isaacsim.robot.manipulators. Please update your code accordingly.
2026-05-17T00:46:21Z [10,744ms] [Warning] [omni.isaac.manipulators.manipulators] omni.isaac.manipulators has been deprecated in favor of isaacsim.robot.manipulators. Please update your code accordingly.
2026-05-17T00:46:21Z [10,745ms] [Warning] [omni.isaac.manipulators.manipulators.single_manipulator] omni.isaac.manipulators has been deprecated in favor of isaacsim.robot.manipulators. Please update your code accordingly.
[10.772s] [ext: omni.kit.viewport.menubar.lighting-107.3.1] startup
[10.795s] [ext: omni.isaac.lula_test_widget-1.0.6] startup
2026-05-17T00:46:21Z [10,779ms] [Warning] [omni.isaac.lula_test_widget] omni.isaac.lula_test_widget has been deprecated in favor of isaacsim.robot_motion.lula_test_widget. Please update your code accordingly.
[10.804s] [ext: isaacsim.core.throttling-2.1.10] startup
[10.836s] [ext: isaacsim.asset.importer.mjcf-2.5.8] startup
[10.937s] [ext: omni.kit.selection-0.1.6] startup
[10.971s] [ext: omni.kit.widget.toolbar-2.0.1] startup
[11.086s] [ext: omni.kit.manipulator.transform-107.0.0] startup
[11.104s] [ext: isaacsim.gui.menu-2.3.17] startup
[12.305s] [ext: isaacsim.asset.browser-1.3.19] startup
[12.344s] [ext: omni.kit.manipulator.tool.snap-1.5.13] startup
[12.360s] [ext: omni.kit.manipulator.selector-1.1.3] startup
[12.367s] [ext: omni.isaac.menu-1.0.6] startup
2026-05-17T00:46:23Z [12,345ms] [Warning] [omni.isaac.menu] omni.isaac.menu has been deprecated in favor of isaacsim.gui.menu. Please update your code accordingly.
[12.371s] [ext: omni.isaac.motion_generation-8.0.7] startup
2026-05-17T00:46:23Z [12,352ms] [Warning] [omni.isaac.motion_generation] omni.isaac.motion_generation has been deprecated in favor of isaacsim.robot_motion.motion_generation. Please update your code accordingly.
2026-05-17T00:46:23Z [12,352ms] [Warning] [omni.isaac.motion_generation.articulation_kinematics_solver] omni.isaac.motion_generation has been deprecated in favor of isaacsim.robot_motion.motion_generation. Please update your code accordingly.
2026-05-17T00:46:23Z [12,353ms] [Warning] [omni.isaac.motion_generation.articulation_motion_policy] omni.isaac.motion_generation has been deprecated in favor of isaacsim.robot_motion.motion_generation. Please update your code accordingly.
2026-05-17T00:46:23Z [12,353ms] [Warning] [omni.isaac.motion_generation.articulation_trajectory] omni.isaac.motion_generation has been deprecated in favor of isaacsim.robot_motion.motion_generation. Please update your code accordingly.
2026-05-17T00:46:23Z [12,358ms] [Warning] [omni.isaac.motion_generation.kinematics_interface] omni.isaac.motion_generation has been deprecated in favor of isaacsim.robot_motion.motion_generation. Please update your code accordingly.
2026-05-17T00:46:23Z [12,359ms] [Warning] [omni.isaac.motion_generation.lula] omni.isaac.motion_generation has been deprecated in favor of isaacsim.robot_motion.motion_generation. Please update your code accordingly.
2026-05-17T00:46:23Z [12,359ms] [Warning] [omni.isaac.motion_generation.lula.kinematics] omni.isaac.motion_generation has been deprecated in favor of isaacsim.robot_motion.motion_generation. Please update your code accordingly.
2026-05-17T00:46:23Z [12,360ms] [Warning] [omni.isaac.motion_generation.lula.motion_policies] omni.isaac.motion_generation has been deprecated in favor of isaacsim.robot_motion.motion_generation. Please update your code accordingly.
2026-05-17T00:46:23Z [12,360ms] [Warning] [omni.isaac.motion_generation.lula.path_planners] omni.isaac.motion_generation has been deprecated in favor of isaacsim.robot_motion.motion_generation. Please update your code accordingly.
2026-05-17T00:46:23Z [12,361ms] [Warning] [omni.isaac.motion_generation.lula.trajectory_generator] omni.isaac.motion_generation has been deprecated in favor of isaacsim.robot_motion.motion_generation. Please update your code accordingly.
2026-05-17T00:46:23Z [12,361ms] [Warning] [omni.isaac.motion_generation.motion_policy_controller] omni.isaac.motion_generation has been deprecated in favor of isaacsim.robot_motion.motion_generation. Please update your code accordingly.
2026-05-17T00:46:23Z [12,362ms] [Warning] [omni.isaac.motion_generation.motion_policy_interface] omni.isaac.motion_generation has been deprecated in favor of isaacsim.robot_motion.motion_generation. Please update your code accordingly.
2026-05-17T00:46:23Z [12,362ms] [Warning] [omni.isaac.motion_generation.path_planner_visualizer] omni.isaac.motion_generation has been deprecated in favor of isaacsim.robot_motion.motion_generation. Please update your code accordingly.
2026-05-17T00:46:23Z [12,363ms] [Warning] [omni.isaac.motion_generation.path_planning_interface] omni.isaac.motion_generation has been deprecated in favor of isaacsim.robot_motion.motion_generation. Please update your code accordingly.
2026-05-17T00:46:23Z [12,363ms] [Warning] [omni.isaac.motion_generation.trajectory] omni.isaac.motion_generation has been deprecated in favor of isaacsim.robot_motion.motion_generation. Please update your code accordingly.
2026-05-17T00:46:23Z [12,363ms] [Warning] [omni.isaac.motion_generation.world_interface] omni.isaac.motion_generation has been deprecated in favor of isaacsim.robot_motion.motion_generation. Please update your code accordingly.
[12.389s] [ext: omni.isaac.asset_browser-1.0.6] startup
2026-05-17T00:46:23Z [12,369ms] [Warning] [omni.isaac.asset_browser] omni.isaac.asset_browser has been deprecated in favor of isaacsim.asset.browser. Please update your code accordingly.
[12.395s] [ext: omni.kit.viewport.manipulator.transform-107.0.4] startup
[12.410s] [ext: omni.isaac.nucleus-1.0.6] startup
2026-05-17T00:46:23Z [12,388ms] [Warning] [omni.isaac.nucleus] omni.isaac.nucleus has been deprecated in favor of isaacsim.storage.native. Please update your code accordingly.
2026-05-17T00:46:23Z [12,389ms] [Warning] [omni.isaac.nucleus.nucleus] omni.isaac.nucleus.nucleus has been deprecated in favor of isaacsim.storage.native. Please update your code accordingly.
[12.415s] [ext: omni.fabric.commands-1.1.6] startup
[12.434s] [ext: omni.kit.manipulator.prim.core-107.0.8] startup
[12.457s] [ext: isaacsim.robot.wheeled_robots-4.0.23] startup
[12.475s] [ext: omni.isaac.utils-2.0.6] startup
[12.485s] [ext: omni.isaac.version-2.0.7] startup
2026-05-17T00:46:23Z [12,468ms] [Warning] [omni.isaac.version] omni.isaac.version has been deprecated in favor of isaacsim.core.version. Please update your code accordingly.
[12.495s] [ext: omni.isaac.wheeled_robots-3.0.7] startup
2026-05-17T00:46:23Z [12,474ms] [Warning] [omni.isaac.wheeled_robots] omni.isaac.wheeled_robots has been deprecated in favor of isaacsim.robot.wheeled_robots. Please update your code accordingly.
2026-05-17T00:46:23Z [12,474ms] [Warning] [omni.isaac.wheeled_robots.controllers] omni.isaac.wheeled_robots has been deprecated in favor of isaacsim.robot.wheeled_robots. Please update your code accordingly.
2026-05-17T00:46:23Z [12,475ms] [Warning] [omni.isaac.wheeled_robots.controllers.ackermann_controller] omni.isaac.wheeled_robots has been deprecated in favor of isaacsim.robot.wheeled_robots. Please update your code accordingly.
2026-05-17T00:46:23Z [12,476ms] [Warning] [omni.isaac.wheeled_robots.controllers.differential_controller] omni.isaac.wheeled_robots has been deprecated in favor of isaacsim.robot.wheeled_robots. Please update your code accordingly.
2026-05-17T00:46:23Z [12,476ms] [Warning] [omni.isaac.wheeled_robots.controllers.holonomic_controller] omni.isaac.wheeled_robots has been deprecated in favor of isaacsim.robot.wheeled_robots. Please update your code accordingly.
2026-05-17T00:46:23Z [12,477ms] [Warning] [omni.isaac.wheeled_robots.controllers.quintic_path_planner] omni.isaac.wheeled_robots has been deprecated in favor of isaacsim.robot.wheeled_robots. Please update your code accordingly.
2026-05-17T00:46:23Z [12,478ms] [Warning] [omni.isaac.wheeled_robots.controllers.stanley_control] omni.isaac.wheeled_robots has been deprecated in favor of isaacsim.robot.wheeled_robots. Please update your code accordingly.
2026-05-17T00:46:23Z [12,478ms] [Warning] [omni.isaac.wheeled_robots.controllers.wheel_base_pose_controller] omni.isaac.wheeled_robots has been deprecated in favor of isaacsim.robot.wheeled_robots. Please update your code accordingly.
2026-05-17T00:46:23Z [12,479ms] [Warning] [omni.isaac.wheeled_robots.impl] omni.isaac.wheeled_robots has been deprecated in favor of isaacsim.robot.wheeled_robots. Please update your code accordingly.
2026-05-17T00:46:23Z [12,479ms] [Warning] [omni.isaac.wheeled_robots.robots] omni.isaac.wheeled_robots has been deprecated in favor of isaacsim.robot.wheeled_robots. Please update your code accordingly.
2026-05-17T00:46:23Z [12,479ms] [Warning] [omni.isaac.wheeled_robots.robots.holonomic_robot_usd_setup] omni.isaac.wheeled_robots has been deprecated in favor of isaacsim.robot.wheeled_robots. Please update your code accordingly.
2026-05-17T00:46:23Z [12,482ms] [Warning] [omni.isaac.wheeled_robots.robots.wheeled_robot] omni.isaac.wheeled_robots has been deprecated in favor of isaacsim.robot.wheeled_robots. Please update your code accordingly.
[12.508s] [ext: omni.sensors.nv.common-2.7.0-coreapi] startup
[12.538s] [ext: isaacsim.app.about-2.0.11] startup
[12.543s] [ext: omni.kit.manipulator.prim.fabric-107.0.4] startup
[12.550s] [ext: isaacsim.sensors.physics-0.3.27] startup
[12.564s] [ext: omni.kit.manipulator.prim.usd-107.0.3] startup
[12.576s] [ext: omni.sensors.net-0.4.0-coreapi] startup
[12.593s] [ext: omni.sensors.nv.materials-1.6.0-coreapi] startup
[12.610s] [ext: omni.isaac.window.about-2.0.7] startup
2026-05-17T00:46:23Z [12,611ms] [Warning] [omni.isaac.window.about] omni.isaac.window.about has been deprecated in favor of isaacsim.app.about. Please update your code accordingly.
2026-05-17T00:46:23Z [12,613ms] [Warning] [omni.isaac.window.about.about] omni.isaac.window.about.about has been deprecated in favor of isaacsim.app.about.about. Please update your code accordingly.
[12.644s] [ext: omni.kit.manipulator.camera-106.0.4] startup
[12.662s] [ext: isaacsim.robot.policy.examples-4.1.11] startup
[12.665s] [ext: omni.kit.manipulator.prim-107.0.0] startup
[12.670s] [ext: omni.kit.manipulator.selection-106.0.1] startup
[12.674s] [ext: omni.sensors.nv.ids-1.5.0-coreapi] startup
[12.683s] [ext: omni.sensors.nv.wpm-2.5.0-coreapi] startup
[12.689s] [ext: omni.sensors.nv.lidar-2.7.0-coreapi] startup
[12.711s] [ext: omni.isaac.quadruped-3.0.7] startup
2026-05-17T00:46:23Z [12,689ms] [Warning] [omni.isaac.quadruped] omni.isaac.quadruped has been deprecated in favor of isaacsim.robot.policy.examples. Please update your code accordingly.
[12.715s] [ext: omni.isaac.assets_check-0.3.13] startup
2026-05-17T00:46:23Z [12,696ms] [Warning] [omni.isaac.assets_check] omni.isaac.assets_check has been deprecated in favor of isaacsim.asset.browser. Please update your code accordingly.
[12.722s] [ext: isaacsim.gui.content_browser-0.1.9] startup
[12.737s] [ext: isaacsim.util.debug_draw-3.1.0] startup
[12.744s] [ext: omni.sensors.nv.radar-2.8.0-coreapi] startup
[12.753s] [ext: omni.isaac.franka-1.0.7] startup
2026-05-17T00:46:23Z [12,730ms] [Warning] [omni.isaac.franka] omni.isaac.franka has been deprecated in favor of isaacsim.robot.manipulators.examples.franka. Please update your code accordingly.
2026-05-17T00:46:23Z [12,731ms] [Warning] [omni.isaac.franka.franka] omni.isaac.franka has been deprecated in favor of isaacsim.robot.manipulators.examples.franka. Please update your code accordingly.
2026-05-17T00:46:23Z [12,732ms] [Warning] [omni.isaac.franka.kinematics_solver] omni.isaac.franka has been deprecated in favor of isaacsim.robot.manipulators.examples.franka. Please update your code accordingly.
[12.758s] [ext: isaacsim.gui.property-1.1.3] startup
[12.770s] [ext: isaacsim.sensors.physx-2.2.27] startup
[12.781s] [ext: isaacsim.sensors.camera-1.3.1] startup
[12.813s] [ext: isaacsim.sensors.rtx-15.5.0] startup
[12.832s] [ext: isaacsim.core.cloner-1.4.9] startup
[12.849s] [ext: omni.kit.property.isaac-1.0.6] startup
2026-05-17T00:46:23Z [12,829ms] [Warning] [omni.kit.property.isaac] omni.kit.property.isaac has been deprecated in favor of isaacsim.gui.property. Please update your code accordingly.
2026-05-17T00:46:23Z [12,829ms] [Warning] [omni.kit.property.isaac.widgets] omni.kit.property.isaac.widgets has been deprecated in favor of isaacsim.gui.property.widgets. Please update your code accordingly.
[12.855s] [ext: omni.isaac.range_sensor-4.0.6] startup
2026-05-17T00:46:23Z [12,835ms] [Warning] [omni.isaac.range_sensor] omni.isaac.range_sensor has been deprecated in favor of isaacsim.sensors.physx. Please update your code accordingly.
2026-05-17T00:46:23Z [12,835ms] [Warning] [omni.isaac.range_sensor.commands] omni.isaac.range_sensor.commands has been deprecated in favor of isaacsim.sensors.physx.commands. Please update your code accordingly.
[12.868s] [ext: omni.kit.viewport.menubar.camera-107.0.3] startup
[12.893s] [ext: omni.isaac.sensor-13.0.7] startup
2026-05-17T00:46:23Z [12,871ms] [Warning] [omni.isaac.sensor] omni.isaac.sensor has been deprecated in favor of isaacsim.sensors.camera, isaacsim.sensors.physics, isaacsim.sensors.physx, and isaacsim.sensors.rtx. Please update your code accordingly.
2026-05-17T00:46:23Z [12,871ms] [Warning] [omni.isaac.sensor.camera] omni.isaac.sensor.camera has been deprecated in favor of isaacsim.sensors.camera.camera. Please update your code accordingly.
2026-05-17T00:46:23Z [12,871ms] [Warning] [omni.isaac.sensor.camera_view] omni.isaac.sensor.camera_view has been deprecated in favor of isaacsim.sensors.camera.camera_view. Please update your code accordingly.
2026-05-17T00:46:23Z [12,871ms] [Warning] [omni.isaac.sensor.commands] omni.isaac.sensor.commands has been deprecated in favor of isaacsim.sensors.physics.commands, isaacsim.sensors.physx.commands, and isaacsim.sensors.rtx.commands. Please update your code accordingly.
2026-05-17T00:46:23Z [12,872ms] [Warning] [omni.isaac.sensor.contact_sensor] omni.isaac.sensor.contact_sensor has been deprecated in favor of isaacsim.sensors.physics.contact_sensor. Please update your code accordingly.
2026-05-17T00:46:23Z [12,872ms] [Warning] [omni.isaac.sensor.imu_sensor] omni.isaac.sensor.imu_sensor has been deprecated in favor of isaacsim.sensors.physics.imu_sensor. Please update your code accordingly.
2026-05-17T00:46:23Z [12,872ms] [Warning] [omni.isaac.sensor.lidar_rtx] omni.isaac.sensor.lidar_rtx has been deprecated in favor of isaacsim.sensors.rtx.lidar_rtx. Please update your code accordingly.
2026-05-17T00:46:23Z [12,873ms] [Warning] [omni.isaac.sensor.rotating_lidar_physX] omni.isaac.sensor.imu_sensor has been deprecated in favor of isaacsim.sensors.physix.rotating_lidar_physX. Please update your code accordingly.
2026-05-17T00:46:23Z [12,874ms] [Warning] [omni.isaac.sensor.scripts.samples.contact_sensor] omni.isaac.sensor.scripts.samples.contact_sensor has been deprecated in favor of isaacsim.sensors.physics.scripts.samples.contact_sensor. Please update your code accordingly.
2026-05-17T00:46:23Z [12,874ms] [Warning] [omni.isaac.sensor.scripts.samples.imu_sensor] omni.isaac.sensor.scripts.samples.imu_sensor has been deprecated in favor of isaacsim.sensors.physics.scripts.samples.imu_sensor. Please update your code accordingly.
2026-05-17T00:46:23Z [12,875ms] [Warning] [omni.isaac.sensor.scripts.samples.lightbeam_sensor] omni.isaac.sensor.scripts.samples.lightbeam_sensor has been deprecated in favor of isaacsim.sensors.physx.scripts.samples.lightbeam_sensor. Please update your code accordingly.
[12.900s] [ext: omni.isaac.cloner-1.0.7] startup
2026-05-17T00:46:23Z [12,880ms] [Warning] [omni.isaac.cloner] omni.isaac.cloner has been deprecated in favor of isaacsim.core.cloner. Please update your code accordingly.
[12.911s] [ext: omni.kit.viewport.menubar.render-107.0.9] startup
[12.932s] [ext: omni.kit.viewport.menubar.settings-107.0.3] startup
[12.943s] [ext: isaacsim.replicator.writers-1.0.15] startup
[12.982s] [ext: omni.kit.window.console-1.1.4] startup
[12.994s] [ext: omni.kit.window.status_bar-0.1.8] startup
[13.008s] [ext: omni.kit.viewport.actions-107.0.2] startup
[13.022s] [ext: isaacsim.replicator.domain_randomization-1.0.16] startup
[13.032s] [ext: isaacsim.replicator.examples-1.1.31] startup
[13.042s] [ext: omni.ocio-0.1.1] startup
[13.051s] [ext: omni.rtx.window.settings-0.6.19] startup
[13.069s] [ext: omni.kit.viewport.menubar.display-107.0.3] startup
[13.083s] [ext: omni.kit.window.toolbar-2.0.0] startup
[13.095s] [ext: omni.replicator.isaac-2.0.8] startup
2026-05-17T00:46:23Z [13,074ms] [Warning] [omni.replicator.isaac] omni.replicator.isaac has been deprecated in favor of isaacsim.replicator.domain_randomization, isaacsim.replicator.examples, isaacsim.replicator.writers. Please update your code accordingly.
[13.102s] [ext: omni.replicator.replicator_yaml-2.0.11] startup
[13.158s] [ext: omni.rtx.settings.core-0.6.5] startup
[13.180s] [ext: omni.usd.metrics.assembler.ui-107.3.1] startup
[13.217s] [ext: omni.isaac.surface_gripper-2.0.6] startup
2026-05-17T00:46:23Z [13,195ms] [Warning] [omni.isaac.surface_gripper] omni.isaac.surface_gripper has been deprecated in favor of isaacsim.robot.surface_gripper. Please update your code accordingly.
[13.222s] [ext: semantics.schema.editor-2.0.1] startup
[13.239s] [ext: omni.kit.ui.actions-1.0.5] startup
[13.245s] [ext: semantics.schema.property-2.0.1] startup
[13.251s] [ext: omni.isaac.universal_robots-1.0.6] startup
2026-05-17T00:46:23Z [13,229ms] [Warning] [omni.isaac.universal_robots] omni.isaac.universal_robots has been deprecated in favor of isaacsim.robot.manipulators.examples.universal_robots. Please update your code accordingly.
2026-05-17T00:46:23Z [13,229ms] [Warning] [omni.isaac.universal_robots.kinematics_solver] omni.isaac.franka has been deprecated in favor of isaacsim.robot.manipulators.examples.universal_robots. Please update your code accordingly.
2026-05-17T00:46:23Z [13,231ms] [Warning] [omni.isaac.universal_robots.ur10] omni.isaac.franka has been deprecated in favor of isaacsim.robot.manipulators.examples.universal_robots. Please update your code accordingly.
[13.257s] [ext: omni.isaac.core-4.0.7] startup
2026-05-17T00:46:23Z [13,240ms] [Warning] [omni.isaac.core.physics_context.physics_context] omni.isaac.core.physics_context.physics_context has been deprecated in favor of isaacsim.core.api.physics_context.physics_context. Please update your code accordingly.
2026-05-17T00:46:23Z [13,241ms] [Warning] [omni.isaac.core.simulation_context.simulation_context] omni.isaac.core.simulation_context.simulation_context has been deprecated in favor of isaacsim.core.api.simulation_context.simulation_context. Please update your code accordingly.
2026-05-17T00:46:23Z [13,242ms] [Warning] [omni.isaac.core.world.world] omni.isaac.core.world.world has been deprecated in favor of isaacsim.core.api.world.world. Please update your code accordingly.
2026-05-17T00:46:23Z [13,242ms] [Warning] [omni.isaac.core] omni.isaac.core has been deprecated in favor of isaacsim.core.api. Please update your code accordingly.
[13.269s] [ext: isaacsim.gui.sensors.icon-2.0.3] startup
[13.283s] [ext: isaacsim.core.experimental.materials-0.3.0] startup
[13.298s] [ext: omni.kit.menu.common-2.0.0] startup
[13.308s] [ext: isaacsim.exp.base-5.0.0] startup
[13.311s] [ext: isaacsim.exp.base.python-5.0.0] startup
[13.316s] Simulation App Starting
2026-05-17T00:46:24Z [13,438ms] [Warning] [usdrt.population.plugin] using high frequency span is disabled
2026-05-17T00:46:24Z [13,489ms] [Warning] [omni.fabric.plugin] Warning: attribute viewportHandle not found for bucket id 9

[13.546s] app ready
2026-05-17T00:46:24Z [13,773ms] [Warning] [carb] Acquiring non optional plugin interface which is not listed as dependency: [carb::dictionary::ISerializer v1.1] (plugin: carb.dictionary.serializer-json.plugin), by client: carb.scenerenderer-rtx.plugin. Add it to CARB_PLUGIN_IMPL_DEPS() macro of a client.
2026-05-17T00:46:28Z [18,055ms] [Warning] [usdrt.hydra.fabric_scene_delegate.plugin] using high frequency span is disabled
2026-05-17T00:46:28Z [18,055ms] [Warning] [usdrt.hydra.fabric_scene_delegate.plugin] using high frequency span is disabled
2026-05-17T00:46:28Z [18,056ms] [Warning] [usdrt.hydra.fabric_scene_delegate.plugin] using high frequency span with attrs is disabled
2026-05-17T00:46:28Z [18,094ms] [Warning] [usdrt.hydra.fabric_scene_delegate.plugin] using high frequency span is disabled
2026-05-17T00:46:28Z [18,094ms] [Warning] [usdrt.hydra.fabric_scene_delegate.plugin] using high frequency span is disabled
[18.711s] Simulation App Startup Complete
[18.731s] [ext: isaacsim.ros2.bridge-4.9.3] startup
[18.808s] Attempting to load system rclpy
[18.820s] Could not import system rclpy: No module named 'rclpy._rclpy_pybind11'
The C extension '/opt/ros/humble/lib/python3.10/site-packages/_rclpy_pybind11.cpython-311-x86_64-linux-gnu.so' isn't present on the system. Please refer to 'https://docs.ros.org/en/humble/Guides/Installation-Troubleshooting.html#import-failing-without-library-present-on-the-system' for possible solutions
[18.820s] Attempting to load internal rclpy for ROS Distro: humble
[18.821s] Could not import internal rclpy: No module named 'rclpy._rclpy_pybind11'
The C extension '/opt/ros/humble/lib/python3.10/site-packages/_rclpy_pybind11.cpython-311-x86_64-linux-gnu.so' isn't present on the system. Please refer to 'https://docs.ros.org/en/humble/Guides/Installation-Troubleshooting.html#import-failing-without-library-present-on-the-system' for possible solutions
[18.821s] To use the internal libraries included with the extension please set the following environment variables to use with FastDDS (default) or CycloneDDS before starting Isaac Sim:

FastDDS (default):
export ROS_DISTRO=humble
export RMW_IMPLEMENTATION=rmw_fastrtps_cpp
export LD_LIBRARY_PATH=$LD_LIBRARY_PATH:/humble/lib

OR

CycloneDDS:
export ROS_DISTRO=humble
export RMW_IMPLEMENTATION=rmw_cyclonedds_cpp
export LD_LIBRARY_PATH=$LD_LIBRARY_PATH:/humble/lib


2026-05-17T00:46:29Z [18,797ms] [Warning] [humble.rclpy] Could not import rclpy
2026-05-17T00:46:39Z [28,586ms] [Warning] [omni.fabric.plugin] Warning: attribute inputs:cameraPrim not found for path /World/cell_cam_ros/setCamera

2026-05-17T00:46:39Z [28,666ms] [Warning] [omni.timeline.plugin] Deprecated: direct use of ITimeline callbacks is deprecated. Use ITimeline::getTimeline (Python: omni.timeline.get_timeline_interface) instead.
2026-05-17T00:46:39Z [29,049ms] [Warning] [isaacsim.ros2.bridge.impl.camera_info_utils] ROS2 CameraInfo support for lens distortion models beyond opencvPinhole and opencvFisheye is deprecated as of Isaac Sim 5.0, and will be removed in a future release.
2026-05-17T00:46:39Z [29,050ms] [Warning] [isaacsim.ros2.bridge.impl.camera_info_utils] Unsupported physical distortion model 'None'. Using plumb_bob with default coefficients.
2026-05-17T00:47:10Z [59,609ms] [Warning] [omni.fabric.plugin] USD->Fabric: Unhandled array type string[]
2026-05-17T00:47:10Z [59,668ms] [Warning] [usdrt.population.plugin] [UsdNoticeHandler] Unhandled attribute type VtArray<std::string> (prim attribute: omni:rtx:material:db:flattener:transmittance_color)
2026-05-17T00:47:10Z [59,668ms] [Warning] [usdrt.population.plugin] [UsdNoticeHandler] Unhandled attribute type VtArray<std::string> (prim attribute: omni:rtx:material:db:flattener:reflection_roughness_constant)
2026-05-17T00:47:10Z [59,668ms] [Warning] [usdrt.population.plugin] [UsdNoticeHandler] Unhandled attribute type VtArray<std::string> (prim attribute: omni:rtx:material:db:flattener:ior_constant)
2026-05-17T00:47:11Z [60,301ms] [Warning] [usdrt.hydra.fabric_scene_delegate.plugin] using high frequency span with attrs is disabled
2026-05-17T00:47:11Z [60,514ms] [Warning] [usdrt.hydra.fabric_scene_delegate.plugin] using high frequency span with attrs is disabled
2026-05-17T00:47:23Z [73,023ms] [Warning] [carb] Plugin interface for a client: omni.hydratexture.plugin was already released.
2026-05-17T00:47:23Z [73,137ms] [Warning] [isaacsim.ros2.bridge.impl.camera_info_utils] ROS2 CameraInfo support for lens distortion models beyond opencvPinhole and opencvFisheye is deprecated as of Isaac Sim 5.0, and will be removed in a future release.
2026-05-17T00:47:23Z [73,138ms] [Warning] [isaacsim.ros2.bridge.impl.camera_info_utils] ROS2 CameraInfo support for lens distortion models beyond opencvPinhole and opencvFisheye is deprecated as of Isaac Sim 5.0, and will be removed in a future release.
2026-05-17T00:47:23Z [73,202ms] [Warning] [carb] Client omni.hydratexture.plugin has acquired [carb::settings::ISettings v1.0] 100 times. Consider accessing this interface with carb::getCachedInterface() (Performance warning)
2026-05-17T00:47:23Z [73,211ms] [Warning] [carb] Client omni.hydratexture.plugin has acquired [carb::dictionary::IDictionary v1.1] 100 times. Consider accessing this interface with carb::getCachedInterface() (Performance warning)
2026-05-17T00:47:23Z [73,219ms] [Warning] [isaacsim.ros2.bridge.impl.camera_info_utils] ROS2 CameraInfo support for lens distortion models beyond opencvPinhole and opencvFisheye is deprecated as of Isaac Sim 5.0, and will be removed in a future release.
2026-05-17T00:47:23Z [73,220ms] [Warning] [isaacsim.ros2.bridge.impl.camera_info_utils] ROS2 CameraInfo support for lens distortion models beyond opencvPinhole and opencvFisheye is deprecated as of Isaac Sim 5.0, and will be removed in a future release.
2026-05-17T00:47:24Z [73,358ms] [Warning] [isaacsim.ros2.bridge.impl.camera_info_utils] ROS2 CameraInfo support for lens distortion models beyond opencvPinhole and opencvFisheye is deprecated as of Isaac Sim 5.0, and will be removed in a future release.
2026-05-17T00:47:24Z [73,358ms] [Warning] [isaacsim.ros2.bridge.impl.camera_info_utils] ROS2 CameraInfo support for lens distortion models beyond opencvPinhole and opencvFisheye is deprecated as of Isaac Sim 5.0, and will be removed in a future release.
2026-05-17T00:47:24Z [73,483ms] [Warning] [isaacsim.ros2.bridge.impl.camera_info_utils] ROS2 CameraInfo support for lens distortion models beyond opencvPinhole and opencvFisheye is deprecated as of Isaac Sim 5.0, and will be removed in a future release.
2026-05-17T00:47:24Z [73,484ms] [Warning] [isaacsim.ros2.bridge.impl.camera_info_utils] ROS2 CameraInfo support for lens distortion models beyond opencvPinhole and opencvFisheye is deprecated as of Isaac Sim 5.0, and will be removed in a future release.
2026-05-17T00:47:24Z [73,714ms] [Warning] [isaacsim.ros2.bridge.impl.camera_info_utils] ROS2 CameraInfo support for lens distortion models beyond opencvPinhole and opencvFisheye is deprecated as of Isaac Sim 5.0, and will be removed in a future release.
2026-05-17T00:47:24Z [73,715ms] [Warning] [isaacsim.ros2.bridge.impl.camera_info_utils] ROS2 CameraInfo support for lens distortion models beyond opencvPinhole and opencvFisheye is deprecated as of Isaac Sim 5.0, and will be removed in a future release.
2026-05-17T00:47:24Z [73,745ms] [Warning] [isaacsim.ros2.bridge.impl.camera_info_utils] ROS2 CameraInfo support for lens distortion models beyond opencvPinhole and opencvFisheye is deprecated as of Isaac Sim 5.0, and will be removed in a future release.
2026-05-17T00:47:24Z [73,746ms] [Warning] [isaacsim.ros2.bridge.impl.camera_info_utils] ROS2 CameraInfo support for lens distortion models beyond opencvPinhole and opencvFisheye is deprecated as of Isaac Sim 5.0, and will be removed in a future release.
2026-05-17T00:47:24Z [73,770ms] [Warning] [carb.audio.device] audio device is misconfigured or broken {deviceIndex = 0, name = 'default'} (The device is likely misconfigured, check your $HOME/.asoundrc)
2026-05-17T00:47:24Z [73,771ms] [Warning] [carb.audio.output] failed to retrieve the capabilities for device 0 {result = eDeviceLost (2)}
2026-05-17T00:47:24Z [73,771ms] [Warning] [carb.audio.context] failed to set the requested output during context creation.  Using a null streamer instead {result = eDeviceLost (2)}
2026-05-17T00:47:25Z [74,482ms] [Warning] [isaacsim.ros2.bridge.plugin] Frame with name Imu_Sensor already exists. Overriding frame name for /World/amr_0/chassis_link/sensors/left_hawk/Imu/Imu_Sensor to World_amr_0_chassis_link_sensors_left_hawk_Imu_Imu_Sensor (you can add the attribute isaac:nameOverride to remove this warning)
2026-05-17T00:47:25Z [74,483ms] [Warning] [isaacsim.ros2.bridge.plugin] Frame with name Imu_Sensor already exists. Overriding frame name for /World/amr_0/chassis_link/sensors/right_hawk/Imu/Imu_Sensor to World_amr_0_chassis_link_sensors_right_hawk_Imu_Imu_Sensor (you can add the attribute isaac:nameOverride to remove this warning)
2026-05-17T00:47:25Z [74,484ms] [Warning] [isaacsim.ros2.bridge.plugin] Frame with name Imu_Sensor already exists. Overriding frame name for /World/amr_0/chassis_link/sensors/back_hawk/Imu/Imu_Sensor to World_amr_0_chassis_link_sensors_back_hawk_Imu_Imu_Sensor (you can add the attribute isaac:nameOverride to remove this warning)
2026-05-17T00:47:25Z [74,487ms] [Warning] [isaacsim.ros2.bridge.plugin] Frame with name left already exists. Overriding frame name for /World/amr_0/chassis_link/sensors/left_hawk/left to World_amr_0_chassis_link_sensors_left_hawk_left (you can add the attribute isaac:nameOverride to remove this warning)
2026-05-17T00:47:25Z [74,487ms] [Warning] [isaacsim.ros2.bridge.plugin] Frame with name right already exists. Overriding frame name for /World/amr_0/chassis_link/sensors/left_hawk/right to World_amr_0_chassis_link_sensors_left_hawk_right (you can add the attribute isaac:nameOverride to remove this warning)
2026-05-17T00:47:25Z [74,487ms] [Warning] [isaacsim.ros2.bridge.plugin] Frame with name left already exists. Overriding frame name for /World/amr_0/chassis_link/sensors/right_hawk/left to World_amr_0_chassis_link_sensors_right_hawk_left (you can add the attribute isaac:nameOverride to remove this warning)
2026-05-17T00:47:25Z [74,487ms] [Warning] [isaacsim.ros2.bridge.plugin] Frame with name right already exists. Overriding frame name for /World/amr_0/chassis_link/sensors/right_hawk/right to World_amr_0_chassis_link_sensors_right_hawk_right (you can add the attribute isaac:nameOverride to remove this warning)
2026-05-17T00:47:25Z [74,487ms] [Warning] [isaacsim.ros2.bridge.plugin] Frame with name left already exists. Overriding frame name for /World/amr_0/chassis_link/sensors/back_hawk/left to World_amr_0_chassis_link_sensors_back_hawk_left (you can add the attribute isaac:nameOverride to remove this warning)
2026-05-17T00:47:25Z [74,488ms] [Warning] [isaacsim.ros2.bridge.plugin] Frame with name right already exists. Overriding frame name for /World/amr_0/chassis_link/sensors/back_hawk/right to World_amr_0_chassis_link_sensors_back_hawk_right (you can add the attribute isaac:nameOverride to remove this warning)
2026-05-17T00:47:25Z [74,490ms] [Warning] [isaacsim.ros2.bridge.plugin] Frame with name Imu_Sensor already exists. Overriding frame name for /World/amr_0/chassis_link/sensors/chassis_imu/Imu_Sensor to World_amr_0_chassis_link_sensors_chassis_imu_Imu_Sensor (you can add the attribute isaac:nameOverride to remove this warning)
2026-05-17T00:47:25Z [74,490ms] [Warning] [isaacsim.ros2.bridge.plugin] Frame with name mount already exists. Overriding frame name for /World/amr_0/chassis_link/sensors/left_hawk/mount to World_amr_0_chassis_link_sensors_left_hawk_mount (you can add the attribute isaac:nameOverride to remove this warning)
2026-05-17T00:47:25Z [74,490ms] [Warning] [isaacsim.ros2.bridge.plugin] Frame with name mount already exists. Overriding frame name for /World/amr_0/chassis_link/sensors/right_hawk/mount to World_amr_0_chassis_link_sensors_right_hawk_mount (you can add the attribute isaac:nameOverride to remove this warning)
2026-05-17T00:47:25Z [74,490ms] [Warning] [isaacsim.ros2.bridge.plugin] Frame with name mount already exists. Overriding frame name for /World/amr_0/chassis_link/sensors/back_hawk/mount to World_amr_0_chassis_link_sensors_back_hawk_mount (you can add the attribute isaac:nameOverride to remove this warning)
2026-05-17T00:47:25Z [74,493ms] [Warning] [isaacsim.ros2.bridge.plugin] Frame with name Imu_Sensor already exists. Overriding frame name for /World/amr_3/chassis_link/sensors/left_hawk/Imu/Imu_Sensor to World_amr_3_chassis_link_sensors_left_hawk_Imu_Imu_Sensor (you can add the attribute isaac:nameOverride to remove this warning)
2026-05-17T00:47:25Z [74,494ms] [Warning] [isaacsim.ros2.bridge.plugin] Frame with name Imu_Sensor already exists. Overriding frame name for /World/amr_3/chassis_link/sensors/right_hawk/Imu/Imu_Sensor to World_amr_3_chassis_link_sensors_right_hawk_Imu_Imu_Sensor (you can add the attribute isaac:nameOverride to remove this warning)
2026-05-17T00:47:25Z [74,495ms] [Warning] [isaacsim.ros2.bridge.plugin] Frame with name Imu_Sensor already exists. Overriding frame name for /World/amr_3/chassis_link/sensors/back_hawk/Imu/Imu_Sensor to World_amr_3_chassis_link_sensors_back_hawk_Imu_Imu_Sensor (you can add the attribute isaac:nameOverride to remove this warning)
2026-05-17T00:47:25Z [74,497ms] [Warning] [isaacsim.ros2.bridge.plugin] Frame with name left already exists. Overriding frame name for /World/amr_3/chassis_link/sensors/left_hawk/left to World_amr_3_chassis_link_sensors_left_hawk_left (you can add the attribute isaac:nameOverride to remove this warning)
2026-05-17T00:47:25Z [74,497ms] [Warning] [isaacsim.ros2.bridge.plugin] Frame with name right already exists. Overriding frame name for /World/amr_3/chassis_link/sensors/left_hawk/right to World_amr_3_chassis_link_sensors_left_hawk_right (you can add the attribute isaac:nameOverride to remove this warning)
2026-05-17T00:47:25Z [74,497ms] [Warning] [isaacsim.ros2.bridge.plugin] Frame with name left already exists. Overriding frame name for /World/amr_3/chassis_link/sensors/right_hawk/left to World_amr_3_chassis_link_sensors_right_hawk_left (you can add the attribute isaac:nameOverride to remove this warning)
2026-05-17T00:47:25Z [74,498ms] [Warning] [isaacsim.ros2.bridge.plugin] Frame with name right already exists. Overriding frame name for /World/amr_3/chassis_link/sensors/right_hawk/right to World_amr_3_chassis_link_sensors_right_hawk_right (you can add the attribute isaac:nameOverride to remove this warning)
2026-05-17T00:47:25Z [74,498ms] [Warning] [isaacsim.ros2.bridge.plugin] Frame with name left already exists. Overriding frame name for /World/amr_3/chassis_link/sensors/back_hawk/left to World_amr_3_chassis_link_sensors_back_hawk_left (you can add the attribute isaac:nameOverride to remove this warning)
2026-05-17T00:47:25Z [74,498ms] [Warning] [isaacsim.ros2.bridge.plugin] Frame with name right already exists. Overriding frame name for /World/amr_3/chassis_link/sensors/back_hawk/right to World_amr_3_chassis_link_sensors_back_hawk_right (you can add the attribute isaac:nameOverride to remove this warning)
2026-05-17T00:47:25Z [74,500ms] [Warning] [isaacsim.ros2.bridge.plugin] Frame with name Imu_Sensor already exists. Overriding frame name for /World/amr_3/chassis_link/sensors/chassis_imu/Imu_Sensor to World_amr_3_chassis_link_sensors_chassis_imu_Imu_Sensor (you can add the attribute isaac:nameOverride to remove this warning)
2026-05-17T00:47:25Z [74,500ms] [Warning] [isaacsim.ros2.bridge.plugin] Frame with name mount already exists. Overriding frame name for /World/amr_3/chassis_link/sensors/left_hawk/mount to World_amr_3_chassis_link_sensors_left_hawk_mount (you can add the attribute isaac:nameOverride to remove this warning)
2026-05-17T00:47:25Z [74,500ms] [Warning] [isaacsim.ros2.bridge.plugin] Frame with name mount already exists. Overriding frame name for /World/amr_3/chassis_link/sensors/right_hawk/mount to World_amr_3_chassis_link_sensors_right_hawk_mount (you can add the attribute isaac:nameOverride to remove this warning)
2026-05-17T00:47:25Z [74,501ms] [Warning] [isaacsim.ros2.bridge.plugin] Frame with name mount already exists. Overriding frame name for /World/amr_3/chassis_link/sensors/back_hawk/mount to World_amr_3_chassis_link_sensors_back_hawk_mount (you can add the attribute isaac:nameOverride to remove this warning)
2026-05-17T00:47:25Z [74,505ms] [Warning] [isaacsim.ros2.bridge.plugin] Frame with name Imu_Sensor already exists. Overriding frame name for /World/amr_2/chassis_link/sensors/left_hawk/Imu/Imu_Sensor to World_amr_2_chassis_link_sensors_left_hawk_Imu_Imu_Sensor (you can add the attribute isaac:nameOverride to remove this warning)
2026-05-17T00:47:25Z [74,506ms] [Warning] [isaacsim.ros2.bridge.plugin] Frame with name Imu_Sensor already exists. Overriding frame name for /World/amr_2/chassis_link/sensors/right_hawk/Imu/Imu_Sensor to World_amr_2_chassis_link_sensors_right_hawk_Imu_Imu_Sensor (you can add the attribute isaac:nameOverride to remove this warning)
2026-05-17T00:47:25Z [74,507ms] [Warning] [isaacsim.ros2.bridge.plugin] Frame with name Imu_Sensor already exists. Overriding frame name for /World/amr_2/chassis_link/sensors/back_hawk/Imu/Imu_Sensor to World_amr_2_chassis_link_sensors_back_hawk_Imu_Imu_Sensor (you can add the attribute isaac:nameOverride to remove this warning)
2026-05-17T00:47:25Z [74,509ms] [Warning] [isaacsim.ros2.bridge.plugin] Frame with name left already exists. Overriding frame name for /World/amr_2/chassis_link/sensors/left_hawk/left to World_amr_2_chassis_link_sensors_left_hawk_left (you can add the attribute isaac:nameOverride to remove this warning)
2026-05-17T00:47:25Z [74,509ms] [Warning] [isaacsim.ros2.bridge.plugin] Frame with name right already exists. Overriding frame name for /World/amr_2/chassis_link/sensors/left_hawk/right to World_amr_2_chassis_link_sensors_left_hawk_right (you can add the attribute isaac:nameOverride to remove this warning)
2026-05-17T00:47:25Z [74,509ms] [Warning] [isaacsim.ros2.bridge.plugin] Frame with name left already exists. Overriding frame name for /World/amr_2/chassis_link/sensors/right_hawk/left to World_amr_2_chassis_link_sensors_right_hawk_left (you can add the attribute isaac:nameOverride to remove this warning)
2026-05-17T00:47:25Z [74,509ms] [Warning] [isaacsim.ros2.bridge.plugin] Frame with name right already exists. Overriding frame name for /World/amr_2/chassis_link/sensors/right_hawk/right to World_amr_2_chassis_link_sensors_right_hawk_right (you can add the attribute isaac:nameOverride to remove this warning)
2026-05-17T00:47:25Z [74,509ms] [Warning] [isaacsim.ros2.bridge.plugin] Frame with name left already exists. Overriding frame name for /World/amr_2/chassis_link/sensors/back_hawk/left to World_amr_2_chassis_link_sensors_back_hawk_left (you can add the attribute isaac:nameOverride to remove this warning)
2026-05-17T00:47:25Z [74,510ms] [Warning] [isaacsim.ros2.bridge.plugin] Frame with name right already exists. Overriding frame name for /World/amr_2/chassis_link/sensors/back_hawk/right to World_amr_2_chassis_link_sensors_back_hawk_right (you can add the attribute isaac:nameOverride to remove this warning)
2026-05-17T00:47:25Z [74,511ms] [Warning] [isaacsim.ros2.bridge.plugin] Frame with name Imu_Sensor already exists. Overriding frame name for /World/amr_2/chassis_link/sensors/chassis_imu/Imu_Sensor to World_amr_2_chassis_link_sensors_chassis_imu_Imu_Sensor (you can add the attribute isaac:nameOverride to remove this warning)
2026-05-17T00:47:25Z [74,512ms] [Warning] [isaacsim.ros2.bridge.plugin] Frame with name mount already exists. Overriding frame name for /World/amr_2/chassis_link/sensors/left_hawk/mount to World_amr_2_chassis_link_sensors_left_hawk_mount (you can add the attribute isaac:nameOverride to remove this warning)
2026-05-17T00:47:25Z [74,512ms] [Warning] [isaacsim.ros2.bridge.plugin] Frame with name mount already exists. Overriding frame name for /World/amr_2/chassis_link/sensors/right_hawk/mount to World_amr_2_chassis_link_sensors_right_hawk_mount (you can add the attribute isaac:nameOverride to remove this warning)
2026-05-17T00:47:25Z [74,512ms] [Warning] [isaacsim.ros2.bridge.plugin] Frame with name mount already exists. Overriding frame name for /World/amr_2/chassis_link/sensors/back_hawk/mount to World_amr_2_chassis_link_sensors_back_hawk_mount (you can add the attribute isaac:nameOverride to remove this warning)
2026-05-17T00:47:25Z [74,517ms] [Warning] [isaacsim.ros2.bridge.plugin] Frame with name Imu_Sensor already exists. Overriding frame name for /World/amr_4/chassis_link/sensors/left_hawk/Imu/Imu_Sensor to World_amr_4_chassis_link_sensors_left_hawk_Imu_Imu_Sensor (you can add the attribute isaac:nameOverride to remove this warning)
2026-05-17T00:47:25Z [74,518ms] [Warning] [isaacsim.ros2.bridge.plugin] Frame with name Imu_Sensor already exists. Overriding frame name for /World/amr_4/chassis_link/sensors/right_hawk/Imu/Imu_Sensor to World_amr_4_chassis_link_sensors_right_hawk_Imu_Imu_Sensor (you can add the attribute isaac:nameOverride to remove this warning)
2026-05-17T00:47:25Z [74,519ms] [Warning] [isaacsim.ros2.bridge.plugin] Frame with name Imu_Sensor already exists. Overriding frame name for /World/amr_4/chassis_link/sensors/back_hawk/Imu/Imu_Sensor to World_amr_4_chassis_link_sensors_back_hawk_Imu_Imu_Sensor (you can add the attribute isaac:nameOverride to remove this warning)
2026-05-17T00:47:25Z [74,523ms] [Warning] [isaacsim.ros2.bridge.plugin] Frame with name left already exists. Overriding frame name for /World/amr_4/chassis_link/sensors/left_hawk/left to World_amr_4_chassis_link_sensors_left_hawk_left (you can add the attribute isaac:nameOverride to remove this warning)
2026-05-17T00:47:25Z [74,523ms] [Warning] [isaacsim.ros2.bridge.plugin] Frame with name right already exists. Overriding frame name for /World/amr_4/chassis_link/sensors/left_hawk/right to World_amr_4_chassis_link_sensors_left_hawk_right (you can add the attribute isaac:nameOverride to remove this warning)
2026-05-17T00:47:25Z [74,523ms] [Warning] [isaacsim.ros2.bridge.plugin] Frame with name left already exists. Overriding frame name for /World/amr_4/chassis_link/sensors/right_hawk/left to World_amr_4_chassis_link_sensors_right_hawk_left (you can add the attribute isaac:nameOverride to remove this warning)
2026-05-17T00:47:25Z [74,523ms] [Warning] [isaacsim.ros2.bridge.plugin] Frame with name right already exists. Overriding frame name for /World/amr_4/chassis_link/sensors/right_hawk/right to World_amr_4_chassis_link_sensors_right_hawk_right (you can add the attribute isaac:nameOverride to remove this warning)
2026-05-17T00:47:25Z [74,524ms] [Warning] [isaacsim.ros2.bridge.plugin] Frame with name left already exists. Overriding frame name for /World/amr_4/chassis_link/sensors/back_hawk/left to World_amr_4_chassis_link_sensors_back_hawk_left (you can add the attribute isaac:nameOverride to remove this warning)
2026-05-17T00:47:25Z [74,524ms] [Warning] [isaacsim.ros2.bridge.plugin] Frame with name right already exists. Overriding frame name for /World/amr_4/chassis_link/sensors/back_hawk/right to World_amr_4_chassis_link_sensors_back_hawk_right (you can add the attribute isaac:nameOverride to remove this warning)
2026-05-17T00:47:25Z [74,526ms] [Warning] [isaacsim.ros2.bridge.plugin] Frame with name Imu_Sensor already exists. Overriding frame name for /World/amr_4/chassis_link/sensors/chassis_imu/Imu_Sensor to World_amr_4_chassis_link_sensors_chassis_imu_Imu_Sensor (you can add the attribute isaac:nameOverride to remove this warning)
2026-05-17T00:47:25Z [74,526ms] [Warning] [isaacsim.ros2.bridge.plugin] Frame with name mount already exists. Overriding frame name for /World/amr_4/chassis_link/sensors/left_hawk/mount to World_amr_4_chassis_link_sensors_left_hawk_mount (you can add the attribute isaac:nameOverride to remove this warning)
2026-05-17T00:47:25Z [74,526ms] [Warning] [isaacsim.ros2.bridge.plugin] Frame with name mount already exists. Overriding frame name for /World/amr_4/chassis_link/sensors/right_hawk/mount to World_amr_4_chassis_link_sensors_right_hawk_mount (you can add the attribute isaac:nameOverride to remove this warning)
2026-05-17T00:47:25Z [74,527ms] [Warning] [isaacsim.ros2.bridge.plugin] Frame with name mount already exists. Overriding frame name for /World/amr_4/chassis_link/sensors/back_hawk/mount to World_amr_4_chassis_link_sensors_back_hawk_mount (you can add the attribute isaac:nameOverride to remove this warning)
2026-05-17T00:47:25Z [74,530ms] [Warning] [isaacsim.ros2.bridge.plugin] Frame with name Imu_Sensor already exists. Overriding frame name for /World/amr_1/chassis_link/sensors/left_hawk/Imu/Imu_Sensor to World_amr_1_chassis_link_sensors_left_hawk_Imu_Imu_Sensor (you can add the attribute isaac:nameOverride to remove this warning)
2026-05-17T00:47:25Z [74,531ms] [Warning] [isaacsim.ros2.bridge.plugin] Frame with name Imu_Sensor already exists. Overriding frame name for /World/amr_1/chassis_link/sensors/right_hawk/Imu/Imu_Sensor to World_amr_1_chassis_link_sensors_right_hawk_Imu_Imu_Sensor (you can add the attribute isaac:nameOverride to remove this warning)
2026-05-17T00:47:25Z [74,532ms] [Warning] [isaacsim.ros2.bridge.plugin] Frame with name Imu_Sensor already exists. Overriding frame name for /World/amr_1/chassis_link/sensors/back_hawk/Imu/Imu_Sensor to World_amr_1_chassis_link_sensors_back_hawk_Imu_Imu_Sensor (you can add the attribute isaac:nameOverride to remove this warning)
2026-05-17T00:47:25Z [74,534ms] [Warning] [isaacsim.ros2.bridge.plugin] Frame with name left already exists. Overriding frame name for /World/amr_1/chassis_link/sensors/left_hawk/left to World_amr_1_chassis_link_sensors_left_hawk_left (you can add the attribute isaac:nameOverride to remove this warning)
2026-05-17T00:47:25Z [74,534ms] [Warning] [isaacsim.ros2.bridge.plugin] Frame with name right already exists. Overriding frame name for /World/amr_1/chassis_link/sensors/left_hawk/right to World_amr_1_chassis_link_sensors_left_hawk_right (you can add the attribute isaac:nameOverride to remove this warning)
2026-05-17T00:47:25Z [74,534ms] [Warning] [isaacsim.ros2.bridge.plugin] Frame with name left already exists. Overriding frame name for /World/amr_1/chassis_link/sensors/right_hawk/left to World_amr_1_chassis_link_sensors_right_hawk_left (you can add the attribute isaac:nameOverride to remove this warning)
2026-05-17T00:47:25Z [74,534ms] [Warning] [isaacsim.ros2.bridge.plugin] Frame with name right already exists. Overriding frame name for /World/amr_1/chassis_link/sensors/right_hawk/right to World_amr_1_chassis_link_sensors_right_hawk_right (you can add the attribute isaac:nameOverride to remove this warning)
2026-05-17T00:47:25Z [74,534ms] [Warning] [isaacsim.ros2.bridge.plugin] Frame with name left already exists. Overriding frame name for /World/amr_1/chassis_link/sensors/back_hawk/left to World_amr_1_chassis_link_sensors_back_hawk_left (you can add the attribute isaac:nameOverride to remove this warning)
2026-05-17T00:47:25Z [74,534ms] [Warning] [isaacsim.ros2.bridge.plugin] Frame with name right already exists. Overriding frame name for /World/amr_1/chassis_link/sensors/back_hawk/right to World_amr_1_chassis_link_sensors_back_hawk_right (you can add the attribute isaac:nameOverride to remove this warning)
2026-05-17T00:47:25Z [74,536ms] [Warning] [isaacsim.ros2.bridge.plugin] Frame with name Imu_Sensor already exists. Overriding frame name for /World/amr_1/chassis_link/sensors/chassis_imu/Imu_Sensor to World_amr_1_chassis_link_sensors_chassis_imu_Imu_Sensor (you can add the attribute isaac:nameOverride to remove this warning)
2026-05-17T00:47:25Z [74,537ms] [Warning] [isaacsim.ros2.bridge.plugin] Frame with name mount already exists. Overriding frame name for /World/amr_1/chassis_link/sensors/left_hawk/mount to World_amr_1_chassis_link_sensors_left_hawk_mount (you can add the attribute isaac:nameOverride to remove this warning)
2026-05-17T00:47:25Z [74,642ms] [Warning] [isaacsim.ros2.bridge.plugin] Frame with name mount already exists. Overriding frame name for /World/amr_1/chassis_link/sensors/right_hawk/mount to World_amr_1_chassis_link_sensors_right_hawk_mount (you can add the attribute isaac:nameOverride to remove this warning)
2026-05-17T00:47:25Z [74,642ms] [Warning] [isaacsim.ros2.bridge.plugin] Frame with name mount already exists. Overriding frame name for /World/amr_1/chassis_link/sensors/back_hawk/mount to World_amr_1_chassis_link_sensors_back_hawk_mount (you can add the attribute isaac:nameOverride to remove this warning)
2026-05-17T00:47:25Z [74,645ms] [Warning] [isaacsim.ros2.bridge.plugin] Frame with name Imu_Sensor already exists. Overriding frame name for /World/amr_5/chassis_link/sensors/left_hawk/Imu/Imu_Sensor to World_amr_5_chassis_link_sensors_left_hawk_Imu_Imu_Sensor (you can add the attribute isaac:nameOverride to remove this warning)
2026-05-17T00:47:25Z [74,646ms] [Warning] [isaacsim.ros2.bridge.plugin] Frame with name Imu_Sensor already exists. Overriding frame name for /World/amr_5/chassis_link/sensors/right_hawk/Imu/Imu_Sensor to World_amr_5_chassis_link_sensors_right_hawk_Imu_Imu_Sensor (you can add the attribute isaac:nameOverride to remove this warning)
2026-05-17T00:47:25Z [74,647ms] [Warning] [isaacsim.ros2.bridge.plugin] Frame with name Imu_Sensor already exists. Overriding frame name for /World/amr_5/chassis_link/sensors/back_hawk/Imu/Imu_Sensor to World_amr_5_chassis_link_sensors_back_hawk_Imu_Imu_Sensor (you can add the attribute isaac:nameOverride to remove this warning)
2026-05-17T00:47:25Z [74,649ms] [Warning] [isaacsim.ros2.bridge.plugin] Frame with name left already exists. Overriding frame name for /World/amr_5/chassis_link/sensors/left_hawk/left to World_amr_5_chassis_link_sensors_left_hawk_left (you can add the attribute isaac:nameOverride to remove this warning)
2026-05-17T00:47:25Z [74,649ms] [Warning] [isaacsim.ros2.bridge.plugin] Frame with name right already exists. Overriding frame name for /World/amr_5/chassis_link/sensors/left_hawk/right to World_amr_5_chassis_link_sensors_left_hawk_right (you can add the attribute isaac:nameOverride to remove this warning)
2026-05-17T00:47:25Z [74,649ms] [Warning] [isaacsim.ros2.bridge.plugin] Frame with name left already exists. Overriding frame name for /World/amr_5/chassis_link/sensors/right_hawk/left to World_amr_5_chassis_link_sensors_right_hawk_left (you can add the attribute isaac:nameOverride to remove this warning)
2026-05-17T00:47:25Z [74,649ms] [Warning] [isaacsim.ros2.bridge.plugin] Frame with name right already exists. Overriding frame name for /World/amr_5/chassis_link/sensors/right_hawk/right to World_amr_5_chassis_link_sensors_right_hawk_right (you can add the attribute isaac:nameOverride to remove this warning)
2026-05-17T00:47:25Z [74,649ms] [Warning] [isaacsim.ros2.bridge.plugin] Frame with name left already exists. Overriding frame name for /World/amr_5/chassis_link/sensors/back_hawk/left to World_amr_5_chassis_link_sensors_back_hawk_left (you can add the attribute isaac:nameOverride to remove this warning)
2026-05-17T00:47:25Z [74,650ms] [Warning] [isaacsim.ros2.bridge.plugin] Frame with name right already exists. Overriding frame name for /World/amr_5/chassis_link/sensors/back_hawk/right to World_amr_5_chassis_link_sensors_back_hawk_right (you can add the attribute isaac:nameOverride to remove this warning)
2026-05-17T00:47:25Z [74,651ms] [Warning] [isaacsim.ros2.bridge.plugin] Frame with name Imu_Sensor already exists. Overriding frame name for /World/amr_5/chassis_link/sensors/chassis_imu/Imu_Sensor to World_amr_5_chassis_link_sensors_chassis_imu_Imu_Sensor (you can add the attribute isaac:nameOverride to remove this warning)
2026-05-17T00:47:25Z [74,652ms] [Warning] [isaacsim.ros2.bridge.plugin] Frame with name mount already exists. Overriding frame name for /World/amr_5/chassis_link/sensors/left_hawk/mount to World_amr_5_chassis_link_sensors_left_hawk_mount (you can add the attribute isaac:nameOverride to remove this warning)
2026-05-17T00:47:25Z [74,652ms] [Warning] [isaacsim.ros2.bridge.plugin] Frame with name mount already exists. Overriding frame name for /World/amr_5/chassis_link/sensors/right_hawk/mount to World_amr_5_chassis_link_sensors_right_hawk_mount (you can add the attribute isaac:nameOverride to remove this warning)
2026-05-17T00:47:25Z [74,652ms] [Warning] [isaacsim.ros2.bridge.plugin] Frame with name mount already exists. Overriding frame name for /World/amr_5/chassis_link/sensors/back_hawk/mount to World_amr_5_chassis_link_sensors_back_hawk_mount (you can add the attribute isaac:nameOverride to remove this warning)
2026-05-17T00:47:25Z [74,658ms] [Warning] [usdrt.population.plugin] [UsdNoticeHandler] Unhandled attribute type VtArray<std::string> (prim attribute: omni:rtx:material:db:flattener:ior_constant)
2026-05-17T00:47:25Z [74,659ms] [Warning] [usdrt.population.plugin] [UsdNoticeHandler] Unhandled attribute type VtArray<std::string> (prim attribute: omni:rtx:material:db:flattener:reflection_roughness_constant)
2026-05-17T00:47:25Z [74,660ms] [Warning] [usdrt.population.plugin] [UsdNoticeHandler] Unhandled attribute type VtArray<std::string> (prim attribute: omni:rtx:material:db:flattener:reflection_roughness_constant)
2026-05-17T00:47:25Z [74,660ms] [Warning] [usdrt.population.plugin] [UsdNoticeHandler] Unhandled attribute type VtArray<std::string> (prim attribute: omni:rtx:material:db:flattener:ior_constant)
2026-05-17T00:47:25Z [74,660ms] [Warning] [usdrt.population.plugin] [UsdNoticeHandler] Unhandled attribute type VtArray<std::string> (prim attribute: omni:rtx:material:db:flattener:reflection_roughness_constant)
2026-05-17T00:47:25Z [74,660ms] [Warning] [usdrt.population.plugin] [UsdNoticeHandler] Unhandled attribute type VtArray<std::string> (prim attribute: omni:rtx:material:db:flattener:transmittance_color)
2026-05-17T00:47:25Z [74,660ms] [Warning] [usdrt.population.plugin] [UsdNoticeHandler] Unhandled attribute type VtArray<std::string> (prim attribute: omni:rtx:material:db:flattener:ior_constant)
2026-05-17T00:47:25Z [74,660ms] [Warning] [usdrt.population.plugin] [UsdNoticeHandler] Unhandled attribute type VtArray<std::string> (prim attribute: omni:rtx:material:db:flattener:transmittance_color)
2026-05-17T00:47:25Z [74,661ms] [Warning] [usdrt.population.plugin] [UsdNoticeHandler] Unhandled attribute type VtArray<std::string> (prim attribute: omni:rtx:material:db:flattener:transmittance_color)
2026-05-17T00:47:25Z [74,661ms] [Warning] [usdrt.population.plugin] [UsdNoticeHandler] Unhandled attribute type VtArray<std::string> (prim attribute: omni:rtx:material:db:flattener:ior_constant)
2026-05-17T00:47:25Z [74,661ms] [Warning] [usdrt.population.plugin] [UsdNoticeHandler] Unhandled attribute type VtArray<std::string> (prim attribute: omni:rtx:material:db:flattener:reflection_roughness_constant)
2026-05-17T00:47:25Z [74,661ms] [Warning] [usdrt.population.plugin] [UsdNoticeHandler] Unhandled attribute type VtArray<std::string> (prim attribute: omni:rtx:material:db:flattener:reflection_roughness_constant)
2026-05-17T00:47:25Z [74,661ms] [Warning] [usdrt.population.plugin] [UsdNoticeHandler] Unhandled attribute type VtArray<std::string> (prim attribute: omni:rtx:material:db:flattener:ior_constant)
2026-05-17T00:47:25Z [74,661ms] [Warning] [usdrt.population.plugin] [UsdNoticeHandler] Unhandled attribute type VtArray<std::string> (prim attribute: omni:rtx:material:db:flattener:ior_constant)
2026-05-17T00:47:25Z [74,661ms] [Warning] [usdrt.population.plugin] [UsdNoticeHandler] Unhandled attribute type VtArray<std::string> (prim attribute: omni:rtx:material:db:flattener:ior_constant)
2026-05-17T00:47:25Z [74,661ms] [Warning] [usdrt.population.plugin] [UsdNoticeHandler] Unhandled attribute type VtArray<std::string> (prim attribute: omni:rtx:material:db:flattener:reflection_roughness_constant)
2026-05-17T00:47:25Z [74,661ms] [Warning] [usdrt.population.plugin] [UsdNoticeHandler] Unhandled attribute type VtArray<std::string> (prim attribute: omni:rtx:material:db:flattener:transmittance_color)
2026-05-17T00:47:25Z [74,662ms] [Warning] [usdrt.population.plugin] [UsdNoticeHandler] Unhandled attribute type VtArray<std::string> (prim attribute: omni:rtx:material:db:flattener:ior_constant)
2026-05-17T00:47:25Z [74,662ms] [Warning] [usdrt.population.plugin] [UsdNoticeHandler] Unhandled attribute type VtArray<std::string> (prim attribute: omni:rtx:material:db:flattener:reflection_roughness_constant)
2026-05-17T00:47:25Z [74,663ms] [Warning] [usdrt.population.plugin] [UsdNoticeHandler] Unhandled attribute type VtArray<std::string> (prim attribute: omni:rtx:material:db:flattener:transmittance_color)
2026-05-17T00:47:25Z [74,663ms] [Warning] [usdrt.population.plugin] [UsdNoticeHandler] Unhandled attribute type VtArray<std::string> (prim attribute: omni:rtx:material:db:flattener:ior_constant)
2026-05-17T00:47:25Z [74,663ms] [Warning] [usdrt.population.plugin] [UsdNoticeHandler] Unhandled attribute type VtArray<std::string> (prim attribute: omni:rtx:material:db:flattener:ior_constant)
2026-05-17T00:47:25Z [74,663ms] [Warning] [usdrt.population.plugin] [UsdNoticeHandler] Unhandled attribute type VtArray<std::string> (prim attribute: omni:rtx:material:db:flattener:ior_constant)
2026-05-17T00:47:25Z [74,664ms] [Warning] [usdrt.population.plugin] [UsdNoticeHandler] Unhandled attribute type VtArray<std::string> (prim attribute: omni:rtx:material:db:flattener:reflection_roughness_constant)
2026-05-17T00:47:25Z [74,664ms] [Warning] [usdrt.population.plugin] [UsdNoticeHandler] Unhandled attribute type VtArray<std::string> (prim attribute: omni:rtx:material:db:flattener:transmittance_color)
2026-05-17T00:47:25Z [74,664ms] [Warning] [usdrt.population.plugin] [UsdNoticeHandler] Unhandled attribute type VtArray<std::string> (prim attribute: omni:rtx:material:db:flattener:transmittance_color)
2026-05-17T00:47:25Z [74,665ms] [Warning] [usdrt.population.plugin] [UsdNoticeHandler] Unhandled attribute type VtArray<std::string> (prim attribute: omni:rtx:material:db:flattener:reflection_roughness_constant)
2026-05-17T00:47:25Z [74,665ms] [Warning] [usdrt.population.plugin] [UsdNoticeHandler] Unhandled attribute type VtArray<std::string> (prim attribute: omni:rtx:material:db:flattener:transmittance_color)
2026-05-17T00:47:25Z [74,666ms] [Warning] [usdrt.population.plugin] [UsdNoticeHandler] Unhandled attribute type VtArray<std::string> (prim attribute: omni:rtx:material:db:flattener:transmittance_color)
2026-05-17T00:47:25Z [74,667ms] [Warning] [usdrt.population.plugin] [UsdNoticeHandler] Unhandled attribute type VtArray<std::string> (prim attribute: omni:rtx:material:db:flattener:transmittance_color)
2026-05-17T00:47:25Z [74,668ms] [Warning] [usdrt.population.plugin] [UsdNoticeHandler] Unhandled attribute type VtArray<std::string> (prim attribute: omni:rtx:material:db:flattener:ior_constant)
2026-05-17T00:47:25Z [74,668ms] [Warning] [usdrt.population.plugin] [UsdNoticeHandler] Unhandled attribute type VtArray<std::string> (prim attribute: omni:rtx:material:db:flattener:ior_constant)
2026-05-17T00:47:25Z [74,668ms] [Warning] [usdrt.population.plugin] [UsdNoticeHandler] Unhandled attribute type VtArray<std::string> (prim attribute: omni:rtx:material:db:flattener:transmittance_color)
2026-05-17T00:47:25Z [74,668ms] [Warning] [usdrt.population.plugin] [UsdNoticeHandler] Unhandled attribute type VtArray<std::string> (prim attribute: omni:rtx:material:db:flattener:reflection_roughness_constant)
2026-05-17T00:47:25Z [74,668ms] [Warning] [usdrt.population.plugin] [UsdNoticeHandler] Unhandled attribute type VtArray<std::string> (prim attribute: omni:rtx:material:db:flattener:transmittance_color)
2026-05-17T00:47:25Z [74,669ms] [Warning] [usdrt.population.plugin] [UsdNoticeHandler] Unhandled attribute type VtArray<std::string> (prim attribute: omni:rtx:material:db:flattener:ior_constant)
2026-05-17T00:47:25Z [74,669ms] [Warning] [usdrt.population.plugin] [UsdNoticeHandler] Unhandled attribute type VtArray<std::string> (prim attribute: omni:rtx:material:db:flattener:transmittance_color)
2026-05-17T00:47:25Z [74,670ms] [Warning] [usdrt.population.plugin] [UsdNoticeHandler] Unhandled attribute type VtArray<std::string> (prim attribute: omni:rtx:material:db:flattener:reflection_roughness_constant)
2026-05-17T00:47:25Z [74,670ms] [Warning] [usdrt.population.plugin] [UsdNoticeHandler] Unhandled attribute type VtArray<std::string> (prim attribute: omni:rtx:material:db:flattener:reflection_roughness_constant)
2026-05-17T00:47:25Z [74,670ms] [Warning] [usdrt.population.plugin] [UsdNoticeHandler] Unhandled attribute type VtArray<std::string> (prim attribute: omni:rtx:material:db:flattener:ior_constant)
2026-05-17T00:47:25Z [74,670ms] [Warning] [usdrt.population.plugin] [UsdNoticeHandler] Unhandled attribute type VtArray<std::string> (prim attribute: omni:rtx:material:db:flattener:reflection_roughness_constant)
2026-05-17T00:47:25Z [74,670ms] [Warning] [usdrt.population.plugin] [UsdNoticeHandler] Unhandled attribute type VtArray<std::string> (prim attribute: omni:rtx:material:db:flattener:reflection_roughness_constant)
2026-05-17T00:47:25Z [74,670ms] [Warning] [usdrt.population.plugin] [UsdNoticeHandler] Unhandled attribute type VtArray<std::string> (prim attribute: omni:rtx:material:db:flattener:transmittance_color)
2026-05-17T00:47:25Z [74,670ms] [Warning] [usdrt.population.plugin] [UsdNoticeHandler] Unhandled attribute type VtArray<std::string> (prim attribute: omni:rtx:material:db:flattener:ior_constant)
2026-05-17T00:47:25Z [74,670ms] [Warning] [usdrt.population.plugin] [UsdNoticeHandler] Unhandled attribute type VtArray<std::string> (prim attribute: omni:rtx:material:db:flattener:reflection_roughness_constant)
2026-05-17T00:47:25Z [74,672ms] [Warning] [usdrt.population.plugin] [UsdNoticeHandler] Unhandled attribute type VtArray<std::string> (prim attribute: omni:rtx:material:db:flattener:ior_constant)
2026-05-17T00:47:25Z [74,672ms] [Warning] [usdrt.population.plugin] [UsdNoticeHandler] Unhandled attribute type VtArray<std::string> (prim attribute: omni:rtx:material:db:flattener:transmittance_color)
2026-05-17T00:47:25Z [74,672ms] [Warning] [usdrt.population.plugin] [UsdNoticeHandler] Unhandled attribute type VtArray<std::string> (prim attribute: omni:rtx:material:db:flattener:transmittance_color)
2026-05-17T00:47:25Z [74,672ms] [Warning] [usdrt.population.plugin] [UsdNoticeHandler] Unhandled attribute type VtArray<std::string> (prim attribute: omni:rtx:material:db:flattener:reflection_roughness_constant)
2026-05-17T00:47:25Z [74,673ms] [Warning] [usdrt.population.plugin] [UsdNoticeHandler] Unhandled attribute type VtArray<std::string> (prim attribute: omni:rtx:material:db:flattener:ior_constant)
2026-05-17T00:47:25Z [74,674ms] [Warning] [usdrt.population.plugin] [UsdNoticeHandler] Unhandled attribute type VtArray<std::string> (prim attribute: omni:rtx:material:db:flattener:reflection_roughness_constant)
2026-05-17T00:47:25Z [74,674ms] [Warning] [usdrt.population.plugin] [UsdNoticeHandler] Unhandled attribute type VtArray<std::string> (prim attribute: omni:rtx:material:db:flattener:reflection_roughness_constant)
2026-05-17T00:47:25Z [74,674ms] [Warning] [usdrt.population.plugin] [UsdNoticeHandler] Unhandled attribute type VtArray<std::string> (prim attribute: omni:rtx:material:db:flattener:transmittance_color)
2026-05-17T00:47:25Z [74,674ms] [Warning] [usdrt.population.plugin] [UsdNoticeHandler] Unhandled attribute type VtArray<std::string> (prim attribute: omni:rtx:material:db:flattener:transmittance_color)
2026-05-17T00:47:48Z [97,446ms] [Warning] [carb] Client omni.sensors.nv.materials.core_material has acquired [omni::sensors::materials::IMaterialReaderFactory v0.1] 100 times. Consider accessing this interface with carb::getCachedInterface() (Performance warning)
2026-05-17T00:47:50Z [100,018ms] [Warning] [omni.timeline.plugin] Deprecated: direct use of ITimeline callbacks is deprecated. Use ITimeline::getTimeline (Python: omni.timeline.get_timeline_interface) instead.
2026-05-17T00:47:53Z [102,795ms] [Warning] [carb] Client gpu.foundation.plugin has acquired [gpu::unstable::IMemoryBudgetManagerFactory v0.1] 100 times. Consider accessing this interface with carb::getCachedInterface() (Performance warning)
2026-05-17T01:40:08Z [3,237,392ms] [Warning] [carb] Plugin interface for a client: omni.hydratexture.plugin was already released.
[3237.612s] Simulation App Shutting Down
